2022-01-28 09:04:50.136 [SpringContextShutdownHook] INFO  o.s.scheduling.concurrent.ThreadPoolTaskExecutor - Shutting down ExecutorService 'applicationTaskExecutor'
2022-01-28 09:04:50.342 [SpringContextShutdownHook] INFO  com.zaxxer.hikari.HikariDataSource - HikariPool-1 - Shutdown initiated...
2022-01-28 09:04:50.356 [SpringContextShutdownHook] INFO  com.zaxxer.hikari.HikariDataSource - HikariPool-1 - Shutdown completed.
2022-01-28 09:04:53.707 [main] INFO  com.redskt.classroom.RedClassApplication - Starting RedClassApplication on tanyuehongs-mbp with PID 10592 (/Users/zyb/Documents/redcloudcollege/service/service_redclass/target/classes started by zyb in /Users/zyb/Documents/redcloudcollege)
2022-01-28 09:04:53.710 [main] INFO  com.redskt.classroom.RedClassApplication - The following profiles are active: dev
2022-01-28 09:04:54.869 [main] INFO  o.s.d.r.config.RepositoryConfigurationDelegate - Multiple Spring Data modules found, entering strict repository configuration mode!
2022-01-28 09:04:54.872 [main] INFO  o.s.d.r.config.RepositoryConfigurationDelegate - Bootstrapping Spring Data repositories in DEFAULT mode.
2022-01-28 09:04:54.917 [main] INFO  o.s.d.r.config.RepositoryConfigurationDelegate - Finished Spring Data repository scanning in 26ms. Found 0 repository interfaces.
2022-01-28 09:04:55.247 [main] INFO  o.s.c.s.PostProcessorRegistrationDelegate$BeanPostProcessorChecker - Bean 'redisConfig' of type [com.redskt.servicebase.RedisConfig$$EnhancerBySpringCGLIB$$e771065e] is not eligible for getting processed by all BeanPostProcessors (for example: not eligible for auto-proxying)
2022-01-28 09:04:55.252 [main] INFO  o.s.c.s.PostProcessorRegistrationDelegate$BeanPostProcessorChecker - Bean 'org.springframework.transaction.annotation.ProxyTransactionManagementConfiguration' of type [org.springframework.transaction.annotation.ProxyTransactionManagementConfiguration] is not eligible for getting processed by all BeanPostProcessors (for example: not eligible for auto-proxying)
2022-01-28 09:04:55.544 [main] INFO  o.s.boot.web.embedded.tomcat.TomcatWebServer - Tomcat initialized with port(s): 8001 (http)
2022-01-28 09:04:55.553 [main] INFO  org.apache.coyote.http11.Http11NioProtocol - Initializing ProtocolHandler ["http-nio-8001"]
2022-01-28 09:04:55.554 [main] INFO  org.apache.catalina.core.StandardService - Starting service [Tomcat]
2022-01-28 09:04:55.554 [main] INFO  org.apache.catalina.core.StandardEngine - Starting Servlet engine: [Apache Tomcat/9.0.27]
2022-01-28 09:04:55.640 [main] INFO  o.a.c.core.ContainerBase.[Tomcat].[localhost].[/] - Initializing Spring embedded WebApplicationContext
2022-01-28 09:04:55.640 [main] INFO  org.springframework.web.context.ContextLoader - Root WebApplicationContext: initialization completed in 1890 ms
2022-01-28 09:04:55.834 [main] INFO  com.zaxxer.hikari.HikariDataSource - HikariPool-1 - Starting...
2022-01-28 09:04:57.147 [main] INFO  com.zaxxer.hikari.HikariDataSource - HikariPool-1 - Start completed.
2022-01-28 09:04:58.521 [main] INFO  s.d.s.w.PropertySourcedRequestMappingHandlerMapping - Mapped URL path [/v2/api-docs] onto method [springfox.documentation.swagger2.web.Swagger2Controller#getDocumentation(String, HttpServletRequest)]
2022-01-28 09:04:58.630 [main] INFO  o.s.scheduling.concurrent.ThreadPoolTaskExecutor - Initializing ExecutorService 'applicationTaskExecutor'
2022-01-28 09:04:58.993 [main] INFO  o.s.security.web.DefaultSecurityFilterChain - Creating filter chain: Ant [pattern='/home/**'], []
2022-01-28 09:04:58.993 [main] INFO  o.s.security.web.DefaultSecurityFilterChain - Creating filter chain: Ant [pattern='/swagger-resources/**'], []
2022-01-28 09:04:58.994 [main] INFO  o.s.security.web.DefaultSecurityFilterChain - Creating filter chain: Ant [pattern='/webjars/**'], []
2022-01-28 09:04:58.994 [main] INFO  o.s.security.web.DefaultSecurityFilterChain - Creating filter chain: Ant [pattern='/v2/**'], []
2022-01-28 09:04:58.994 [main] INFO  o.s.security.web.DefaultSecurityFilterChain - Creating filter chain: Ant [pattern='/swagger-ui.html/**'], []
2022-01-28 09:04:58.995 [main] INFO  o.s.security.web.DefaultSecurityFilterChain - Creating filter chain: Ant [pattern='/home/**'], []
2022-01-28 09:04:58.995 [main] INFO  o.s.security.web.DefaultSecurityFilterChain - Creating filter chain: Ant [pattern='/swagger-resources/**'], []
2022-01-28 09:04:58.995 [main] INFO  o.s.security.web.DefaultSecurityFilterChain - Creating filter chain: Ant [pattern='/webjars/**'], []
2022-01-28 09:04:58.995 [main] INFO  o.s.security.web.DefaultSecurityFilterChain - Creating filter chain: Ant [pattern='/v2/**'], []
2022-01-28 09:04:58.995 [main] INFO  o.s.security.web.DefaultSecurityFilterChain - Creating filter chain: Ant [pattern='/swagger-ui.html/**'], []
2022-01-28 09:04:59.027 [main] INFO  o.s.security.web.DefaultSecurityFilterChain - Creating filter chain: Ant [pattern='/admin/**'], [org.springframework.security.web.context.request.async.WebAsyncManagerIntegrationFilter@4d770bcd, org.springframework.security.web.context.SecurityContextPersistenceFilter@20723ee, org.springframework.security.web.header.HeaderWriterFilter@3ca3eba2, org.springframework.security.web.authentication.logout.LogoutFilter@6fd97fd1, com.redskt.security.filter.TokenLoginFilter@fe156f4, com.redskt.security.filter.TokenAuthenticationFilter@79b4cff, org.springframework.security.web.authentication.www.BasicAuthenticationFilter@3a4cb483, org.springframework.security.web.savedrequest.RequestCacheAwareFilter@5bb39285, org.springframework.security.web.servletapi.SecurityContextHolderAwareRequestFilter@6ca367aa, org.springframework.security.web.authentication.AnonymousAuthenticationFilter@58ac0823, org.springframework.security.web.session.SessionManagementFilter@22f046b, org.springframework.security.web.access.ExceptionTranslationFilter@69d902f9, org.springframework.security.web.access.intercept.FilterSecurityInterceptor@bb21063]
2022-01-28 09:04:59.030 [main] INFO  o.s.security.web.DefaultSecurityFilterChain - Creating filter chain: any request, [org.springframework.security.web.context.request.async.WebAsyncManagerIntegrationFilter@72646d16, org.springframework.security.web.context.SecurityContextPersistenceFilter@5d94ac8a, org.springframework.security.web.header.HeaderWriterFilter@42ef5216, org.springframework.security.web.authentication.logout.LogoutFilter@2bc8caa7, com.redskt.security.filter.TokenLoginFilter@6ec2d990, com.redskt.security.filter.TokenAuthenticationFilter@1cfa7ee0, org.springframework.security.web.authentication.www.BasicAuthenticationFilter@3ac406d4, org.springframework.security.web.savedrequest.RequestCacheAwareFilter@288b73c1, org.springframework.security.web.servletapi.SecurityContextHolderAwareRequestFilter@104cfb24, org.springframework.security.web.authentication.AnonymousAuthenticationFilter@612290d, org.springframework.security.web.session.SessionManagementFilter@3180aee, org.springframework.security.web.access.ExceptionTranslationFilter@35d81657, org.springframework.security.web.access.intercept.FilterSecurityInterceptor@174cb0d8]
2022-01-28 09:04:59.090 [main] INFO  s.d.s.web.plugins.DocumentationPluginsBootstrapper - Context refreshed
2022-01-28 09:04:59.107 [main] INFO  s.d.s.web.plugins.DocumentationPluginsBootstrapper - Found 1 custom documentation plugin(s)
2022-01-28 09:04:59.143 [main] INFO  s.d.spring.web.scanners.ApiListingReferenceScanner - Scanning for api listing references
2022-01-28 09:04:59.330 [main] INFO  s.d.s.w.r.operation.CachingOperationNameGenerator - Generating unique operation named: registerUserUsingPOST_1
2022-01-28 09:04:59.334 [main] INFO  s.d.s.w.r.operation.CachingOperationNameGenerator - Generating unique operation named: indexUsingGET_1
2022-01-28 09:04:59.337 [main] INFO  s.d.s.w.r.operation.CachingOperationNameGenerator - Generating unique operation named: indexUsingGET_2
2022-01-28 09:04:59.365 [main] INFO  s.d.s.w.r.operation.CachingOperationNameGenerator - Generating unique operation named: registerUserUsingPOST_2
2022-01-28 09:04:59.367 [main] INFO  s.d.s.w.r.operation.CachingOperationNameGenerator - Generating unique operation named: indexUsingGET_3
2022-01-28 09:04:59.369 [main] INFO  s.d.s.w.r.operation.CachingOperationNameGenerator - Generating unique operation named: getBookDetailUsingGET_1
2022-01-28 09:04:59.402 [main] INFO  org.apache.coyote.http11.Http11NioProtocol - Starting ProtocolHandler ["http-nio-8001"]
2022-01-28 09:04:59.434 [main] INFO  o.s.boot.web.embedded.tomcat.TomcatWebServer - Tomcat started on port(s): 8001 (http) with context path ''
2022-01-28 09:04:59.437 [main] INFO  com.redskt.classroom.RedClassApplication - Started RedClassApplication in 6.156 seconds (JVM running for 6.842)
2022-01-28 09:05:29.917 [http-nio-8001-exec-2] INFO  o.a.c.core.ContainerBase.[Tomcat].[localhost].[/] - Initializing Spring DispatcherServlet 'dispatcherServlet'
2022-01-28 09:05:29.918 [http-nio-8001-exec-2] INFO  org.springframework.web.servlet.DispatcherServlet - Initializing Servlet 'dispatcherServlet'
2022-01-28 09:05:29.926 [http-nio-8001-exec-2] INFO  org.springframework.web.servlet.DispatcherServlet - Completed initialization in 8 ms
2022-01-28 09:05:29.944 [http-nio-8001-exec-2] INFO  c.redskt.security.filter.TokenAuthenticationFilter - =================/eduask/uploadqiniutoken
2022-01-28 09:05:29.944 [http-nio-8001-exec-2] INFO  c.redskt.security.filter.TokenAuthenticationFilter - =================11
2022-01-28 09:05:29.944 [http-nio-8001-exec-2] INFO  c.redskt.security.filter.TokenAuthenticationFilter - =================12eyJhbGciOiJIUzUxMiIsInppcCI6IkdaSVAifQ.H4sIAAAAAAAAAKtWKi5NUrJSMjQzMzI2NDcwtDBX0lFKrShQsjI0MzE2NjayMDKtBQCvUpbhJgAAAA.6Z9cKMxNbHzPi7kO_IS-NTEgeRbzQqJTCyvXeRqQMeMIo4Xjm2Mb-Mb2M8BOMXfoB3FpW3q7TW7CS94VU2kxKQ
2022-01-28 09:05:30.169 [http-nio-8001-exec-2] INFO  io.lettuce.core.EpollProvider - Starting without optional epoll library
2022-01-28 09:05:30.171 [http-nio-8001-exec-2] INFO  io.lettuce.core.KqueueProvider - Starting without optional kqueue library
2022-01-28 09:05:30.444 [http-nio-8001-exec-2] INFO  c.redskt.security.filter.TokenAuthenticationFilter - =================3
2022-01-28 09:05:30.445 [http-nio-8001-exec-2] INFO  c.redskt.security.filter.TokenAuthenticationFilter - =================6
2022-01-28 09:05:30.445 [http-nio-8001-exec-2] INFO  c.redskt.security.filter.TokenAuthenticationFilter - =================8
2022-01-28 09:08:08.234 [http-nio-8001-exec-4] INFO  c.redskt.security.filter.TokenAuthenticationFilter - =================/eduask/uploadqiniutoken
2022-01-28 09:08:08.234 [http-nio-8001-exec-4] INFO  c.redskt.security.filter.TokenAuthenticationFilter - =================11
2022-01-28 09:08:08.234 [http-nio-8001-exec-4] INFO  c.redskt.security.filter.TokenAuthenticationFilter - =================12eyJhbGciOiJIUzUxMiIsInppcCI6IkdaSVAifQ.H4sIAAAAAAAAAKtWKi5NUrJSMjQzMzI2NDcwtDBX0lFKrShQsjI0MzE2NjayMDKtBQCvUpbhJgAAAA.6Z9cKMxNbHzPi7kO_IS-NTEgeRbzQqJTCyvXeRqQMeMIo4Xjm2Mb-Mb2M8BOMXfoB3FpW3q7TW7CS94VU2kxKQ
2022-01-28 09:08:08.289 [http-nio-8001-exec-4] INFO  c.redskt.security.filter.TokenAuthenticationFilter - =================3
2022-01-28 09:08:08.289 [http-nio-8001-exec-4] INFO  c.redskt.security.filter.TokenAuthenticationFilter - =================6
2022-01-28 09:08:08.290 [http-nio-8001-exec-4] INFO  c.redskt.security.filter.TokenAuthenticationFilter - =================8
2022-01-28 09:09:24.229 [http-nio-8001-exec-6] INFO  c.redskt.security.filter.TokenAuthenticationFilter - =================/eduask/uploadqiniutoken
2022-01-28 09:09:24.229 [http-nio-8001-exec-6] INFO  c.redskt.security.filter.TokenAuthenticationFilter - =================11
2022-01-28 09:09:24.229 [http-nio-8001-exec-6] INFO  c.redskt.security.filter.TokenAuthenticationFilter - =================12eyJhbGciOiJIUzUxMiIsInppcCI6IkdaSVAifQ.H4sIAAAAAAAAAKtWKi5NUrJSMjQzMzI2NDcwtDBX0lFKrShQsjI0MzE2NjayMDKtBQCvUpbhJgAAAA.6Z9cKMxNbHzPi7kO_IS-NTEgeRbzQqJTCyvXeRqQMeMIo4Xjm2Mb-Mb2M8BOMXfoB3FpW3q7TW7CS94VU2kxKQ
2022-01-28 09:09:24.284 [http-nio-8001-exec-6] INFO  c.redskt.security.filter.TokenAuthenticationFilter - =================3
2022-01-28 09:09:24.285 [http-nio-8001-exec-6] INFO  c.redskt.security.filter.TokenAuthenticationFilter - =================6
2022-01-28 09:09:24.285 [http-nio-8001-exec-6] INFO  c.redskt.security.filter.TokenAuthenticationFilter - =================8
2022-01-28 09:12:09.955 [http-nio-8001-exec-8] INFO  c.redskt.security.filter.TokenAuthenticationFilter - =================/eduask/uploadqiniutoken
2022-01-28 09:12:09.955 [http-nio-8001-exec-8] INFO  c.redskt.security.filter.TokenAuthenticationFilter - =================11
2022-01-28 09:12:09.956 [http-nio-8001-exec-8] INFO  c.redskt.security.filter.TokenAuthenticationFilter - =================12eyJhbGciOiJIUzUxMiIsInppcCI6IkdaSVAifQ.H4sIAAAAAAAAAKtWKi5NUrJSMjQzMzI2NDcwtDBX0lFKrShQsjI0MzE2NjayMDKtBQCvUpbhJgAAAA.6Z9cKMxNbHzPi7kO_IS-NTEgeRbzQqJTCyvXeRqQMeMIo4Xjm2Mb-Mb2M8BOMXfoB3FpW3q7TW7CS94VU2kxKQ
2022-01-28 09:12:10.026 [http-nio-8001-exec-8] INFO  c.redskt.security.filter.TokenAuthenticationFilter - =================3
2022-01-28 09:12:10.026 [http-nio-8001-exec-8] INFO  c.redskt.security.filter.TokenAuthenticationFilter - =================6
2022-01-28 09:12:10.026 [http-nio-8001-exec-8] INFO  c.redskt.security.filter.TokenAuthenticationFilter - =================8
2022-01-28 09:29:33.385 [http-nio-8001-exec-6] INFO  c.redskt.security.filter.TokenAuthenticationFilter - =================/eduask/uploadqiniutoken
2022-01-28 09:29:33.385 [http-nio-8001-exec-6] INFO  c.redskt.security.filter.TokenAuthenticationFilter - =================11
2022-01-28 09:29:33.386 [http-nio-8001-exec-6] INFO  c.redskt.security.filter.TokenAuthenticationFilter - =================12eyJhbGciOiJIUzUxMiIsInppcCI6IkdaSVAifQ.H4sIAAAAAAAAAKtWKi5NUrJSMjQzMzI2NDcwtDBX0lFKrShQsjI0MzE2NjayMDKtBQCvUpbhJgAAAA.6Z9cKMxNbHzPi7kO_IS-NTEgeRbzQqJTCyvXeRqQMeMIo4Xjm2Mb-Mb2M8BOMXfoB3FpW3q7TW7CS94VU2kxKQ
2022-01-28 09:29:33.400 [http-nio-8001-exec-6] INFO  c.redskt.security.filter.TokenAuthenticationFilter - =================7
2022-01-28 09:30:09.922 [lettuce-eventExecutorLoop-1-1] INFO  io.lettuce.core.protocol.ConnectionWatchdog - Reconnecting, last destination was /121.43.146.70:6379
2022-01-28 09:30:09.985 [lettuce-nioEventLoop-4-2] INFO  io.lettuce.core.protocol.ReconnectionHandler - Reconnected to 121.43.146.70:6379
2022-01-28 09:30:13.742 [SpringContextShutdownHook] INFO  o.s.scheduling.concurrent.ThreadPoolTaskExecutor - Shutting down ExecutorService 'applicationTaskExecutor'
2022-01-28 09:30:13.869 [SpringContextShutdownHook] INFO  com.zaxxer.hikari.HikariDataSource - HikariPool-1 - Shutdown initiated...
2022-01-28 09:30:13.874 [SpringContextShutdownHook] INFO  com.zaxxer.hikari.HikariDataSource - HikariPool-1 - Shutdown completed.
2022-01-28 09:30:16.562 [main] INFO  com.redskt.classroom.RedClassApplication - Starting RedClassApplication on tanyuehongs-mbp with PID 10996 (/Users/zyb/Documents/redcloudcollege/service/service_redclass/target/classes started by zyb in /Users/zyb/Documents/redcloudcollege)
2022-01-28 09:30:16.564 [main] INFO  com.redskt.classroom.RedClassApplication - The following profiles are active: dev
2022-01-28 09:30:17.518 [main] INFO  o.s.d.r.config.RepositoryConfigurationDelegate - Multiple Spring Data modules found, entering strict repository configuration mode!
2022-01-28 09:30:17.520 [main] INFO  o.s.d.r.config.RepositoryConfigurationDelegate - Bootstrapping Spring Data repositories in DEFAULT mode.
2022-01-28 09:30:17.548 [main] INFO  o.s.d.r.config.RepositoryConfigurationDelegate - Finished Spring Data repository scanning in 13ms. Found 0 repository interfaces.
2022-01-28 09:30:17.766 [main] INFO  o.s.c.s.PostProcessorRegistrationDelegate$BeanPostProcessorChecker - Bean 'redisConfig' of type [com.redskt.servicebase.RedisConfig$$EnhancerBySpringCGLIB$$1e5dfa3a] is not eligible for getting processed by all BeanPostProcessors (for example: not eligible for auto-proxying)
2022-01-28 09:30:17.772 [main] INFO  o.s.c.s.PostProcessorRegistrationDelegate$BeanPostProcessorChecker - Bean 'org.springframework.transaction.annotation.ProxyTransactionManagementConfiguration' of type [org.springframework.transaction.annotation.ProxyTransactionManagementConfiguration] is not eligible for getting processed by all BeanPostProcessors (for example: not eligible for auto-proxying)
2022-01-28 09:30:17.986 [main] INFO  o.s.boot.web.embedded.tomcat.TomcatWebServer - Tomcat initialized with port(s): 8001 (http)
2022-01-28 09:30:17.994 [main] INFO  org.apache.coyote.http11.Http11NioProtocol - Initializing ProtocolHandler ["http-nio-8001"]
2022-01-28 09:30:17.995 [main] INFO  org.apache.catalina.core.StandardService - Starting service [Tomcat]
2022-01-28 09:30:17.995 [main] INFO  org.apache.catalina.core.StandardEngine - Starting Servlet engine: [Apache Tomcat/9.0.27]
2022-01-28 09:30:18.063 [main] INFO  o.a.c.core.ContainerBase.[Tomcat].[localhost].[/] - Initializing Spring embedded WebApplicationContext
2022-01-28 09:30:18.064 [main] INFO  org.springframework.web.context.ContextLoader - Root WebApplicationContext: initialization completed in 1469 ms
2022-01-28 09:30:18.212 [main] INFO  com.zaxxer.hikari.HikariDataSource - HikariPool-1 - Starting...
2022-01-28 09:30:19.235 [main] INFO  com.zaxxer.hikari.HikariDataSource - HikariPool-1 - Start completed.
2022-01-28 09:30:20.345 [main] INFO  s.d.s.w.PropertySourcedRequestMappingHandlerMapping - Mapped URL path [/v2/api-docs] onto method [springfox.documentation.swagger2.web.Swagger2Controller#getDocumentation(String, HttpServletRequest)]
2022-01-28 09:30:20.439 [main] INFO  o.s.scheduling.concurrent.ThreadPoolTaskExecutor - Initializing ExecutorService 'applicationTaskExecutor'
2022-01-28 09:30:20.736 [main] INFO  o.s.security.web.DefaultSecurityFilterChain - Creating filter chain: Ant [pattern='/home/**'], []
2022-01-28 09:30:20.736 [main] INFO  o.s.security.web.DefaultSecurityFilterChain - Creating filter chain: Ant [pattern='/swagger-resources/**'], []
2022-01-28 09:30:20.736 [main] INFO  o.s.security.web.DefaultSecurityFilterChain - Creating filter chain: Ant [pattern='/webjars/**'], []
2022-01-28 09:30:20.736 [main] INFO  o.s.security.web.DefaultSecurityFilterChain - Creating filter chain: Ant [pattern='/v2/**'], []
2022-01-28 09:30:20.736 [main] INFO  o.s.security.web.DefaultSecurityFilterChain - Creating filter chain: Ant [pattern='/swagger-ui.html/**'], []
2022-01-28 09:30:20.737 [main] INFO  o.s.security.web.DefaultSecurityFilterChain - Creating filter chain: Ant [pattern='/home/**'], []
2022-01-28 09:30:20.737 [main] INFO  o.s.security.web.DefaultSecurityFilterChain - Creating filter chain: Ant [pattern='/swagger-resources/**'], []
2022-01-28 09:30:20.737 [main] INFO  o.s.security.web.DefaultSecurityFilterChain - Creating filter chain: Ant [pattern='/webjars/**'], []
2022-01-28 09:30:20.737 [main] INFO  o.s.security.web.DefaultSecurityFilterChain - Creating filter chain: Ant [pattern='/v2/**'], []
2022-01-28 09:30:20.737 [main] INFO  o.s.security.web.DefaultSecurityFilterChain - Creating filter chain: Ant [pattern='/swagger-ui.html/**'], []
2022-01-28 09:30:20.760 [main] INFO  o.s.security.web.DefaultSecurityFilterChain - Creating filter chain: Ant [pattern='/admin/**'], [org.springframework.security.web.context.request.async.WebAsyncManagerIntegrationFilter@341964d0, org.springframework.security.web.context.SecurityContextPersistenceFilter@180f33b2, org.springframework.security.web.header.HeaderWriterFilter@12c78f36, org.springframework.security.web.authentication.logout.LogoutFilter@470f0637, com.redskt.security.filter.TokenLoginFilter@51b59d58, com.redskt.security.filter.TokenAuthenticationFilter@4ca4f762, org.springframework.security.web.authentication.www.BasicAuthenticationFilter@15c4b1a4, org.springframework.security.web.savedrequest.RequestCacheAwareFilter@48c3a0ef, org.springframework.security.web.servletapi.SecurityContextHolderAwareRequestFilter@48f4264e, org.springframework.security.web.authentication.AnonymousAuthenticationFilter@7c5d36c3, org.springframework.security.web.session.SessionManagementFilter@129c760d, org.springframework.security.web.access.ExceptionTranslationFilter@18be3205, org.springframework.security.web.access.intercept.FilterSecurityInterceptor@7736c41e]
2022-01-28 09:30:20.762 [main] INFO  o.s.security.web.DefaultSecurityFilterChain - Creating filter chain: any request, [org.springframework.security.web.context.request.async.WebAsyncManagerIntegrationFilter@6e90cec8, org.springframework.security.web.context.SecurityContextPersistenceFilter@7b10472e, org.springframework.security.web.header.HeaderWriterFilter@e4ef4c0, org.springframework.security.web.authentication.logout.LogoutFilter@69fd99c1, com.redskt.security.filter.TokenLoginFilter@13f182b9, com.redskt.security.filter.TokenAuthenticationFilter@5ee0cf64, org.springframework.security.web.authentication.www.BasicAuthenticationFilter@10e4ee33, org.springframework.security.web.savedrequest.RequestCacheAwareFilter@70e5737f, org.springframework.security.web.servletapi.SecurityContextHolderAwareRequestFilter@9746157, org.springframework.security.web.authentication.AnonymousAuthenticationFilter@69c227fd, org.springframework.security.web.session.SessionManagementFilter@5ca8bd01, org.springframework.security.web.access.ExceptionTranslationFilter@20556566, org.springframework.security.web.access.intercept.FilterSecurityInterceptor@61c58320]
2022-01-28 09:30:20.801 [main] INFO  s.d.s.web.plugins.DocumentationPluginsBootstrapper - Context refreshed
2022-01-28 09:30:20.811 [main] INFO  s.d.s.web.plugins.DocumentationPluginsBootstrapper - Found 1 custom documentation plugin(s)
2022-01-28 09:30:20.832 [main] INFO  s.d.spring.web.scanners.ApiListingReferenceScanner - Scanning for api listing references
2022-01-28 09:30:20.925 [main] INFO  s.d.s.w.r.operation.CachingOperationNameGenerator - Generating unique operation named: registerUserUsingPOST_1
2022-01-28 09:30:20.927 [main] INFO  s.d.s.w.r.operation.CachingOperationNameGenerator - Generating unique operation named: indexUsingGET_1
2022-01-28 09:30:20.929 [main] INFO  s.d.s.w.r.operation.CachingOperationNameGenerator - Generating unique operation named: indexUsingGET_2
2022-01-28 09:30:20.948 [main] INFO  s.d.s.w.r.operation.CachingOperationNameGenerator - Generating unique operation named: registerUserUsingPOST_2
2022-01-28 09:30:20.950 [main] INFO  s.d.s.w.r.operation.CachingOperationNameGenerator - Generating unique operation named: indexUsingGET_3
2022-01-28 09:30:20.952 [main] INFO  s.d.s.w.r.operation.CachingOperationNameGenerator - Generating unique operation named: getBookDetailUsingGET_1
2022-01-28 09:30:20.977 [main] INFO  org.apache.coyote.http11.Http11NioProtocol - Starting ProtocolHandler ["http-nio-8001"]
2022-01-28 09:30:21.000 [main] INFO  o.s.boot.web.embedded.tomcat.TomcatWebServer - Tomcat started on port(s): 8001 (http) with context path ''
2022-01-28 09:30:21.003 [main] INFO  com.redskt.classroom.RedClassApplication - Started RedClassApplication in 4.759 seconds (JVM running for 5.329)
2022-01-28 09:30:27.385 [http-nio-8001-exec-1] INFO  o.a.c.core.ContainerBase.[Tomcat].[localhost].[/] - Initializing Spring DispatcherServlet 'dispatcherServlet'
2022-01-28 09:30:27.386 [http-nio-8001-exec-1] INFO  org.springframework.web.servlet.DispatcherServlet - Initializing Servlet 'dispatcherServlet'
2022-01-28 09:30:27.393 [http-nio-8001-exec-1] INFO  org.springframework.web.servlet.DispatcherServlet - Completed initialization in 6 ms
2022-01-28 09:30:27.789 [http-nio-8001-exec-1] INFO  io.lettuce.core.EpollProvider - Starting without optional epoll library
2022-01-28 09:30:27.790 [http-nio-8001-exec-1] INFO  io.lettuce.core.KqueueProvider - Starting without optional kqueue library
2022-01-28 09:30:28.068 [http-nio-8001-exec-2] INFO  c.redskt.security.filter.TokenAuthenticationFilter - =================/ucenter/getUserInfo
2022-01-28 09:30:28.068 [http-nio-8001-exec-2] INFO  c.redskt.security.filter.TokenAuthenticationFilter - =================11
2022-01-28 09:30:28.068 [http-nio-8001-exec-2] INFO  c.redskt.security.filter.TokenAuthenticationFilter - =================12eyJhbGciOiJIUzUxMiIsInppcCI6IkdaSVAifQ.H4sIAAAAAAAAAKtWKi5NUrJSMjQzMzI2NDcwtDBX0lFKrShQsjI0MzE2MbS0MDKvBQC5nh8sJgAAAA.t_vvI0CzWPyOCO8oTDqG2acbNbXtagePU0XtnnIFVadRFjmTFG6fjlCS2edqe7oBTfTQGWnGtTaOr7GpwQTd5Q
2022-01-28 09:30:28.132 [http-nio-8001-exec-2] INFO  c.redskt.security.filter.TokenAuthenticationFilter - =================3
2022-01-28 09:30:28.132 [http-nio-8001-exec-2] INFO  c.redskt.security.filter.TokenAuthenticationFilter - =================6
2022-01-28 09:30:28.133 [http-nio-8001-exec-2] INFO  c.redskt.security.filter.TokenAuthenticationFilter - =================8
2022-01-28 09:30:28.438 [http-nio-8001-exec-4] INFO  c.redskt.security.filter.TokenAuthenticationFilter - =================/eduask/uploadqiniutoken
2022-01-28 09:30:28.439 [http-nio-8001-exec-4] INFO  c.redskt.security.filter.TokenAuthenticationFilter - =================11
2022-01-28 09:30:28.439 [http-nio-8001-exec-4] INFO  c.redskt.security.filter.TokenAuthenticationFilter - =================12eyJhbGciOiJIUzUxMiIsInppcCI6IkdaSVAifQ.H4sIAAAAAAAAAKtWKi5NUrJSMjQzMzI2NDcwtDBX0lFKrShQsjI0MzE2MbS0MDKvBQC5nh8sJgAAAA.t_vvI0CzWPyOCO8oTDqG2acbNbXtagePU0XtnnIFVadRFjmTFG6fjlCS2edqe7oBTfTQGWnGtTaOr7GpwQTd5Q
2022-01-28 09:30:28.490 [http-nio-8001-exec-4] INFO  c.redskt.security.filter.TokenAuthenticationFilter - =================3
2022-01-28 09:30:28.490 [http-nio-8001-exec-4] INFO  c.redskt.security.filter.TokenAuthenticationFilter - =================6
2022-01-28 09:30:28.490 [http-nio-8001-exec-4] INFO  c.redskt.security.filter.TokenAuthenticationFilter - =================8
2022-01-28 09:52:31.664 [http-nio-8001-exec-6] INFO  c.redskt.security.filter.TokenAuthenticationFilter - =================/eduask/uploadqiniutoken
2022-01-28 09:52:31.666 [http-nio-8001-exec-6] INFO  c.redskt.security.filter.TokenAuthenticationFilter - =================11
2022-01-28 09:52:31.666 [http-nio-8001-exec-6] INFO  c.redskt.security.filter.TokenAuthenticationFilter - =================12eyJhbGciOiJIUzUxMiIsInppcCI6IkdaSVAifQ.H4sIAAAAAAAAAKtWKi5NUrJSMjQzMzI2NDcwtDBX0lFKrShQsjI0MzE2MbS0MDKvBQC5nh8sJgAAAA.t_vvI0CzWPyOCO8oTDqG2acbNbXtagePU0XtnnIFVadRFjmTFG6fjlCS2edqe7oBTfTQGWnGtTaOr7GpwQTd5Q
2022-01-28 09:52:34.676 [http-nio-8001-exec-6] INFO  c.redskt.security.filter.TokenAuthenticationFilter - =================5
2022-01-28 09:52:34.676 [http-nio-8001-exec-6] INFO  c.redskt.security.filter.TokenAuthenticationFilter - =================7
2022-01-28 09:52:50.793 [lettuce-eventExecutorLoop-1-6] INFO  io.lettuce.core.protocol.ConnectionWatchdog - Reconnecting, last destination was /121.43.146.70:6379
2022-01-28 09:52:50.861 [lettuce-nioEventLoop-4-2] INFO  io.lettuce.core.protocol.ReconnectionHandler - Reconnected to 121.43.146.70:6379
2022-01-28 09:55:32.411 [http-nio-8001-exec-8] INFO  c.redskt.security.filter.TokenAuthenticationFilter - =================/eduask/uploadqiniutoken
2022-01-28 09:55:32.412 [http-nio-8001-exec-8] INFO  c.redskt.security.filter.TokenAuthenticationFilter - =================11
2022-01-28 09:55:32.413 [http-nio-8001-exec-8] INFO  c.redskt.security.filter.TokenAuthenticationFilter - =================12eyJhbGciOiJIUzUxMiIsInppcCI6IkdaSVAifQ.H4sIAAAAAAAAAKtWKi5NUrJSMjQzMzI2NDcwtDBX0lFKrShQsjI0MzE2MbS0MDKvBQC5nh8sJgAAAA.t_vvI0CzWPyOCO8oTDqG2acbNbXtagePU0XtnnIFVadRFjmTFG6fjlCS2edqe7oBTfTQGWnGtTaOr7GpwQTd5Q
2022-01-28 09:55:35.423 [http-nio-8001-exec-8] INFO  c.redskt.security.filter.TokenAuthenticationFilter - =================5
2022-01-28 09:55:35.423 [http-nio-8001-exec-8] INFO  c.redskt.security.filter.TokenAuthenticationFilter - =================7
2022-01-28 10:06:24.348 [http-nio-8001-exec-10] INFO  c.redskt.security.filter.TokenAuthenticationFilter - =================/eduask/uploadqiniutoken
2022-01-28 10:06:24.349 [http-nio-8001-exec-10] INFO  c.redskt.security.filter.TokenAuthenticationFilter - =================11
2022-01-28 10:06:24.349 [http-nio-8001-exec-10] INFO  c.redskt.security.filter.TokenAuthenticationFilter - =================12eyJhbGciOiJIUzUxMiIsInppcCI6IkdaSVAifQ.H4sIAAAAAAAAAKtWKi5NUrJSMjQzMzI2NDcwtDBX0lFKrShQsjI0MzE2MbS0MDKvBQC5nh8sJgAAAA.t_vvI0CzWPyOCO8oTDqG2acbNbXtagePU0XtnnIFVadRFjmTFG6fjlCS2edqe7oBTfTQGWnGtTaOr7GpwQTd5Q
2022-01-28 10:06:27.356 [http-nio-8001-exec-10] INFO  c.redskt.security.filter.TokenAuthenticationFilter - =================5
2022-01-28 10:06:27.356 [http-nio-8001-exec-10] INFO  c.redskt.security.filter.TokenAuthenticationFilter - =================7
2022-01-28 10:06:45.097 [http-nio-8001-exec-2] INFO  c.redskt.security.filter.TokenAuthenticationFilter - =================/eduask/uploadqiniutoken
2022-01-28 10:06:45.097 [http-nio-8001-exec-2] INFO  c.redskt.security.filter.TokenAuthenticationFilter - =================11
2022-01-28 10:06:45.097 [http-nio-8001-exec-2] INFO  c.redskt.security.filter.TokenAuthenticationFilter - =================12eyJhbGciOiJIUzUxMiIsInppcCI6IkdaSVAifQ.H4sIAAAAAAAAAKtWKi5NUrJSMjQzMzI2NDcwtDBX0lFKrShQsjI0MzE2MbS0MDKvBQC5nh8sJgAAAA.t_vvI0CzWPyOCO8oTDqG2acbNbXtagePU0XtnnIFVadRFjmTFG6fjlCS2edqe7oBTfTQGWnGtTaOr7GpwQTd5Q
2022-01-28 10:06:48.102 [http-nio-8001-exec-2] INFO  c.redskt.security.filter.TokenAuthenticationFilter - =================5
2022-01-28 10:06:48.103 [http-nio-8001-exec-2] INFO  c.redskt.security.filter.TokenAuthenticationFilter - =================7
2022-01-28 10:07:01.608 [http-nio-8001-exec-4] INFO  c.redskt.security.filter.TokenAuthenticationFilter - =================/eduask/uploadqiniutoken
2022-01-28 10:07:01.608 [http-nio-8001-exec-4] INFO  c.redskt.security.filter.TokenAuthenticationFilter - =================11
2022-01-28 10:07:01.609 [http-nio-8001-exec-4] INFO  c.redskt.security.filter.TokenAuthenticationFilter - =================12eyJhbGciOiJIUzUxMiIsInppcCI6IkdaSVAifQ.H4sIAAAAAAAAAKtWKi5NUrJSMjQzMzI2NDcwtDBX0lFKrShQsjI0MzE2MbS0MDKvBQC5nh8sJgAAAA.t_vvI0CzWPyOCO8oTDqG2acbNbXtagePU0XtnnIFVadRFjmTFG6fjlCS2edqe7oBTfTQGWnGtTaOr7GpwQTd5Q
2022-01-28 10:07:04.617 [http-nio-8001-exec-4] INFO  c.redskt.security.filter.TokenAuthenticationFilter - =================5
2022-01-28 10:07:04.618 [http-nio-8001-exec-4] INFO  c.redskt.security.filter.TokenAuthenticationFilter - =================7
2022-01-28 10:08:22.038 [lettuce-eventExecutorLoop-1-4] INFO  io.lettuce.core.protocol.ConnectionWatchdog - Reconnecting, last destination was /121.43.146.70:6379
2022-01-28 10:08:22.099 [lettuce-nioEventLoop-4-3] INFO  io.lettuce.core.protocol.ReconnectionHandler - Reconnected to 121.43.146.70:6379
2022-01-28 10:13:47.110 [http-nio-8001-exec-6] INFO  c.redskt.security.filter.TokenAuthenticationFilter - =================/eduask/uploadqiniutoken
2022-01-28 10:13:47.111 [http-nio-8001-exec-6] INFO  c.redskt.security.filter.TokenAuthenticationFilter - =================11
2022-01-28 10:13:47.111 [http-nio-8001-exec-6] INFO  c.redskt.security.filter.TokenAuthenticationFilter - =================12eyJhbGciOiJIUzUxMiIsInppcCI6IkdaSVAifQ.H4sIAAAAAAAAAKtWKi5NUrJSMjQzMzI2NDcwtDBX0lFKrShQsjI0MzE2MbS0MDKvBQC5nh8sJgAAAA.t_vvI0CzWPyOCO8oTDqG2acbNbXtagePU0XtnnIFVadRFjmTFG6fjlCS2edqe7oBTfTQGWnGtTaOr7GpwQTd5Q
2022-01-28 10:13:50.118 [http-nio-8001-exec-6] INFO  c.redskt.security.filter.TokenAuthenticationFilter - =================5
2022-01-28 10:13:50.118 [http-nio-8001-exec-6] INFO  c.redskt.security.filter.TokenAuthenticationFilter - =================7
2022-01-28 10:14:21.140 [lettuce-eventExecutorLoop-1-7] INFO  io.lettuce.core.protocol.ConnectionWatchdog - Reconnecting, last destination was /121.43.146.70:6379
2022-01-28 10:14:21.200 [lettuce-nioEventLoop-4-4] INFO  io.lettuce.core.protocol.ReconnectionHandler - Reconnected to 121.43.146.70:6379
2022-01-28 10:15:52.014 [http-nio-8001-exec-8] INFO  c.redskt.security.filter.TokenAuthenticationFilter - =================/eduask/uploadqiniutoken
2022-01-28 10:15:52.015 [http-nio-8001-exec-8] INFO  c.redskt.security.filter.TokenAuthenticationFilter - =================11
2022-01-28 10:15:52.015 [http-nio-8001-exec-8] INFO  c.redskt.security.filter.TokenAuthenticationFilter - =================12eyJhbGciOiJIUzUxMiIsInppcCI6IkdaSVAifQ.H4sIAAAAAAAAAKtWKi5NUrJSMjQzMzI2NDcwtDBX0lFKrShQsjI0MzE2MbS0MDKvBQC5nh8sJgAAAA.t_vvI0CzWPyOCO8oTDqG2acbNbXtagePU0XtnnIFVadRFjmTFG6fjlCS2edqe7oBTfTQGWnGtTaOr7GpwQTd5Q
2022-01-28 10:15:52.060 [http-nio-8001-exec-8] INFO  c.redskt.security.filter.TokenAuthenticationFilter - =================3
2022-01-28 10:15:52.061 [http-nio-8001-exec-8] INFO  c.redskt.security.filter.TokenAuthenticationFilter - =================6
2022-01-28 10:15:52.061 [http-nio-8001-exec-8] INFO  c.redskt.security.filter.TokenAuthenticationFilter - =================8
2022-01-28 10:15:54.181 [http-nio-8001-exec-10] INFO  c.redskt.security.filter.TokenAuthenticationFilter - =================/eduask/uploadqiniutoken
2022-01-28 10:15:54.182 [http-nio-8001-exec-10] INFO  c.redskt.security.filter.TokenAuthenticationFilter - =================11
2022-01-28 10:15:54.182 [http-nio-8001-exec-10] INFO  c.redskt.security.filter.TokenAuthenticationFilter - =================12eyJhbGciOiJIUzUxMiIsInppcCI6IkdaSVAifQ.H4sIAAAAAAAAAKtWKi5NUrJSMjQzMzI2NDcwtDBX0lFKrShQsjI0MzE2MbS0MDKvBQC5nh8sJgAAAA.t_vvI0CzWPyOCO8oTDqG2acbNbXtagePU0XtnnIFVadRFjmTFG6fjlCS2edqe7oBTfTQGWnGtTaOr7GpwQTd5Q
2022-01-28 10:15:54.232 [http-nio-8001-exec-10] INFO  c.redskt.security.filter.TokenAuthenticationFilter - =================3
2022-01-28 10:15:54.232 [http-nio-8001-exec-10] INFO  c.redskt.security.filter.TokenAuthenticationFilter - =================6
2022-01-28 10:15:54.232 [http-nio-8001-exec-10] INFO  c.redskt.security.filter.TokenAuthenticationFilter - =================8
2022-01-28 10:16:26.412 [http-nio-8001-exec-4] INFO  c.redskt.security.filter.TokenAuthenticationFilter - =================/eduask/uploadqiniutoken
2022-01-28 10:16:26.413 [http-nio-8001-exec-4] INFO  c.redskt.security.filter.TokenAuthenticationFilter - =================11
2022-01-28 10:16:26.414 [http-nio-8001-exec-4] INFO  c.redskt.security.filter.TokenAuthenticationFilter - =================12eyJhbGciOiJIUzUxMiIsInppcCI6IkdaSVAifQ.H4sIAAAAAAAAAKtWKi5NUrJSMjQzMzI2NDcwtDBX0lFKrShQsjI0MzE2MbS0MDKvBQC5nh8sJgAAAA.t_vvI0CzWPyOCO8oTDqG2acbNbXtagePU0XtnnIFVadRFjmTFG6fjlCS2edqe7oBTfTQGWnGtTaOr7GpwQTd5Q
2022-01-28 10:16:26.458 [http-nio-8001-exec-4] INFO  c.redskt.security.filter.TokenAuthenticationFilter - =================3
2022-01-28 10:16:26.459 [http-nio-8001-exec-4] INFO  c.redskt.security.filter.TokenAuthenticationFilter - =================6
2022-01-28 10:16:26.459 [http-nio-8001-exec-4] INFO  c.redskt.security.filter.TokenAuthenticationFilter - =================8
2022-01-28 10:16:29.940 [http-nio-8001-exec-9] INFO  c.redskt.security.filter.TokenAuthenticationFilter - =================/eduask/uploadqiniutoken
2022-01-28 10:16:29.940 [http-nio-8001-exec-9] INFO  c.redskt.security.filter.TokenAuthenticationFilter - =================11
2022-01-28 10:16:29.940 [http-nio-8001-exec-9] INFO  c.redskt.security.filter.TokenAuthenticationFilter - =================12eyJhbGciOiJIUzUxMiIsInppcCI6IkdaSVAifQ.H4sIAAAAAAAAAKtWKi5NUrJSMjQzMzI2NDcwtDBX0lFKrShQsjI0MzE2MbS0MDKvBQC5nh8sJgAAAA.t_vvI0CzWPyOCO8oTDqG2acbNbXtagePU0XtnnIFVadRFjmTFG6fjlCS2edqe7oBTfTQGWnGtTaOr7GpwQTd5Q
2022-01-28 10:16:29.997 [http-nio-8001-exec-9] INFO  c.redskt.security.filter.TokenAuthenticationFilter - =================3
2022-01-28 10:16:29.998 [http-nio-8001-exec-9] INFO  c.redskt.security.filter.TokenAuthenticationFilter - =================6
2022-01-28 10:16:29.998 [http-nio-8001-exec-9] INFO  c.redskt.security.filter.TokenAuthenticationFilter - =================8
2022-01-28 10:16:32.723 [http-nio-8001-exec-1] INFO  c.redskt.security.filter.TokenAuthenticationFilter - =================/eduask/uploadqiniutoken
2022-01-28 10:16:32.724 [http-nio-8001-exec-1] INFO  c.redskt.security.filter.TokenAuthenticationFilter - =================11
2022-01-28 10:16:32.724 [http-nio-8001-exec-1] INFO  c.redskt.security.filter.TokenAuthenticationFilter - =================12eyJhbGciOiJIUzUxMiIsInppcCI6IkdaSVAifQ.H4sIAAAAAAAAAKtWKi5NUrJSMjQzMzI2NDcwtDBX0lFKrShQsjI0MzE2MbS0MDKvBQC5nh8sJgAAAA.t_vvI0CzWPyOCO8oTDqG2acbNbXtagePU0XtnnIFVadRFjmTFG6fjlCS2edqe7oBTfTQGWnGtTaOr7GpwQTd5Q
2022-01-28 10:16:32.798 [http-nio-8001-exec-1] INFO  c.redskt.security.filter.TokenAuthenticationFilter - =================3
2022-01-28 10:16:32.799 [http-nio-8001-exec-1] INFO  c.redskt.security.filter.TokenAuthenticationFilter - =================6
2022-01-28 10:16:32.799 [http-nio-8001-exec-1] INFO  c.redskt.security.filter.TokenAuthenticationFilter - =================8
2022-01-28 11:58:19.150 [http-nio-8001-exec-5] INFO  c.redskt.security.filter.TokenAuthenticationFilter - =================/eduask/uploadqiniutoken
2022-01-28 11:58:19.151 [http-nio-8001-exec-5] INFO  c.redskt.security.filter.TokenAuthenticationFilter - =================11
2022-01-28 11:58:19.151 [http-nio-8001-exec-5] INFO  c.redskt.security.filter.TokenAuthenticationFilter - =================12eyJhbGciOiJIUzUxMiIsInppcCI6IkdaSVAifQ.H4sIAAAAAAAAAKtWKi5NUrJSMjQzMzI2NDcwtDBX0lFKrShQsjI0MzE2MbS0MDKvBQC5nh8sJgAAAA.t_vvI0CzWPyOCO8oTDqG2acbNbXtagePU0XtnnIFVadRFjmTFG6fjlCS2edqe7oBTfTQGWnGtTaOr7GpwQTd5Q
2022-01-28 11:58:22.157 [http-nio-8001-exec-5] INFO  c.redskt.security.filter.TokenAuthenticationFilter - =================5
2022-01-28 11:58:22.157 [http-nio-8001-exec-5] INFO  c.redskt.security.filter.TokenAuthenticationFilter - =================7
2022-01-28 11:58:38.224 [http-nio-8001-exec-8] INFO  c.redskt.security.filter.TokenAuthenticationFilter - =================/eduask/uploadqiniutoken
2022-01-28 11:58:38.225 [http-nio-8001-exec-8] INFO  c.redskt.security.filter.TokenAuthenticationFilter - =================11
2022-01-28 11:58:38.225 [http-nio-8001-exec-8] INFO  c.redskt.security.filter.TokenAuthenticationFilter - =================12eyJhbGciOiJIUzUxMiIsInppcCI6IkdaSVAifQ.H4sIAAAAAAAAAKtWKi5NUrJSMjQzMzI2NDcwtDBX0lFKrShQsjI0MzE2MbS0MDKvBQC5nh8sJgAAAA.t_vvI0CzWPyOCO8oTDqG2acbNbXtagePU0XtnnIFVadRFjmTFG6fjlCS2edqe7oBTfTQGWnGtTaOr7GpwQTd5Q
2022-01-28 11:58:41.231 [http-nio-8001-exec-8] INFO  c.redskt.security.filter.TokenAuthenticationFilter - =================5
2022-01-28 11:58:41.231 [http-nio-8001-exec-8] INFO  c.redskt.security.filter.TokenAuthenticationFilter - =================7
2022-01-28 11:58:45.003 [http-nio-8001-exec-7] INFO  c.redskt.security.filter.TokenAuthenticationFilter - =================/eduask/uploadqiniutoken
2022-01-28 11:58:45.004 [http-nio-8001-exec-7] INFO  c.redskt.security.filter.TokenAuthenticationFilter - =================11
2022-01-28 11:58:45.004 [http-nio-8001-exec-7] INFO  c.redskt.security.filter.TokenAuthenticationFilter - =================12eyJhbGciOiJIUzUxMiIsInppcCI6IkdaSVAifQ.H4sIAAAAAAAAAKtWKi5NUrJSMjQzMzI2NDcwtDBX0lFKrShQsjI0MzE2MbS0MDKvBQC5nh8sJgAAAA.t_vvI0CzWPyOCO8oTDqG2acbNbXtagePU0XtnnIFVadRFjmTFG6fjlCS2edqe7oBTfTQGWnGtTaOr7GpwQTd5Q
2022-01-28 11:58:48.008 [http-nio-8001-exec-7] INFO  c.redskt.security.filter.TokenAuthenticationFilter - =================5
2022-01-28 11:58:48.009 [http-nio-8001-exec-7] INFO  c.redskt.security.filter.TokenAuthenticationFilter - =================7
2022-01-28 11:58:54.776 [lettuce-eventExecutorLoop-1-1] INFO  io.lettuce.core.protocol.ConnectionWatchdog - Reconnecting, last destination was /121.43.146.70:6379
2022-01-28 11:58:54.837 [lettuce-nioEventLoop-4-5] INFO  io.lettuce.core.protocol.ReconnectionHandler - Reconnected to 121.43.146.70:6379
2022-01-28 12:02:13.518 [http-nio-8001-exec-4] INFO  c.redskt.security.filter.TokenAuthenticationFilter - =================/eduask/uploadqiniutoken
2022-01-28 12:02:13.518 [http-nio-8001-exec-4] INFO  c.redskt.security.filter.TokenAuthenticationFilter - =================11
2022-01-28 12:02:13.518 [http-nio-8001-exec-4] INFO  c.redskt.security.filter.TokenAuthenticationFilter - =================12eyJhbGciOiJIUzUxMiIsInppcCI6IkdaSVAifQ.H4sIAAAAAAAAAKtWKi5NUrJSMjQzMzI2NDcwtDBX0lFKrShQsjI0MzE2MbS0MDKvBQC5nh8sJgAAAA.t_vvI0CzWPyOCO8oTDqG2acbNbXtagePU0XtnnIFVadRFjmTFG6fjlCS2edqe7oBTfTQGWnGtTaOr7GpwQTd5Q
2022-01-28 12:02:13.563 [http-nio-8001-exec-4] INFO  c.redskt.security.filter.TokenAuthenticationFilter - =================3
2022-01-28 12:02:13.564 [http-nio-8001-exec-4] INFO  c.redskt.security.filter.TokenAuthenticationFilter - =================6
2022-01-28 12:02:13.564 [http-nio-8001-exec-4] INFO  c.redskt.security.filter.TokenAuthenticationFilter - =================8
2022-01-28 12:02:19.592 [http-nio-8001-exec-2] INFO  c.redskt.security.filter.TokenAuthenticationFilter - =================/eduask/uploadqiniutoken
2022-01-28 12:02:19.592 [http-nio-8001-exec-2] INFO  c.redskt.security.filter.TokenAuthenticationFilter - =================11
2022-01-28 12:02:19.592 [http-nio-8001-exec-2] INFO  c.redskt.security.filter.TokenAuthenticationFilter - =================12eyJhbGciOiJIUzUxMiIsInppcCI6IkdaSVAifQ.H4sIAAAAAAAAAKtWKi5NUrJSMjQzMzI2NDcwtDBX0lFKrShQsjI0MzE2MbS0MDKvBQC5nh8sJgAAAA.t_vvI0CzWPyOCO8oTDqG2acbNbXtagePU0XtnnIFVadRFjmTFG6fjlCS2edqe7oBTfTQGWnGtTaOr7GpwQTd5Q
2022-01-28 12:02:19.640 [http-nio-8001-exec-2] INFO  c.redskt.security.filter.TokenAuthenticationFilter - =================3
2022-01-28 12:02:19.640 [http-nio-8001-exec-2] INFO  c.redskt.security.filter.TokenAuthenticationFilter - =================6
2022-01-28 12:02:19.640 [http-nio-8001-exec-2] INFO  c.redskt.security.filter.TokenAuthenticationFilter - =================8
2022-01-28 12:02:39.548 [http-nio-8001-exec-1] INFO  c.redskt.security.filter.TokenAuthenticationFilter - =================/eduask/uploadqiniutoken
2022-01-28 12:02:39.549 [http-nio-8001-exec-1] INFO  c.redskt.security.filter.TokenAuthenticationFilter - =================11
2022-01-28 12:02:39.549 [http-nio-8001-exec-1] INFO  c.redskt.security.filter.TokenAuthenticationFilter - =================12eyJhbGciOiJIUzUxMiIsInppcCI6IkdaSVAifQ.H4sIAAAAAAAAAKtWKi5NUrJSMjQzMzI2NDcwtDBX0lFKrShQsjI0MzE2MbS0MDKvBQC5nh8sJgAAAA.t_vvI0CzWPyOCO8oTDqG2acbNbXtagePU0XtnnIFVadRFjmTFG6fjlCS2edqe7oBTfTQGWnGtTaOr7GpwQTd5Q
2022-01-28 12:02:39.595 [http-nio-8001-exec-1] INFO  c.redskt.security.filter.TokenAuthenticationFilter - =================3
2022-01-28 12:02:39.596 [http-nio-8001-exec-1] INFO  c.redskt.security.filter.TokenAuthenticationFilter - =================6
2022-01-28 12:02:39.596 [http-nio-8001-exec-1] INFO  c.redskt.security.filter.TokenAuthenticationFilter - =================8
2022-01-28 12:02:44.549 [http-nio-8001-exec-5] INFO  c.redskt.security.filter.TokenAuthenticationFilter - =================/eduask/uploadqiniutoken
2022-01-28 12:02:44.549 [http-nio-8001-exec-5] INFO  c.redskt.security.filter.TokenAuthenticationFilter - =================11
2022-01-28 12:02:44.549 [http-nio-8001-exec-5] INFO  c.redskt.security.filter.TokenAuthenticationFilter - =================12eyJhbGciOiJIUzUxMiIsInppcCI6IkdaSVAifQ.H4sIAAAAAAAAAKtWKi5NUrJSMjQzMzI2NDcwtDBX0lFKrShQsjI0MzE2MbS0MDKvBQC5nh8sJgAAAA.t_vvI0CzWPyOCO8oTDqG2acbNbXtagePU0XtnnIFVadRFjmTFG6fjlCS2edqe7oBTfTQGWnGtTaOr7GpwQTd5Q
2022-01-28 12:02:44.627 [http-nio-8001-exec-5] INFO  c.redskt.security.filter.TokenAuthenticationFilter - =================3
2022-01-28 12:02:44.627 [http-nio-8001-exec-5] INFO  c.redskt.security.filter.TokenAuthenticationFilter - =================6
2022-01-28 12:02:44.627 [http-nio-8001-exec-5] INFO  c.redskt.security.filter.TokenAuthenticationFilter - =================8
2022-01-28 12:02:48.249 [http-nio-8001-exec-6] INFO  c.redskt.security.filter.TokenAuthenticationFilter - =================/eduask/uploadqiniutoken
2022-01-28 12:02:48.249 [http-nio-8001-exec-6] INFO  c.redskt.security.filter.TokenAuthenticationFilter - =================11
2022-01-28 12:02:48.254 [http-nio-8001-exec-6] INFO  c.redskt.security.filter.TokenAuthenticationFilter - =================12eyJhbGciOiJIUzUxMiIsInppcCI6IkdaSVAifQ.H4sIAAAAAAAAAKtWKi5NUrJSMjQzMzI2NDcwtDBX0lFKrShQsjI0MzE2MbS0MDKvBQC5nh8sJgAAAA.t_vvI0CzWPyOCO8oTDqG2acbNbXtagePU0XtnnIFVadRFjmTFG6fjlCS2edqe7oBTfTQGWnGtTaOr7GpwQTd5Q
2022-01-28 12:02:48.303 [http-nio-8001-exec-6] INFO  c.redskt.security.filter.TokenAuthenticationFilter - =================3
2022-01-28 12:02:48.304 [http-nio-8001-exec-6] INFO  c.redskt.security.filter.TokenAuthenticationFilter - =================6
2022-01-28 12:02:48.304 [http-nio-8001-exec-6] INFO  c.redskt.security.filter.TokenAuthenticationFilter - =================8
2022-01-28 12:03:23.346 [http-nio-8001-exec-7] INFO  c.redskt.security.filter.TokenAuthenticationFilter - =================/eduask/uploadqiniutoken
2022-01-28 12:03:23.346 [http-nio-8001-exec-7] INFO  c.redskt.security.filter.TokenAuthenticationFilter - =================11
2022-01-28 12:03:23.347 [http-nio-8001-exec-7] INFO  c.redskt.security.filter.TokenAuthenticationFilter - =================12eyJhbGciOiJIUzUxMiIsInppcCI6IkdaSVAifQ.H4sIAAAAAAAAAKtWKi5NUrJSMjQzMzI2NDcwtDBX0lFKrShQsjI0MzE2MbS0MDKvBQC5nh8sJgAAAA.t_vvI0CzWPyOCO8oTDqG2acbNbXtagePU0XtnnIFVadRFjmTFG6fjlCS2edqe7oBTfTQGWnGtTaOr7GpwQTd5Q
2022-01-28 12:03:23.459 [http-nio-8001-exec-7] INFO  c.redskt.security.filter.TokenAuthenticationFilter - =================3
2022-01-28 12:03:23.459 [http-nio-8001-exec-7] INFO  c.redskt.security.filter.TokenAuthenticationFilter - =================6
2022-01-28 12:03:23.459 [http-nio-8001-exec-7] INFO  c.redskt.security.filter.TokenAuthenticationFilter - =================8
2022-01-28 12:03:26.941 [http-nio-8001-exec-4] INFO  c.redskt.security.filter.TokenAuthenticationFilter - =================/eduask/uploadqiniutoken
2022-01-28 12:03:26.942 [http-nio-8001-exec-4] INFO  c.redskt.security.filter.TokenAuthenticationFilter - =================11
2022-01-28 12:03:26.942 [http-nio-8001-exec-4] INFO  c.redskt.security.filter.TokenAuthenticationFilter - =================12eyJhbGciOiJIUzUxMiIsInppcCI6IkdaSVAifQ.H4sIAAAAAAAAAKtWKi5NUrJSMjQzMzI2NDcwtDBX0lFKrShQsjI0MzE2MbS0MDKvBQC5nh8sJgAAAA.t_vvI0CzWPyOCO8oTDqG2acbNbXtagePU0XtnnIFVadRFjmTFG6fjlCS2edqe7oBTfTQGWnGtTaOr7GpwQTd5Q
2022-01-28 12:03:26.984 [http-nio-8001-exec-4] INFO  c.redskt.security.filter.TokenAuthenticationFilter - =================3
2022-01-28 12:03:26.984 [http-nio-8001-exec-4] INFO  c.redskt.security.filter.TokenAuthenticationFilter - =================6
2022-01-28 12:03:26.985 [http-nio-8001-exec-4] INFO  c.redskt.security.filter.TokenAuthenticationFilter - =================8
2022-01-28 12:06:33.058 [http-nio-8001-exec-2] INFO  c.redskt.security.filter.TokenAuthenticationFilter - =================/eduask/uploadqiniutoken
2022-01-28 12:06:33.059 [http-nio-8001-exec-2] INFO  c.redskt.security.filter.TokenAuthenticationFilter - =================11
2022-01-28 12:06:33.061 [http-nio-8001-exec-2] INFO  c.redskt.security.filter.TokenAuthenticationFilter - =================12eyJhbGciOiJIUzUxMiIsInppcCI6IkdaSVAifQ.H4sIAAAAAAAAAKtWKi5NUrJSMjQzMzI2NDcwtDBX0lFKrShQsjI0MzE2MbS0MDKvBQC5nh8sJgAAAA.t_vvI0CzWPyOCO8oTDqG2acbNbXtagePU0XtnnIFVadRFjmTFG6fjlCS2edqe7oBTfTQGWnGtTaOr7GpwQTd5Q
2022-01-28 12:06:33.108 [http-nio-8001-exec-2] INFO  c.redskt.security.filter.TokenAuthenticationFilter - =================3
2022-01-28 12:06:33.108 [http-nio-8001-exec-2] INFO  c.redskt.security.filter.TokenAuthenticationFilter - =================6
2022-01-28 12:06:33.109 [http-nio-8001-exec-2] INFO  c.redskt.security.filter.TokenAuthenticationFilter - =================8
2022-01-28 12:06:35.528 [http-nio-8001-exec-1] INFO  c.redskt.security.filter.TokenAuthenticationFilter - =================/eduask/uploadqiniutoken
2022-01-28 12:06:35.528 [http-nio-8001-exec-1] INFO  c.redskt.security.filter.TokenAuthenticationFilter - =================11
2022-01-28 12:06:35.528 [http-nio-8001-exec-1] INFO  c.redskt.security.filter.TokenAuthenticationFilter - =================12eyJhbGciOiJIUzUxMiIsInppcCI6IkdaSVAifQ.H4sIAAAAAAAAAKtWKi5NUrJSMjQzMzI2NDcwtDBX0lFKrShQsjI0MzE2MbS0MDKvBQC5nh8sJgAAAA.t_vvI0CzWPyOCO8oTDqG2acbNbXtagePU0XtnnIFVadRFjmTFG6fjlCS2edqe7oBTfTQGWnGtTaOr7GpwQTd5Q
2022-01-28 12:06:35.578 [http-nio-8001-exec-1] INFO  c.redskt.security.filter.TokenAuthenticationFilter - =================3
2022-01-28 12:06:35.578 [http-nio-8001-exec-1] INFO  c.redskt.security.filter.TokenAuthenticationFilter - =================6
2022-01-28 12:06:35.578 [http-nio-8001-exec-1] INFO  c.redskt.security.filter.TokenAuthenticationFilter - =================8
2022-01-28 12:07:18.137 [http-nio-8001-exec-5] INFO  c.redskt.security.filter.TokenAuthenticationFilter - =================/eduask/uploadqiniutoken
2022-01-28 12:07:18.138 [http-nio-8001-exec-5] INFO  c.redskt.security.filter.TokenAuthenticationFilter - =================11
2022-01-28 12:07:18.138 [http-nio-8001-exec-5] INFO  c.redskt.security.filter.TokenAuthenticationFilter - =================12eyJhbGciOiJIUzUxMiIsInppcCI6IkdaSVAifQ.H4sIAAAAAAAAAKtWKi5NUrJSMjQzMzI2NDcwtDBX0lFKrShQsjI0MzE2MbS0MDKvBQC5nh8sJgAAAA.t_vvI0CzWPyOCO8oTDqG2acbNbXtagePU0XtnnIFVadRFjmTFG6fjlCS2edqe7oBTfTQGWnGtTaOr7GpwQTd5Q
2022-01-28 12:07:18.189 [http-nio-8001-exec-5] INFO  c.redskt.security.filter.TokenAuthenticationFilter - =================3
2022-01-28 12:07:18.198 [http-nio-8001-exec-5] INFO  c.redskt.security.filter.TokenAuthenticationFilter - =================6
2022-01-28 12:07:18.199 [http-nio-8001-exec-5] INFO  c.redskt.security.filter.TokenAuthenticationFilter - =================8
2022-01-28 12:07:22.625 [http-nio-8001-exec-3] INFO  c.redskt.security.filter.TokenAuthenticationFilter - =================/eduask/uploadqiniutoken
2022-01-28 12:07:22.625 [http-nio-8001-exec-3] INFO  c.redskt.security.filter.TokenAuthenticationFilter - =================11
2022-01-28 12:07:22.626 [http-nio-8001-exec-3] INFO  c.redskt.security.filter.TokenAuthenticationFilter - =================12eyJhbGciOiJIUzUxMiIsInppcCI6IkdaSVAifQ.H4sIAAAAAAAAAKtWKi5NUrJSMjQzMzI2NDcwtDBX0lFKrShQsjI0MzE2MbS0MDKvBQC5nh8sJgAAAA.t_vvI0CzWPyOCO8oTDqG2acbNbXtagePU0XtnnIFVadRFjmTFG6fjlCS2edqe7oBTfTQGWnGtTaOr7GpwQTd5Q
2022-01-28 12:07:22.668 [http-nio-8001-exec-3] INFO  c.redskt.security.filter.TokenAuthenticationFilter - =================3
2022-01-28 12:07:22.669 [http-nio-8001-exec-3] INFO  c.redskt.security.filter.TokenAuthenticationFilter - =================6
2022-01-28 12:07:22.669 [http-nio-8001-exec-3] INFO  c.redskt.security.filter.TokenAuthenticationFilter - =================8
2022-01-28 12:08:03.662 [http-nio-8001-exec-7] INFO  c.redskt.security.filter.TokenAuthenticationFilter - =================/eduask/uploadqiniutoken
2022-01-28 12:08:03.662 [http-nio-8001-exec-7] INFO  c.redskt.security.filter.TokenAuthenticationFilter - =================11
2022-01-28 12:08:03.662 [http-nio-8001-exec-7] INFO  c.redskt.security.filter.TokenAuthenticationFilter - =================12eyJhbGciOiJIUzUxMiIsInppcCI6IkdaSVAifQ.H4sIAAAAAAAAAKtWKi5NUrJSMjQzMzI2NDcwtDBX0lFKrShQsjI0MzE2MbS0MDKvBQC5nh8sJgAAAA.t_vvI0CzWPyOCO8oTDqG2acbNbXtagePU0XtnnIFVadRFjmTFG6fjlCS2edqe7oBTfTQGWnGtTaOr7GpwQTd5Q
2022-01-28 12:08:03.716 [http-nio-8001-exec-7] INFO  c.redskt.security.filter.TokenAuthenticationFilter - =================3
2022-01-28 12:08:03.717 [http-nio-8001-exec-7] INFO  c.redskt.security.filter.TokenAuthenticationFilter - =================6
2022-01-28 12:08:03.717 [http-nio-8001-exec-7] INFO  c.redskt.security.filter.TokenAuthenticationFilter - =================8
2022-01-28 12:08:06.326 [http-nio-8001-exec-8] INFO  c.redskt.security.filter.TokenAuthenticationFilter - =================/eduask/uploadqiniutoken
2022-01-28 12:08:06.326 [http-nio-8001-exec-8] INFO  c.redskt.security.filter.TokenAuthenticationFilter - =================11
2022-01-28 12:08:06.326 [http-nio-8001-exec-8] INFO  c.redskt.security.filter.TokenAuthenticationFilter - =================12eyJhbGciOiJIUzUxMiIsInppcCI6IkdaSVAifQ.H4sIAAAAAAAAAKtWKi5NUrJSMjQzMzI2NDcwtDBX0lFKrShQsjI0MzE2MbS0MDKvBQC5nh8sJgAAAA.t_vvI0CzWPyOCO8oTDqG2acbNbXtagePU0XtnnIFVadRFjmTFG6fjlCS2edqe7oBTfTQGWnGtTaOr7GpwQTd5Q
2022-01-28 12:08:06.371 [http-nio-8001-exec-8] INFO  c.redskt.security.filter.TokenAuthenticationFilter - =================3
2022-01-28 12:08:06.371 [http-nio-8001-exec-8] INFO  c.redskt.security.filter.TokenAuthenticationFilter - =================6
2022-01-28 12:08:06.371 [http-nio-8001-exec-8] INFO  c.redskt.security.filter.TokenAuthenticationFilter - =================8
2022-01-28 12:09:05.516 [http-nio-8001-exec-2] INFO  c.redskt.security.filter.TokenAuthenticationFilter - =================/eduask/uploadqiniutoken
2022-01-28 12:09:05.516 [http-nio-8001-exec-2] INFO  c.redskt.security.filter.TokenAuthenticationFilter - =================11
2022-01-28 12:09:05.516 [http-nio-8001-exec-2] INFO  c.redskt.security.filter.TokenAuthenticationFilter - =================12eyJhbGciOiJIUzUxMiIsInppcCI6IkdaSVAifQ.H4sIAAAAAAAAAKtWKi5NUrJSMjQzMzI2NDcwtDBX0lFKrShQsjI0MzE2MbS0MDKvBQC5nh8sJgAAAA.t_vvI0CzWPyOCO8oTDqG2acbNbXtagePU0XtnnIFVadRFjmTFG6fjlCS2edqe7oBTfTQGWnGtTaOr7GpwQTd5Q
2022-01-28 12:09:05.565 [http-nio-8001-exec-2] INFO  c.redskt.security.filter.TokenAuthenticationFilter - =================3
2022-01-28 12:09:05.565 [http-nio-8001-exec-2] INFO  c.redskt.security.filter.TokenAuthenticationFilter - =================6
2022-01-28 12:09:05.565 [http-nio-8001-exec-2] INFO  c.redskt.security.filter.TokenAuthenticationFilter - =================8
2022-01-28 12:09:07.645 [http-nio-8001-exec-10] INFO  c.redskt.security.filter.TokenAuthenticationFilter - =================/eduask/uploadqiniutoken
2022-01-28 12:09:07.646 [http-nio-8001-exec-10] INFO  c.redskt.security.filter.TokenAuthenticationFilter - =================11
2022-01-28 12:09:07.647 [http-nio-8001-exec-10] INFO  c.redskt.security.filter.TokenAuthenticationFilter - =================12eyJhbGciOiJIUzUxMiIsInppcCI6IkdaSVAifQ.H4sIAAAAAAAAAKtWKi5NUrJSMjQzMzI2NDcwtDBX0lFKrShQsjI0MzE2MbS0MDKvBQC5nh8sJgAAAA.t_vvI0CzWPyOCO8oTDqG2acbNbXtagePU0XtnnIFVadRFjmTFG6fjlCS2edqe7oBTfTQGWnGtTaOr7GpwQTd5Q
2022-01-28 12:09:07.690 [http-nio-8001-exec-10] INFO  c.redskt.security.filter.TokenAuthenticationFilter - =================3
2022-01-28 12:09:07.691 [http-nio-8001-exec-10] INFO  c.redskt.security.filter.TokenAuthenticationFilter - =================6
2022-01-28 12:09:07.691 [http-nio-8001-exec-10] INFO  c.redskt.security.filter.TokenAuthenticationFilter - =================8
2022-01-28 12:13:09.175 [http-nio-8001-exec-5] INFO  c.redskt.security.filter.TokenAuthenticationFilter - =================/eduask/uploadqiniutoken
2022-01-28 12:13:09.176 [http-nio-8001-exec-5] INFO  c.redskt.security.filter.TokenAuthenticationFilter - =================11
2022-01-28 12:13:09.176 [http-nio-8001-exec-5] INFO  c.redskt.security.filter.TokenAuthenticationFilter - =================12eyJhbGciOiJIUzUxMiIsInppcCI6IkdaSVAifQ.H4sIAAAAAAAAAKtWKi5NUrJSMjQzMzI2NDcwtDBX0lFKrShQsjI0MzE2MbS0MDKvBQC5nh8sJgAAAA.t_vvI0CzWPyOCO8oTDqG2acbNbXtagePU0XtnnIFVadRFjmTFG6fjlCS2edqe7oBTfTQGWnGtTaOr7GpwQTd5Q
2022-01-28 12:13:12.179 [http-nio-8001-exec-5] INFO  c.redskt.security.filter.TokenAuthenticationFilter - =================5
2022-01-28 12:13:12.181 [http-nio-8001-exec-5] INFO  c.redskt.security.filter.TokenAuthenticationFilter - =================7
2022-01-28 12:13:15.725 [http-nio-8001-exec-9] INFO  c.redskt.security.filter.TokenAuthenticationFilter - =================/eduask/uploadqiniutoken
2022-01-28 12:13:15.747 [http-nio-8001-exec-9] INFO  c.redskt.security.filter.TokenAuthenticationFilter - =================11
2022-01-28 12:13:15.751 [http-nio-8001-exec-9] INFO  c.redskt.security.filter.TokenAuthenticationFilter - =================12eyJhbGciOiJIUzUxMiIsInppcCI6IkdaSVAifQ.H4sIAAAAAAAAAKtWKi5NUrJSMjQzMzI2NDcwtDBX0lFKrShQsjI0MzE2MbS0MDKvBQC5nh8sJgAAAA.t_vvI0CzWPyOCO8oTDqG2acbNbXtagePU0XtnnIFVadRFjmTFG6fjlCS2edqe7oBTfTQGWnGtTaOr7GpwQTd5Q
2022-01-28 12:13:18.756 [http-nio-8001-exec-9] INFO  c.redskt.security.filter.TokenAuthenticationFilter - =================5
2022-01-28 12:13:18.757 [http-nio-8001-exec-9] INFO  c.redskt.security.filter.TokenAuthenticationFilter - =================7
2022-01-28 12:13:23.092 [http-nio-8001-exec-3] INFO  c.redskt.security.filter.TokenAuthenticationFilter - =================/eduask/uploadqiniutoken
2022-01-28 12:13:23.092 [http-nio-8001-exec-3] INFO  c.redskt.security.filter.TokenAuthenticationFilter - =================11
2022-01-28 12:13:23.092 [http-nio-8001-exec-3] INFO  c.redskt.security.filter.TokenAuthenticationFilter - =================12eyJhbGciOiJIUzUxMiIsInppcCI6IkdaSVAifQ.H4sIAAAAAAAAAKtWKi5NUrJSMjQzMzI2NDcwtDBX0lFKrShQsjI0MzE2MbS0MDKvBQC5nh8sJgAAAA.t_vvI0CzWPyOCO8oTDqG2acbNbXtagePU0XtnnIFVadRFjmTFG6fjlCS2edqe7oBTfTQGWnGtTaOr7GpwQTd5Q
2022-01-28 12:13:26.098 [http-nio-8001-exec-3] INFO  c.redskt.security.filter.TokenAuthenticationFilter - =================5
2022-01-28 12:13:26.099 [http-nio-8001-exec-3] INFO  c.redskt.security.filter.TokenAuthenticationFilter - =================7
2022-01-28 12:13:36.100 [lettuce-eventExecutorLoop-1-5] INFO  io.lettuce.core.protocol.ConnectionWatchdog - Reconnecting, last destination was /121.43.146.70:6379
2022-01-28 12:13:37.168 [lettuce-nioEventLoop-4-6] INFO  io.lettuce.core.protocol.ReconnectionHandler - Reconnected to 121.43.146.70:6379
2022-01-28 12:16:28.266 [http-nio-8001-exec-7] INFO  c.redskt.security.filter.TokenAuthenticationFilter - =================/eduask/uploadqiniutoken
2022-01-28 12:16:28.267 [http-nio-8001-exec-7] INFO  c.redskt.security.filter.TokenAuthenticationFilter - =================11
2022-01-28 12:16:28.267 [http-nio-8001-exec-7] INFO  c.redskt.security.filter.TokenAuthenticationFilter - =================12eyJhbGciOiJIUzUxMiIsInppcCI6IkdaSVAifQ.H4sIAAAAAAAAAKtWKi5NUrJSMjQzMzI2NDcwtDBX0lFKrShQsjI0MzE2MbS0MDKvBQC5nh8sJgAAAA.t_vvI0CzWPyOCO8oTDqG2acbNbXtagePU0XtnnIFVadRFjmTFG6fjlCS2edqe7oBTfTQGWnGtTaOr7GpwQTd5Q
2022-01-28 12:16:28.310 [http-nio-8001-exec-7] INFO  c.redskt.security.filter.TokenAuthenticationFilter - =================3
2022-01-28 12:16:28.311 [http-nio-8001-exec-7] INFO  c.redskt.security.filter.TokenAuthenticationFilter - =================6
2022-01-28 12:16:28.311 [http-nio-8001-exec-7] INFO  c.redskt.security.filter.TokenAuthenticationFilter - =================8
