2022-01-27 08:52:50.957 [http-nio-8001-exec-1] INFO  c.redskt.security.filter.TokenAuthenticationFilter - =================/eduask/uploadqiniutoken
2022-01-27 08:52:50.961 [http-nio-8001-exec-1] INFO  c.redskt.security.filter.TokenAuthenticationFilter - =================11
2022-01-27 08:52:50.961 [http-nio-8001-exec-1] INFO  c.redskt.security.filter.TokenAuthenticationFilter - =================12eyJhbGciOiJIUzUxMiIsInppcCI6IkdaSVAifQ.H4sIAAAAAAAAAKtWKi5NUrJSMjQzMzI2NDcwtDBX0lFKrShQsjI0MzE2MjG1tDSsBQAz-EE4JgAAAA.KbT2OL-2fqlTfTVQu5N7dcYiLFnMPNxzQK4Soe76TF7Ns-TUKCPqYpzKfOAL8Fu6UP7ETCG6n7DD4P3-DSIxnQ
2022-01-27 08:52:53.977 [http-nio-8001-exec-1] INFO  c.redskt.security.filter.TokenAuthenticationFilter - =================5
2022-01-27 08:52:53.978 [http-nio-8001-exec-1] INFO  c.redskt.security.filter.TokenAuthenticationFilter - =================7
2022-01-27 08:53:17.682 [lettuce-eventExecutorLoop-1-2] INFO  io.lettuce.core.protocol.ConnectionWatchdog - Reconnecting, last destination was /121.43.146.70:6379
2022-01-27 08:53:17.733 [lettuce-nioEventLoop-4-3] INFO  io.lettuce.core.protocol.ReconnectionHandler - Reconnected to 121.43.146.70:6379
2022-01-27 08:53:39.213 [http-nio-8001-exec-3] INFO  c.redskt.security.filter.TokenAuthenticationFilter - =================/eduask/uploadqiniutoken
2022-01-27 08:53:39.214 [http-nio-8001-exec-3] INFO  c.redskt.security.filter.TokenAuthenticationFilter - =================11
2022-01-27 08:53:39.214 [http-nio-8001-exec-3] INFO  c.redskt.security.filter.TokenAuthenticationFilter - =================12eyJhbGciOiJIUzUxMiIsInppcCI6IkdaSVAifQ.H4sIAAAAAAAAAKtWKi5NUrJSMjQzMzI2NDcwtDBX0lFKrShQsjI0MzE2MjG1tDSsBQAz-EE4JgAAAA.KbT2OL-2fqlTfTVQu5N7dcYiLFnMPNxzQK4Soe76TF7Ns-TUKCPqYpzKfOAL8Fu6UP7ETCG6n7DD4P3-DSIxnQ
2022-01-27 08:53:39.679 [http-nio-8001-exec-3] INFO  c.redskt.security.filter.TokenAuthenticationFilter - =================3
2022-01-27 08:53:39.680 [http-nio-8001-exec-3] INFO  c.redskt.security.filter.TokenAuthenticationFilter - =================6
2022-01-27 08:53:39.680 [http-nio-8001-exec-3] INFO  c.redskt.security.filter.TokenAuthenticationFilter - =================8
2022-01-27 09:04:56.645 [http-nio-8001-exec-6] INFO  c.redskt.security.filter.TokenAuthenticationFilter - =================/eduask/uploadqiniutoken
2022-01-27 09:04:56.646 [http-nio-8001-exec-6] INFO  c.redskt.security.filter.TokenAuthenticationFilter - =================11
2022-01-27 09:04:56.646 [http-nio-8001-exec-6] INFO  c.redskt.security.filter.TokenAuthenticationFilter - =================12eyJhbGciOiJIUzUxMiIsInppcCI6IkdaSVAifQ.H4sIAAAAAAAAAKtWKi5NUrJSMjQzMzI2NDcwtDBX0lFKrShQsjI0MzE2MjG1tDSsBQAz-EE4JgAAAA.KbT2OL-2fqlTfTVQu5N7dcYiLFnMPNxzQK4Soe76TF7Ns-TUKCPqYpzKfOAL8Fu6UP7ETCG6n7DD4P3-DSIxnQ
2022-01-27 09:04:59.651 [http-nio-8001-exec-6] INFO  c.redskt.security.filter.TokenAuthenticationFilter - =================5
2022-01-27 09:04:59.652 [http-nio-8001-exec-6] INFO  c.redskt.security.filter.TokenAuthenticationFilter - =================7
2022-01-27 09:05:06.794 [http-nio-8001-exec-7] INFO  c.redskt.security.filter.TokenAuthenticationFilter - =================/eduask/uploadqiniutoken
2022-01-27 09:05:06.794 [http-nio-8001-exec-7] INFO  c.redskt.security.filter.TokenAuthenticationFilter - =================11
2022-01-27 09:05:06.795 [http-nio-8001-exec-7] INFO  c.redskt.security.filter.TokenAuthenticationFilter - =================12eyJhbGciOiJIUzUxMiIsInppcCI6IkdaSVAifQ.H4sIAAAAAAAAAKtWKi5NUrJSMjQzMzI2NDcwtDBX0lFKrShQsjI0MzE2MjG1tDSsBQAz-EE4JgAAAA.KbT2OL-2fqlTfTVQu5N7dcYiLFnMPNxzQK4Soe76TF7Ns-TUKCPqYpzKfOAL8Fu6UP7ETCG6n7DD4P3-DSIxnQ
2022-01-27 09:05:09.799 [http-nio-8001-exec-7] INFO  c.redskt.security.filter.TokenAuthenticationFilter - =================5
2022-01-27 09:05:09.800 [http-nio-8001-exec-7] INFO  c.redskt.security.filter.TokenAuthenticationFilter - =================7
2022-01-27 09:08:42.818 [lettuce-eventExecutorLoop-1-7] INFO  io.lettuce.core.protocol.ConnectionWatchdog - Reconnecting, last destination was /121.43.146.70:6379
2022-01-27 09:08:42.873 [lettuce-nioEventLoop-4-4] INFO  io.lettuce.core.protocol.ReconnectionHandler - Reconnected to 121.43.146.70:6379
2022-01-27 09:18:11.424 [http-nio-8001-exec-10] INFO  c.redskt.security.filter.TokenAuthenticationFilter - =================/eduask/uploadqiniutoken
2022-01-27 09:18:11.425 [http-nio-8001-exec-10] INFO  c.redskt.security.filter.TokenAuthenticationFilter - =================11
2022-01-27 09:18:11.425 [http-nio-8001-exec-10] INFO  c.redskt.security.filter.TokenAuthenticationFilter - =================12eyJhbGciOiJIUzUxMiIsInppcCI6IkdaSVAifQ.H4sIAAAAAAAAAKtWKi5NUrJSMjQzMzI2NDcwtDBX0lFKrShQsjI0MzE2MjG1tDSsBQAz-EE4JgAAAA.KbT2OL-2fqlTfTVQu5N7dcYiLFnMPNxzQK4Soe76TF7Ns-TUKCPqYpzKfOAL8Fu6UP7ETCG6n7DD4P3-DSIxnQ
2022-01-27 09:18:11.429 [http-nio-8001-exec-10] INFO  c.redskt.security.filter.TokenAuthenticationFilter - =================7
2022-01-27 09:20:15.558 [SpringContextShutdownHook] INFO  o.s.scheduling.concurrent.ThreadPoolTaskExecutor - Shutting down ExecutorService 'applicationTaskExecutor'
2022-01-27 09:20:15.715 [SpringContextShutdownHook] INFO  com.zaxxer.hikari.HikariDataSource - HikariPool-1 - Shutdown initiated...
2022-01-27 09:20:15.723 [SpringContextShutdownHook] INFO  com.zaxxer.hikari.HikariDataSource - HikariPool-1 - Shutdown completed.
2022-01-27 09:20:18.791 [main] INFO  com.redskt.classroom.RedClassApplication - Starting RedClassApplication on tanyuehongs-mbp with PID 10277 (/Users/zyb/Documents/redcloudcollege/service/service_redclass/target/classes started by zyb in /Users/zyb/Documents/redcloudcollege)
2022-01-27 09:20:18.795 [main] INFO  com.redskt.classroom.RedClassApplication - The following profiles are active: dev
2022-01-27 09:20:19.844 [main] INFO  o.s.d.r.config.RepositoryConfigurationDelegate - Multiple Spring Data modules found, entering strict repository configuration mode!
2022-01-27 09:20:19.848 [main] INFO  o.s.d.r.config.RepositoryConfigurationDelegate - Bootstrapping Spring Data repositories in DEFAULT mode.
2022-01-27 09:20:19.878 [main] INFO  o.s.d.r.config.RepositoryConfigurationDelegate - Finished Spring Data repository scanning in 15ms. Found 0 repository interfaces.
2022-01-27 09:20:20.183 [main] INFO  o.s.c.s.PostProcessorRegistrationDelegate$BeanPostProcessorChecker - Bean 'redisConfig' of type [com.redskt.servicebase.RedisConfig$$EnhancerBySpringCGLIB$$2dc760de] is not eligible for getting processed by all BeanPostProcessors (for example: not eligible for auto-proxying)
2022-01-27 09:20:20.188 [main] INFO  o.s.c.s.PostProcessorRegistrationDelegate$BeanPostProcessorChecker - Bean 'org.springframework.transaction.annotation.ProxyTransactionManagementConfiguration' of type [org.springframework.transaction.annotation.ProxyTransactionManagementConfiguration] is not eligible for getting processed by all BeanPostProcessors (for example: not eligible for auto-proxying)
2022-01-27 09:20:20.571 [main] INFO  o.s.boot.web.embedded.tomcat.TomcatWebServer - Tomcat initialized with port(s): 8001 (http)
2022-01-27 09:20:20.582 [main] INFO  org.apache.coyote.http11.Http11NioProtocol - Initializing ProtocolHandler ["http-nio-8001"]
2022-01-27 09:20:20.582 [main] INFO  org.apache.catalina.core.StandardService - Starting service [Tomcat]
2022-01-27 09:20:20.583 [main] INFO  org.apache.catalina.core.StandardEngine - Starting Servlet engine: [Apache Tomcat/9.0.27]
2022-01-27 09:20:20.691 [main] INFO  o.a.c.core.ContainerBase.[Tomcat].[localhost].[/] - Initializing Spring embedded WebApplicationContext
2022-01-27 09:20:20.691 [main] INFO  org.springframework.web.context.ContextLoader - Root WebApplicationContext: initialization completed in 1848 ms
2022-01-27 09:20:20.935 [main] INFO  com.zaxxer.hikari.HikariDataSource - HikariPool-1 - Starting...
2022-01-27 09:20:21.997 [main] INFO  com.zaxxer.hikari.HikariDataSource - HikariPool-1 - Start completed.
2022-01-27 09:20:23.517 [main] INFO  s.d.s.w.PropertySourcedRequestMappingHandlerMapping - Mapped URL path [/v2/api-docs] onto method [springfox.documentation.swagger2.web.Swagger2Controller#getDocumentation(String, HttpServletRequest)]
2022-01-27 09:20:23.655 [main] INFO  o.s.scheduling.concurrent.ThreadPoolTaskExecutor - Initializing ExecutorService 'applicationTaskExecutor'
2022-01-27 09:20:24.054 [main] INFO  o.s.security.web.DefaultSecurityFilterChain - Creating filter chain: Ant [pattern='/home/**'], []
2022-01-27 09:20:24.054 [main] INFO  o.s.security.web.DefaultSecurityFilterChain - Creating filter chain: Ant [pattern='/swagger-resources/**'], []
2022-01-27 09:20:24.054 [main] INFO  o.s.security.web.DefaultSecurityFilterChain - Creating filter chain: Ant [pattern='/webjars/**'], []
2022-01-27 09:20:24.054 [main] INFO  o.s.security.web.DefaultSecurityFilterChain - Creating filter chain: Ant [pattern='/v2/**'], []
2022-01-27 09:20:24.054 [main] INFO  o.s.security.web.DefaultSecurityFilterChain - Creating filter chain: Ant [pattern='/swagger-ui.html/**'], []
2022-01-27 09:20:24.054 [main] INFO  o.s.security.web.DefaultSecurityFilterChain - Creating filter chain: Ant [pattern='/home/**'], []
2022-01-27 09:20:24.055 [main] INFO  o.s.security.web.DefaultSecurityFilterChain - Creating filter chain: Ant [pattern='/swagger-resources/**'], []
2022-01-27 09:20:24.055 [main] INFO  o.s.security.web.DefaultSecurityFilterChain - Creating filter chain: Ant [pattern='/webjars/**'], []
2022-01-27 09:20:24.055 [main] INFO  o.s.security.web.DefaultSecurityFilterChain - Creating filter chain: Ant [pattern='/v2/**'], []
2022-01-27 09:20:24.055 [main] INFO  o.s.security.web.DefaultSecurityFilterChain - Creating filter chain: Ant [pattern='/swagger-ui.html/**'], []
2022-01-27 09:20:24.088 [main] INFO  o.s.security.web.DefaultSecurityFilterChain - Creating filter chain: Ant [pattern='/admin/**'], [org.springframework.security.web.context.request.async.WebAsyncManagerIntegrationFilter@60fbc34d, org.springframework.security.web.context.SecurityContextPersistenceFilter@85c3522, org.springframework.security.web.header.HeaderWriterFilter@38caad07, org.springframework.security.web.authentication.logout.LogoutFilter@5ea0a7a9, com.redskt.security.filter.TokenLoginFilter@7736c41e, com.redskt.security.filter.TokenAuthenticationFilter@5f911d24, org.springframework.security.web.authentication.www.BasicAuthenticationFilter@2f39b534, org.springframework.security.web.savedrequest.RequestCacheAwareFilter@6fd97fd1, org.springframework.security.web.servletapi.SecurityContextHolderAwareRequestFilter@22bfd4b, org.springframework.security.web.authentication.AnonymousAuthenticationFilter@3de383f7, org.springframework.security.web.session.SessionManagementFilter@72a0a60d, org.springframework.security.web.access.ExceptionTranslationFilter@1acc768, org.springframework.security.web.access.intercept.FilterSecurityInterceptor@72646d16]
2022-01-27 09:20:24.090 [main] INFO  o.s.security.web.DefaultSecurityFilterChain - Creating filter chain: any request, [org.springframework.security.web.context.request.async.WebAsyncManagerIntegrationFilter@10ad95cd, org.springframework.security.web.context.SecurityContextPersistenceFilter@154b0748, org.springframework.security.web.header.HeaderWriterFilter@31de27c, org.springframework.security.web.authentication.logout.LogoutFilter@20556566, com.redskt.security.filter.TokenLoginFilter@69fd99c1, com.redskt.security.filter.TokenAuthenticationFilter@32d8710a, org.springframework.security.web.authentication.www.BasicAuthenticationFilter@9746157, org.springframework.security.web.savedrequest.RequestCacheAwareFilter@35c00c, org.springframework.security.web.servletapi.SecurityContextHolderAwareRequestFilter@6cd7dc74, org.springframework.security.web.authentication.AnonymousAuthenticationFilter@180cc0df, org.springframework.security.web.session.SessionManagementFilter@7ebfe01a, org.springframework.security.web.access.ExceptionTranslationFilter@7c5d36c3, org.springframework.security.web.access.intercept.FilterSecurityInterceptor@70e5737f]
2022-01-27 09:20:24.150 [main] INFO  s.d.s.web.plugins.DocumentationPluginsBootstrapper - Context refreshed
2022-01-27 09:20:24.167 [main] INFO  s.d.s.web.plugins.DocumentationPluginsBootstrapper - Found 1 custom documentation plugin(s)
2022-01-27 09:20:24.199 [main] INFO  s.d.spring.web.scanners.ApiListingReferenceScanner - Scanning for api listing references
2022-01-27 09:20:24.389 [main] INFO  s.d.s.w.r.operation.CachingOperationNameGenerator - Generating unique operation named: registerUserUsingPOST_1
2022-01-27 09:20:24.393 [main] INFO  s.d.s.w.r.operation.CachingOperationNameGenerator - Generating unique operation named: indexUsingGET_1
2022-01-27 09:20:24.396 [main] INFO  s.d.s.w.r.operation.CachingOperationNameGenerator - Generating unique operation named: indexUsingGET_2
2022-01-27 09:20:24.424 [main] INFO  s.d.s.w.r.operation.CachingOperationNameGenerator - Generating unique operation named: registerUserUsingPOST_2
2022-01-27 09:20:24.425 [main] INFO  s.d.s.w.r.operation.CachingOperationNameGenerator - Generating unique operation named: indexUsingGET_3
2022-01-27 09:20:24.428 [main] INFO  s.d.s.w.r.operation.CachingOperationNameGenerator - Generating unique operation named: getBookDetailUsingGET_1
2022-01-27 09:20:24.460 [main] INFO  org.apache.coyote.http11.Http11NioProtocol - Starting ProtocolHandler ["http-nio-8001"]
2022-01-27 09:20:24.489 [main] INFO  o.s.boot.web.embedded.tomcat.TomcatWebServer - Tomcat started on port(s): 8001 (http) with context path ''
2022-01-27 09:20:24.492 [main] INFO  com.redskt.classroom.RedClassApplication - Started RedClassApplication in 6.128 seconds (JVM running for 6.855)
2022-01-27 09:20:24.838 [http-nio-8001-exec-1] INFO  o.a.c.core.ContainerBase.[Tomcat].[localhost].[/] - Initializing Spring DispatcherServlet 'dispatcherServlet'
2022-01-27 09:20:24.839 [http-nio-8001-exec-1] INFO  org.springframework.web.servlet.DispatcherServlet - Initializing Servlet 'dispatcherServlet'
2022-01-27 09:20:24.847 [http-nio-8001-exec-1] INFO  org.springframework.web.servlet.DispatcherServlet - Completed initialization in 8 ms
2022-01-27 09:20:25.438 [http-nio-8001-exec-1] INFO  io.lettuce.core.EpollProvider - Starting without optional epoll library
2022-01-27 09:20:25.439 [http-nio-8001-exec-1] INFO  io.lettuce.core.KqueueProvider - Starting without optional kqueue library
2022-01-27 09:20:25.695 [http-nio-8001-exec-2] INFO  c.redskt.security.filter.TokenAuthenticationFilter - =================/ucenter/getUserInfo
2022-01-27 09:20:25.695 [http-nio-8001-exec-2] INFO  c.redskt.security.filter.TokenAuthenticationFilter - =================11
2022-01-27 09:20:25.696 [http-nio-8001-exec-2] INFO  c.redskt.security.filter.TokenAuthenticationFilter - =================12eyJhbGciOiJIUzUxMiIsInppcCI6IkdaSVAifQ.H4sIAAAAAAAAAKtWKi5NUrJSMjQzMzI2NDcwtDBX0lFKrShQsjI0MzE2NjayMDKtBQCvUpbhJgAAAA.6Z9cKMxNbHzPi7kO_IS-NTEgeRbzQqJTCyvXeRqQMeMIo4Xjm2Mb-Mb2M8BOMXfoB3FpW3q7TW7CS94VU2kxKQ
2022-01-27 09:20:25.757 [http-nio-8001-exec-2] INFO  c.redskt.security.filter.TokenAuthenticationFilter - =================3
2022-01-27 09:20:25.757 [http-nio-8001-exec-2] INFO  c.redskt.security.filter.TokenAuthenticationFilter - =================6
2022-01-27 09:20:25.757 [http-nio-8001-exec-2] INFO  c.redskt.security.filter.TokenAuthenticationFilter - =================8
2022-01-27 09:20:26.094 [http-nio-8001-exec-4] INFO  c.redskt.security.filter.TokenAuthenticationFilter - =================/eduask/uploadqiniutoken
2022-01-27 09:20:26.095 [http-nio-8001-exec-4] INFO  c.redskt.security.filter.TokenAuthenticationFilter - =================11
2022-01-27 09:20:26.095 [http-nio-8001-exec-4] INFO  c.redskt.security.filter.TokenAuthenticationFilter - =================12eyJhbGciOiJIUzUxMiIsInppcCI6IkdaSVAifQ.H4sIAAAAAAAAAKtWKi5NUrJSMjQzMzI2NDcwtDBX0lFKrShQsjI0MzE2NjayMDKtBQCvUpbhJgAAAA.6Z9cKMxNbHzPi7kO_IS-NTEgeRbzQqJTCyvXeRqQMeMIo4Xjm2Mb-Mb2M8BOMXfoB3FpW3q7TW7CS94VU2kxKQ
2022-01-27 09:20:26.135 [http-nio-8001-exec-4] INFO  c.redskt.security.filter.TokenAuthenticationFilter - =================3
2022-01-27 09:20:26.136 [http-nio-8001-exec-4] INFO  c.redskt.security.filter.TokenAuthenticationFilter - =================6
2022-01-27 09:20:26.136 [http-nio-8001-exec-4] INFO  c.redskt.security.filter.TokenAuthenticationFilter - =================8
2022-01-27 09:20:33.138 [http-nio-8001-exec-6] INFO  c.redskt.security.filter.TokenAuthenticationFilter - =================/eduask/uploadqiniutoken
2022-01-27 09:20:33.138 [http-nio-8001-exec-6] INFO  c.redskt.security.filter.TokenAuthenticationFilter - =================11
2022-01-27 09:20:33.139 [http-nio-8001-exec-6] INFO  c.redskt.security.filter.TokenAuthenticationFilter - =================12eyJhbGciOiJIUzUxMiIsInppcCI6IkdaSVAifQ.H4sIAAAAAAAAAKtWKi5NUrJSMjQzMzI2NDcwtDBX0lFKrShQsjI0MzE2NjayMDKtBQCvUpbhJgAAAA.6Z9cKMxNbHzPi7kO_IS-NTEgeRbzQqJTCyvXeRqQMeMIo4Xjm2Mb-Mb2M8BOMXfoB3FpW3q7TW7CS94VU2kxKQ
2022-01-27 09:20:33.513 [http-nio-8001-exec-6] INFO  c.redskt.security.filter.TokenAuthenticationFilter - =================3
2022-01-27 09:20:33.513 [http-nio-8001-exec-6] INFO  c.redskt.security.filter.TokenAuthenticationFilter - =================6
2022-01-27 09:20:33.514 [http-nio-8001-exec-6] INFO  c.redskt.security.filter.TokenAuthenticationFilter - =================8
2022-01-27 09:21:35.174 [http-nio-8001-exec-8] INFO  c.redskt.security.filter.TokenAuthenticationFilter - =================/eduask/uploadqiniutoken
2022-01-27 09:21:35.175 [http-nio-8001-exec-8] INFO  c.redskt.security.filter.TokenAuthenticationFilter - =================11
2022-01-27 09:21:35.175 [http-nio-8001-exec-8] INFO  c.redskt.security.filter.TokenAuthenticationFilter - =================12eyJhbGciOiJIUzUxMiIsInppcCI6IkdaSVAifQ.H4sIAAAAAAAAAKtWKi5NUrJSMjQzMzI2NDcwtDBX0lFKrShQsjI0MzE2NjayMDKtBQCvUpbhJgAAAA.6Z9cKMxNbHzPi7kO_IS-NTEgeRbzQqJTCyvXeRqQMeMIo4Xjm2Mb-Mb2M8BOMXfoB3FpW3q7TW7CS94VU2kxKQ
2022-01-27 09:21:35.215 [http-nio-8001-exec-8] INFO  c.redskt.security.filter.TokenAuthenticationFilter - =================3
2022-01-27 09:21:35.215 [http-nio-8001-exec-8] INFO  c.redskt.security.filter.TokenAuthenticationFilter - =================6
2022-01-27 09:21:35.215 [http-nio-8001-exec-8] INFO  c.redskt.security.filter.TokenAuthenticationFilter - =================8
