2022-03-24 15:14:10.647 [main] INFO  com.redskt.classroom.RedClassApplication - Starting RedClassApplication on tanyuehongs-MacBook-Pro.local with PID 42121 (/Users/zyb/Documents/redcloudcollege/service/service_redclass/target/classes started by zyb in /Users/zyb/Documents/redcloudcollege)
2022-03-24 15:14:10.651 [main] INFO  com.redskt.classroom.RedClassApplication - The following profiles are active: dev
2022-03-24 15:14:11.707 [main] INFO  o.s.d.r.config.RepositoryConfigurationDelegate - Multiple Spring Data modules found, entering strict repository configuration mode!
2022-03-24 15:14:11.716 [main] INFO  o.s.d.r.config.RepositoryConfigurationDelegate - Bootstrapping Spring Data repositories in DEFAULT mode.
2022-03-24 15:14:11.755 [main] INFO  o.s.d.r.config.RepositoryConfigurationDelegate - Finished Spring Data repository scanning in 20ms. Found 0 repository interfaces.
2022-03-24 15:14:12.095 [main] INFO  o.s.c.s.PostProcessorRegistrationDelegate$BeanPostProcessorChecker - Bean 'redisConfig' of type [com.redskt.servicebase.RedisConfig$$EnhancerBySpringCGLIB$$92392551] is not eligible for getting processed by all BeanPostProcessors (for example: not eligible for auto-proxying)
2022-03-24 15:14:12.100 [main] INFO  o.s.c.s.PostProcessorRegistrationDelegate$BeanPostProcessorChecker - Bean 'org.springframework.transaction.annotation.ProxyTransactionManagementConfiguration' of type [org.springframework.transaction.annotation.ProxyTransactionManagementConfiguration] is not eligible for getting processed by all BeanPostProcessors (for example: not eligible for auto-proxying)
2022-03-24 15:14:12.391 [main] INFO  o.s.boot.web.embedded.tomcat.TomcatWebServer - Tomcat initialized with port(s): 8001 (http)
2022-03-24 15:14:12.400 [main] INFO  org.apache.coyote.http11.Http11NioProtocol - Initializing ProtocolHandler ["http-nio-8001"]
2022-03-24 15:14:12.401 [main] INFO  org.apache.catalina.core.StandardService - Starting service [Tomcat]
2022-03-24 15:14:12.401 [main] INFO  org.apache.catalina.core.StandardEngine - Starting Servlet engine: [Apache Tomcat/9.0.27]
2022-03-24 15:14:12.485 [main] INFO  o.a.c.core.ContainerBase.[Tomcat].[localhost].[/] - Initializing Spring embedded WebApplicationContext
2022-03-24 15:14:12.486 [main] INFO  org.springframework.web.context.ContextLoader - Root WebApplicationContext: initialization completed in 1777 ms
2022-03-24 15:14:12.687 [main] INFO  com.zaxxer.hikari.HikariDataSource - HikariPool-1 - Starting...
2022-03-24 15:14:13.627 [main] INFO  com.zaxxer.hikari.HikariDataSource - HikariPool-1 - Start completed.
2022-03-24 15:14:15.025 [main] INFO  s.d.s.w.PropertySourcedRequestMappingHandlerMapping - Mapped URL path [/v2/api-docs] onto method [springfox.documentation.swagger2.web.Swagger2Controller#getDocumentation(String, HttpServletRequest)]
2022-03-24 15:14:15.122 [main] INFO  o.s.scheduling.concurrent.ThreadPoolTaskExecutor - Initializing ExecutorService 'applicationTaskExecutor'
2022-03-24 15:14:15.430 [main] INFO  o.s.security.web.DefaultSecurityFilterChain - Creating filter chain: Ant [pattern='/home/**'], []
2022-03-24 15:14:15.431 [main] INFO  o.s.security.web.DefaultSecurityFilterChain - Creating filter chain: Ant [pattern='/swagger-resources/**'], []
2022-03-24 15:14:15.431 [main] INFO  o.s.security.web.DefaultSecurityFilterChain - Creating filter chain: Ant [pattern='/webjars/**'], []
2022-03-24 15:14:15.431 [main] INFO  o.s.security.web.DefaultSecurityFilterChain - Creating filter chain: Ant [pattern='/v2/**'], []
2022-03-24 15:14:15.431 [main] INFO  o.s.security.web.DefaultSecurityFilterChain - Creating filter chain: Ant [pattern='/swagger-ui.html/**'], []
2022-03-24 15:14:15.431 [main] INFO  o.s.security.web.DefaultSecurityFilterChain - Creating filter chain: Ant [pattern='/home/**'], []
2022-03-24 15:14:15.431 [main] INFO  o.s.security.web.DefaultSecurityFilterChain - Creating filter chain: Ant [pattern='/swagger-resources/**'], []
2022-03-24 15:14:15.431 [main] INFO  o.s.security.web.DefaultSecurityFilterChain - Creating filter chain: Ant [pattern='/webjars/**'], []
2022-03-24 15:14:15.431 [main] INFO  o.s.security.web.DefaultSecurityFilterChain - Creating filter chain: Ant [pattern='/v2/**'], []
2022-03-24 15:14:15.432 [main] INFO  o.s.security.web.DefaultSecurityFilterChain - Creating filter chain: Ant [pattern='/swagger-ui.html/**'], []
2022-03-24 15:14:15.457 [main] INFO  o.s.security.web.DefaultSecurityFilterChain - Creating filter chain: Ant [pattern='/admin/**'], [org.springframework.security.web.context.request.async.WebAsyncManagerIntegrationFilter@69c227fd, org.springframework.security.web.context.SecurityContextPersistenceFilter@25e353dc, org.springframework.security.web.header.HeaderWriterFilter@6949cead, org.springframework.security.web.authentication.logout.LogoutFilter@2d3111a1, com.redskt.security.filter.TokenLoginFilter@14c5283, com.redskt.security.filter.TokenAuthenticationFilter@1eb7ec59, org.springframework.security.web.authentication.www.BasicAuthenticationFilter@5ee0cf64, org.springframework.security.web.savedrequest.RequestCacheAwareFilter@780a91d0, org.springframework.security.web.servletapi.SecurityContextHolderAwareRequestFilter@ba86c53, org.springframework.security.web.authentication.AnonymousAuthenticationFilter@46748b04, org.springframework.security.web.session.SessionManagementFilter@5ea0a7a9, org.springframework.security.web.access.ExceptionTranslationFilter@22ee7fdc, org.springframework.security.web.access.intercept.FilterSecurityInterceptor@64f33dee]
2022-03-24 15:14:15.459 [main] INFO  o.s.security.web.DefaultSecurityFilterChain - Creating filter chain: any request, [org.springframework.security.web.context.request.async.WebAsyncManagerIntegrationFilter@73e93c3a, org.springframework.security.web.context.SecurityContextPersistenceFilter@3205610d, org.springframework.security.web.header.HeaderWriterFilter@37c5b8e8, org.springframework.security.web.authentication.logout.LogoutFilter@4e45fbd0, com.redskt.security.filter.TokenLoginFilter@1835b783, com.redskt.security.filter.TokenAuthenticationFilter@456b140f, org.springframework.security.web.authentication.www.BasicAuthenticationFilter@43b45ce4, org.springframework.security.web.savedrequest.RequestCacheAwareFilter@54e06788, org.springframework.security.web.servletapi.SecurityContextHolderAwareRequestFilter@4e789704, org.springframework.security.web.authentication.AnonymousAuthenticationFilter@2459333a, org.springframework.security.web.session.SessionManagementFilter@706d2bae, org.springframework.security.web.access.ExceptionTranslationFilter@2b19b346, org.springframework.security.web.access.intercept.FilterSecurityInterceptor@2a5efbb9]
2022-03-24 15:14:15.504 [main] INFO  s.d.s.web.plugins.DocumentationPluginsBootstrapper - Context refreshed
2022-03-24 15:14:15.523 [main] INFO  s.d.s.web.plugins.DocumentationPluginsBootstrapper - Found 1 custom documentation plugin(s)
2022-03-24 15:14:15.562 [main] INFO  s.d.spring.web.scanners.ApiListingReferenceScanner - Scanning for api listing references
2022-03-24 15:14:15.679 [main] INFO  s.d.s.w.r.operation.CachingOperationNameGenerator - Generating unique operation named: registerUserUsingPOST_1
2022-03-24 15:14:15.689 [main] INFO  s.d.s.w.r.operation.CachingOperationNameGenerator - Generating unique operation named: registerUserUsingPOST_2
2022-03-24 15:14:15.703 [main] INFO  s.d.s.w.r.operation.CachingOperationNameGenerator - Generating unique operation named: indexUsingGET_1
2022-03-24 15:14:15.706 [main] INFO  s.d.s.w.r.operation.CachingOperationNameGenerator - Generating unique operation named: indexUsingGET_2
2022-03-24 15:14:15.727 [main] INFO  s.d.s.w.r.operation.CachingOperationNameGenerator - Generating unique operation named: addGoodUsingGET_1
2022-03-24 15:14:15.731 [main] INFO  s.d.s.w.r.operation.CachingOperationNameGenerator - Generating unique operation named: cancleGoodUsingGET_1
2022-03-24 15:14:15.742 [main] INFO  s.d.s.w.r.operation.CachingOperationNameGenerator - Generating unique operation named: getGoodStateUsingGET_1
2022-03-24 15:14:15.768 [main] INFO  s.d.s.w.r.operation.CachingOperationNameGenerator - Generating unique operation named: registerUserUsingPOST_3
2022-03-24 15:14:15.770 [main] INFO  s.d.s.w.r.operation.CachingOperationNameGenerator - Generating unique operation named: indexUsingGET_3
2022-03-24 15:14:15.772 [main] INFO  s.d.s.w.r.operation.CachingOperationNameGenerator - Generating unique operation named: addGoodUsingGET_2
2022-03-24 15:14:15.774 [main] INFO  s.d.s.w.r.operation.CachingOperationNameGenerator - Generating unique operation named: cancleGoodUsingGET_2
2022-03-24 15:14:15.776 [main] INFO  s.d.s.w.r.operation.CachingOperationNameGenerator - Generating unique operation named: getGoodStateUsingGET_2
2022-03-24 15:14:15.778 [main] INFO  s.d.s.w.r.operation.CachingOperationNameGenerator - Generating unique operation named: getBookDetailUsingGET_1
2022-03-24 15:14:15.804 [main] INFO  org.apache.coyote.http11.Http11NioProtocol - Starting ProtocolHandler ["http-nio-8001"]
2022-03-24 15:14:15.826 [main] INFO  o.s.boot.web.embedded.tomcat.TomcatWebServer - Tomcat started on port(s): 8001 (http) with context path ''
2022-03-24 15:14:15.828 [main] INFO  com.redskt.classroom.RedClassApplication - Started RedClassApplication in 5.838 seconds (JVM running for 6.571)
2022-03-24 15:14:22.378 [SpringContextShutdownHook] INFO  o.s.scheduling.concurrent.ThreadPoolTaskExecutor - Shutting down ExecutorService 'applicationTaskExecutor'
2022-03-24 15:14:22.399 [SpringContextShutdownHook] INFO  com.zaxxer.hikari.HikariDataSource - HikariPool-1 - Shutdown initiated...
2022-03-24 15:14:22.409 [SpringContextShutdownHook] INFO  com.zaxxer.hikari.HikariDataSource - HikariPool-1 - Shutdown completed.
