2022-02-07 13:46:28.807 [main] INFO  com.redskt.classroom.RedClassApplication - Starting RedClassApplication on tanyuehongs-MacBook-Pro.local with PID 3813 (/Users/zyb/Documents/redcloudcollege/service/service_redclass/target/classes started by zyb in /Users/zyb/Documents/redcloudcollege)
2022-02-07 13:46:28.810 [main] INFO  com.redskt.classroom.RedClassApplication - The following profiles are active: dev
2022-02-07 13:46:29.764 [main] INFO  o.s.d.r.config.RepositoryConfigurationDelegate - Multiple Spring Data modules found, entering strict repository configuration mode!
2022-02-07 13:46:29.768 [main] INFO  o.s.d.r.config.RepositoryConfigurationDelegate - Bootstrapping Spring Data repositories in DEFAULT mode.
2022-02-07 13:46:29.802 [main] INFO  o.s.d.r.config.RepositoryConfigurationDelegate - Finished Spring Data repository scanning in 17ms. Found 0 repository interfaces.
2022-02-07 13:46:30.102 [main] INFO  o.s.c.s.PostProcessorRegistrationDelegate$BeanPostProcessorChecker - Bean 'redisConfig' of type [com.redskt.servicebase.RedisConfig$$EnhancerBySpringCGLIB$$b4dbfae6] is not eligible for getting processed by all BeanPostProcessors (for example: not eligible for auto-proxying)
2022-02-07 13:46:30.107 [main] INFO  o.s.c.s.PostProcessorRegistrationDelegate$BeanPostProcessorChecker - Bean 'org.springframework.transaction.annotation.ProxyTransactionManagementConfiguration' of type [org.springframework.transaction.annotation.ProxyTransactionManagementConfiguration] is not eligible for getting processed by all BeanPostProcessors (for example: not eligible for auto-proxying)
2022-02-07 13:46:30.410 [main] INFO  o.s.boot.web.embedded.tomcat.TomcatWebServer - Tomcat initialized with port(s): 8001 (http)
2022-02-07 13:46:30.419 [main] INFO  org.apache.coyote.http11.Http11NioProtocol - Initializing ProtocolHandler ["http-nio-8001"]
2022-02-07 13:46:30.420 [main] INFO  org.apache.catalina.core.StandardService - Starting service [Tomcat]
2022-02-07 13:46:30.420 [main] INFO  org.apache.catalina.core.StandardEngine - Starting Servlet engine: [Apache Tomcat/9.0.27]
2022-02-07 13:46:30.512 [main] INFO  o.a.c.core.ContainerBase.[Tomcat].[localhost].[/] - Initializing Spring embedded WebApplicationContext
2022-02-07 13:46:30.512 [main] INFO  org.springframework.web.context.ContextLoader - Root WebApplicationContext: initialization completed in 1668 ms
2022-02-07 13:46:30.705 [main] INFO  com.zaxxer.hikari.HikariDataSource - HikariPool-1 - Starting...
2022-02-07 13:46:31.598 [main] INFO  com.zaxxer.hikari.HikariDataSource - HikariPool-1 - Start completed.
2022-02-07 13:46:32.941 [main] INFO  s.d.s.w.PropertySourcedRequestMappingHandlerMapping - Mapped URL path [/v2/api-docs] onto method [springfox.documentation.swagger2.web.Swagger2Controller#getDocumentation(String, HttpServletRequest)]
2022-02-07 13:46:33.052 [main] INFO  o.s.scheduling.concurrent.ThreadPoolTaskExecutor - Initializing ExecutorService 'applicationTaskExecutor'
2022-02-07 13:46:33.392 [main] INFO  o.s.security.web.DefaultSecurityFilterChain - Creating filter chain: Ant [pattern='/home/**'], []
2022-02-07 13:46:33.392 [main] INFO  o.s.security.web.DefaultSecurityFilterChain - Creating filter chain: Ant [pattern='/swagger-resources/**'], []
2022-02-07 13:46:33.392 [main] INFO  o.s.security.web.DefaultSecurityFilterChain - Creating filter chain: Ant [pattern='/webjars/**'], []
2022-02-07 13:46:33.392 [main] INFO  o.s.security.web.DefaultSecurityFilterChain - Creating filter chain: Ant [pattern='/v2/**'], []
2022-02-07 13:46:33.392 [main] INFO  o.s.security.web.DefaultSecurityFilterChain - Creating filter chain: Ant [pattern='/swagger-ui.html/**'], []
2022-02-07 13:46:33.392 [main] INFO  o.s.security.web.DefaultSecurityFilterChain - Creating filter chain: Ant [pattern='/home/**'], []
2022-02-07 13:46:33.393 [main] INFO  o.s.security.web.DefaultSecurityFilterChain - Creating filter chain: Ant [pattern='/swagger-resources/**'], []
2022-02-07 13:46:33.393 [main] INFO  o.s.security.web.DefaultSecurityFilterChain - Creating filter chain: Ant [pattern='/webjars/**'], []
2022-02-07 13:46:33.393 [main] INFO  o.s.security.web.DefaultSecurityFilterChain - Creating filter chain: Ant [pattern='/v2/**'], []
2022-02-07 13:46:33.393 [main] INFO  o.s.security.web.DefaultSecurityFilterChain - Creating filter chain: Ant [pattern='/swagger-ui.html/**'], []
2022-02-07 13:46:33.422 [main] INFO  o.s.security.web.DefaultSecurityFilterChain - Creating filter chain: Ant [pattern='/admin/**'], [org.springframework.security.web.context.request.async.WebAsyncManagerIntegrationFilter@31de27c, org.springframework.security.web.context.SecurityContextPersistenceFilter@6247c08c, org.springframework.security.web.header.HeaderWriterFilter@180f33b2, org.springframework.security.web.authentication.logout.LogoutFilter@7d82ca56, com.redskt.security.filter.TokenLoginFilter@7ebfe01a, com.redskt.security.filter.TokenAuthenticationFilter@154b0748, org.springframework.security.web.authentication.www.BasicAuthenticationFilter@7c5d36c3, org.springframework.security.web.savedrequest.RequestCacheAwareFilter@7aab98b6, org.springframework.security.web.servletapi.SecurityContextHolderAwareRequestFilter@3a6b94b6, org.springframework.security.web.authentication.AnonymousAuthenticationFilter@35c00c, org.springframework.security.web.session.SessionManagementFilter@48c3a0ef, org.springframework.security.web.access.ExceptionTranslationFilter@129c760d, org.springframework.security.web.access.intercept.FilterSecurityInterceptor@42ebece0]
2022-02-07 13:46:33.424 [main] INFO  o.s.security.web.DefaultSecurityFilterChain - Creating filter chain: any request, [org.springframework.security.web.context.request.async.WebAsyncManagerIntegrationFilter@14c5283, org.springframework.security.web.context.SecurityContextPersistenceFilter@69fd99c1, org.springframework.security.web.header.HeaderWriterFilter@9746157, org.springframework.security.web.authentication.logout.LogoutFilter@61c58320, com.redskt.security.filter.TokenLoginFilter@1eb7ec59, com.redskt.security.filter.TokenAuthenticationFilter@46748b04, org.springframework.security.web.authentication.www.BasicAuthenticationFilter@69c227fd, org.springframework.security.web.savedrequest.RequestCacheAwareFilter@32d8710a, org.springframework.security.web.servletapi.SecurityContextHolderAwareRequestFilter@180cc0df, org.springframework.security.web.authentication.AnonymousAuthenticationFilter@3e71a1f8, org.springframework.security.web.session.SessionManagementFilter@10ad95cd, org.springframework.security.web.access.ExceptionTranslationFilter@70e5737f, org.springframework.security.web.access.intercept.FilterSecurityInterceptor@5ee0cf64]
2022-02-07 13:46:33.473 [main] INFO  s.d.s.web.plugins.DocumentationPluginsBootstrapper - Context refreshed
2022-02-07 13:46:33.487 [main] INFO  s.d.s.web.plugins.DocumentationPluginsBootstrapper - Found 1 custom documentation plugin(s)
2022-02-07 13:46:33.515 [main] INFO  s.d.spring.web.scanners.ApiListingReferenceScanner - Scanning for api listing references
2022-02-07 13:46:33.630 [main] INFO  s.d.s.w.r.operation.CachingOperationNameGenerator - Generating unique operation named: registerUserUsingPOST_1
2022-02-07 13:46:33.633 [main] INFO  s.d.s.w.r.operation.CachingOperationNameGenerator - Generating unique operation named: indexUsingGET_1
2022-02-07 13:46:33.635 [main] INFO  s.d.s.w.r.operation.CachingOperationNameGenerator - Generating unique operation named: indexUsingGET_2
2022-02-07 13:46:33.660 [main] INFO  s.d.s.w.r.operation.CachingOperationNameGenerator - Generating unique operation named: registerUserUsingPOST_2
2022-02-07 13:46:33.663 [main] INFO  s.d.s.w.r.operation.CachingOperationNameGenerator - Generating unique operation named: indexUsingGET_3
2022-02-07 13:46:33.665 [main] INFO  s.d.s.w.r.operation.CachingOperationNameGenerator - Generating unique operation named: getBookDetailUsingGET_1
2022-02-07 13:46:33.697 [main] INFO  org.apache.coyote.http11.Http11NioProtocol - Starting ProtocolHandler ["http-nio-8001"]
2022-02-07 13:46:33.728 [main] INFO  o.s.boot.web.embedded.tomcat.TomcatWebServer - Tomcat started on port(s): 8001 (http) with context path ''
2022-02-07 13:46:33.731 [main] INFO  com.redskt.classroom.RedClassApplication - Started RedClassApplication in 5.294 seconds (JVM running for 10.85)
2022-02-07 13:48:32.175 [http-nio-8001-exec-1] INFO  o.a.c.core.ContainerBase.[Tomcat].[localhost].[/] - Initializing Spring DispatcherServlet 'dispatcherServlet'
2022-02-07 13:48:32.176 [http-nio-8001-exec-1] INFO  org.springframework.web.servlet.DispatcherServlet - Initializing Servlet 'dispatcherServlet'
2022-02-07 13:48:32.184 [http-nio-8001-exec-1] INFO  org.springframework.web.servlet.DispatcherServlet - Completed initialization in 8 ms
2022-02-07 13:48:45.635 [http-nio-8001-exec-4] INFO  c.redskt.security.filter.TokenAuthenticationFilter - =================/eduask/uploadqiniutoken
2022-02-07 13:48:45.636 [http-nio-8001-exec-4] INFO  c.redskt.security.filter.TokenAuthenticationFilter - =================11
2022-02-07 13:48:45.636 [http-nio-8001-exec-4] INFO  c.redskt.security.filter.TokenAuthenticationFilter - =================12eyJhbGciOiJIUzUxMiIsInppcCI6IkdaSVAifQ.H4sIAAAAAAAAAKtWKi5NUrJSMjQzMzI2NDcwtDBX0lFKrShQsjI0MzG2MDU2szCoBQBYypeYJgAAAA.qeSC2G7FCOCDEdF9mAcvT_Fu_rRlNAwBJRbj1MKxesU8v-5r62fwJaUtWaDgo2XhTboj95kM30GjwmA07g7TwA
2022-02-07 13:48:45.672 [http-nio-8001-exec-4] INFO  c.redskt.security.filter.TokenAuthenticationFilter - =================7
2022-02-07 13:49:11.344 [http-nio-8001-exec-5] INFO  io.lettuce.core.EpollProvider - Starting without optional epoll library
2022-02-07 13:49:11.345 [http-nio-8001-exec-5] INFO  io.lettuce.core.KqueueProvider - Starting without optional kqueue library
2022-02-07 13:49:16.554 [http-nio-8001-exec-7] INFO  c.redskt.security.filter.TokenAuthenticationFilter - =================/ucenter/getUserInfo
2022-02-07 13:49:16.554 [http-nio-8001-exec-7] INFO  c.redskt.security.filter.TokenAuthenticationFilter - =================11
2022-02-07 13:49:16.555 [http-nio-8001-exec-7] INFO  c.redskt.security.filter.TokenAuthenticationFilter - =================12eyJhbGciOiJIUzUxMiIsInppcCI6IkdaSVAifQ.H4sIAAAAAAAAAKtWKi5NUrJSMjQzMzI2NDcwtDBX0lFKrShQsjI0MzExsrQ0NjWsBQD1Fk0tJgAAAA.ZBYm80-EvZus6Qw3wh_hTCyrzG9sNYRmz_epUde2WJ8TrbwWaxntjtMZFSiJv12huCre6VAAWDBLq4z3i69B4A
2022-02-07 13:49:16.603 [http-nio-8001-exec-7] INFO  c.redskt.security.filter.TokenAuthenticationFilter - =================3
2022-02-07 13:49:16.603 [http-nio-8001-exec-7] INFO  c.redskt.security.filter.TokenAuthenticationFilter - =================6
2022-02-07 13:49:16.603 [http-nio-8001-exec-7] INFO  c.redskt.security.filter.TokenAuthenticationFilter - =================8
2022-02-07 13:49:16.724 [http-nio-8001-exec-8] INFO  c.redskt.security.filter.TokenAuthenticationFilter - =================/ucenter/getUserInfo
2022-02-07 13:49:16.725 [http-nio-8001-exec-8] INFO  c.redskt.security.filter.TokenAuthenticationFilter - =================11
2022-02-07 13:49:16.725 [http-nio-8001-exec-8] INFO  c.redskt.security.filter.TokenAuthenticationFilter - =================12eyJhbGciOiJIUzUxMiIsInppcCI6IkdaSVAifQ.H4sIAAAAAAAAAKtWKi5NUrJSMjQzMzI2NDcwtDBX0lFKrShQsjI0MzExsrQ0NjWqBQA2RWAGJgAAAA.maiN41NK06GZilS2WQY0YqQE-LqERi6sUU_INb6Yc4ycMRitO8KXJg6aZkcknQW0gECItCXYY0iGemjbmZkgvg
2022-02-07 13:49:16.756 [http-nio-8001-exec-8] INFO  c.redskt.security.filter.TokenAuthenticationFilter - =================3
2022-02-07 13:49:16.756 [http-nio-8001-exec-8] INFO  c.redskt.security.filter.TokenAuthenticationFilter - =================6
2022-02-07 13:49:16.757 [http-nio-8001-exec-8] INFO  c.redskt.security.filter.TokenAuthenticationFilter - =================8
2022-02-07 13:49:16.777 [http-nio-8001-exec-10] INFO  c.redskt.security.filter.TokenAuthenticationFilter - =================/eduask/uploadqiniutoken
2022-02-07 13:49:16.778 [http-nio-8001-exec-10] INFO  c.redskt.security.filter.TokenAuthenticationFilter - =================11
2022-02-07 13:49:16.778 [http-nio-8001-exec-10] INFO  c.redskt.security.filter.TokenAuthenticationFilter - =================12eyJhbGciOiJIUzUxMiIsInppcCI6IkdaSVAifQ.H4sIAAAAAAAAAKtWKi5NUrJSMjQzMzI2NDcwtDBX0lFKrShQsjI0MzExsrQ0NjWqBQA2RWAGJgAAAA.maiN41NK06GZilS2WQY0YqQE-LqERi6sUU_INb6Yc4ycMRitO8KXJg6aZkcknQW0gECItCXYY0iGemjbmZkgvg
2022-02-07 13:49:16.812 [http-nio-8001-exec-10] INFO  c.redskt.security.filter.TokenAuthenticationFilter - =================3
2022-02-07 13:49:16.812 [http-nio-8001-exec-10] INFO  c.redskt.security.filter.TokenAuthenticationFilter - =================6
2022-02-07 13:49:16.812 [http-nio-8001-exec-10] INFO  c.redskt.security.filter.TokenAuthenticationFilter - =================8
2022-02-07 13:49:23.649 [http-nio-8001-exec-1] INFO  c.redskt.security.filter.TokenAuthenticationFilter - =================/eduask/uploadqiniutoken
2022-02-07 13:49:23.650 [http-nio-8001-exec-1] INFO  c.redskt.security.filter.TokenAuthenticationFilter - =================11
2022-02-07 13:49:23.650 [http-nio-8001-exec-1] INFO  c.redskt.security.filter.TokenAuthenticationFilter - =================12eyJhbGciOiJIUzUxMiIsInppcCI6IkdaSVAifQ.H4sIAAAAAAAAAKtWKi5NUrJSMjQzMzI2NDcwtDBX0lFKrShQsjI0MzExsrQ0NjWqBQA2RWAGJgAAAA.maiN41NK06GZilS2WQY0YqQE-LqERi6sUU_INb6Yc4ycMRitO8KXJg6aZkcknQW0gECItCXYY0iGemjbmZkgvg
2022-02-07 13:49:23.689 [http-nio-8001-exec-1] INFO  c.redskt.security.filter.TokenAuthenticationFilter - =================3
2022-02-07 13:49:23.690 [http-nio-8001-exec-1] INFO  c.redskt.security.filter.TokenAuthenticationFilter - =================6
2022-02-07 13:49:23.690 [http-nio-8001-exec-1] INFO  c.redskt.security.filter.TokenAuthenticationFilter - =================8
2022-02-07 13:49:25.792 [http-nio-8001-exec-2] INFO  c.redskt.security.filter.TokenAuthenticationFilter - =================/eduask/uploadqiniutoken
2022-02-07 13:49:25.792 [http-nio-8001-exec-2] INFO  c.redskt.security.filter.TokenAuthenticationFilter - =================11
2022-02-07 13:49:25.792 [http-nio-8001-exec-2] INFO  c.redskt.security.filter.TokenAuthenticationFilter - =================12eyJhbGciOiJIUzUxMiIsInppcCI6IkdaSVAifQ.H4sIAAAAAAAAAKtWKi5NUrJSMjQzMzI2NDcwtDBX0lFKrShQsjI0MzExsrQ0NjWqBQA2RWAGJgAAAA.maiN41NK06GZilS2WQY0YqQE-LqERi6sUU_INb6Yc4ycMRitO8KXJg6aZkcknQW0gECItCXYY0iGemjbmZkgvg
2022-02-07 13:49:25.832 [http-nio-8001-exec-2] INFO  c.redskt.security.filter.TokenAuthenticationFilter - =================3
2022-02-07 13:49:25.832 [http-nio-8001-exec-2] INFO  c.redskt.security.filter.TokenAuthenticationFilter - =================6
2022-02-07 13:49:25.832 [http-nio-8001-exec-2] INFO  c.redskt.security.filter.TokenAuthenticationFilter - =================8
2022-02-07 13:49:43.464 [http-nio-8001-exec-8] INFO  c.redskt.security.filter.TokenAuthenticationFilter - =================/eduask/uploadqiniutoken
2022-02-07 13:49:43.464 [http-nio-8001-exec-8] INFO  c.redskt.security.filter.TokenAuthenticationFilter - =================11
2022-02-07 13:49:43.464 [http-nio-8001-exec-8] INFO  c.redskt.security.filter.TokenAuthenticationFilter - =================12eyJhbGciOiJIUzUxMiIsInppcCI6IkdaSVAifQ.H4sIAAAAAAAAAKtWKi5NUrJSMjQzMzI2NDcwtDBX0lFKrShQsjI0MzExsrQ0NjWqBQA2RWAGJgAAAA.maiN41NK06GZilS2WQY0YqQE-LqERi6sUU_INb6Yc4ycMRitO8KXJg6aZkcknQW0gECItCXYY0iGemjbmZkgvg
2022-02-07 13:49:43.502 [http-nio-8001-exec-8] INFO  c.redskt.security.filter.TokenAuthenticationFilter - =================3
2022-02-07 13:49:43.503 [http-nio-8001-exec-8] INFO  c.redskt.security.filter.TokenAuthenticationFilter - =================6
2022-02-07 13:49:43.503 [http-nio-8001-exec-8] INFO  c.redskt.security.filter.TokenAuthenticationFilter - =================8
2022-02-07 13:49:58.121 [http-nio-8001-exec-10] INFO  c.redskt.security.filter.TokenAuthenticationFilter - =================/eduask/uploadqiniutoken
2022-02-07 13:49:58.121 [http-nio-8001-exec-10] INFO  c.redskt.security.filter.TokenAuthenticationFilter - =================11
2022-02-07 13:49:58.122 [http-nio-8001-exec-10] INFO  c.redskt.security.filter.TokenAuthenticationFilter - =================12eyJhbGciOiJIUzUxMiIsInppcCI6IkdaSVAifQ.H4sIAAAAAAAAAKtWKi5NUrJSMjQzMzI2NDcwtDBX0lFKrShQsjI0MzExsrQ0NjWqBQA2RWAGJgAAAA.maiN41NK06GZilS2WQY0YqQE-LqERi6sUU_INb6Yc4ycMRitO8KXJg6aZkcknQW0gECItCXYY0iGemjbmZkgvg
2022-02-07 13:49:58.153 [http-nio-8001-exec-10] INFO  c.redskt.security.filter.TokenAuthenticationFilter - =================3
2022-02-07 13:49:58.153 [http-nio-8001-exec-10] INFO  c.redskt.security.filter.TokenAuthenticationFilter - =================6
2022-02-07 13:49:58.153 [http-nio-8001-exec-10] INFO  c.redskt.security.filter.TokenAuthenticationFilter - =================8
2022-02-07 14:29:08.075 [http-nio-8001-exec-3] INFO  c.redskt.security.filter.TokenAuthenticationFilter - =================/eduask/uploadqiniutoken
2022-02-07 14:29:08.076 [http-nio-8001-exec-3] INFO  c.redskt.security.filter.TokenAuthenticationFilter - =================11
2022-02-07 14:29:08.076 [http-nio-8001-exec-3] INFO  c.redskt.security.filter.TokenAuthenticationFilter - =================12eyJhbGciOiJIUzUxMiIsInppcCI6IkdaSVAifQ.H4sIAAAAAAAAAKtWKi5NUrJSMjQzMzI2NDcwtDBX0lFKrShQsjI0MzExsrQ0NjWqBQA2RWAGJgAAAA.maiN41NK06GZilS2WQY0YqQE-LqERi6sUU_INb6Yc4ycMRitO8KXJg6aZkcknQW0gECItCXYY0iGemjbmZkgvg
2022-02-07 14:29:08.113 [http-nio-8001-exec-3] INFO  c.redskt.security.filter.TokenAuthenticationFilter - =================3
2022-02-07 14:29:08.113 [http-nio-8001-exec-3] INFO  c.redskt.security.filter.TokenAuthenticationFilter - =================6
2022-02-07 14:29:08.113 [http-nio-8001-exec-3] INFO  c.redskt.security.filter.TokenAuthenticationFilter - =================8
2022-02-07 14:29:14.328 [http-nio-8001-exec-6] INFO  c.redskt.security.filter.TokenAuthenticationFilter - =================/eduask/uploadqiniutoken
2022-02-07 14:29:14.329 [http-nio-8001-exec-6] INFO  c.redskt.security.filter.TokenAuthenticationFilter - =================11
2022-02-07 14:29:14.329 [http-nio-8001-exec-6] INFO  c.redskt.security.filter.TokenAuthenticationFilter - =================12eyJhbGciOiJIUzUxMiIsInppcCI6IkdaSVAifQ.H4sIAAAAAAAAAKtWKi5NUrJSMjQzMzI2NDcwtDBX0lFKrShQsjI0MzExsrQ0NjWqBQA2RWAGJgAAAA.maiN41NK06GZilS2WQY0YqQE-LqERi6sUU_INb6Yc4ycMRitO8KXJg6aZkcknQW0gECItCXYY0iGemjbmZkgvg
2022-02-07 14:29:14.377 [http-nio-8001-exec-6] INFO  c.redskt.security.filter.TokenAuthenticationFilter - =================3
2022-02-07 14:29:14.377 [http-nio-8001-exec-6] INFO  c.redskt.security.filter.TokenAuthenticationFilter - =================6
2022-02-07 14:29:14.378 [http-nio-8001-exec-6] INFO  c.redskt.security.filter.TokenAuthenticationFilter - =================8
2022-02-07 14:29:20.544 [http-nio-8001-exec-10] INFO  c.redskt.security.filter.TokenAuthenticationFilter - =================/eduask/uploadqiniutoken
2022-02-07 14:29:20.545 [http-nio-8001-exec-10] INFO  c.redskt.security.filter.TokenAuthenticationFilter - =================11
2022-02-07 14:29:20.545 [http-nio-8001-exec-10] INFO  c.redskt.security.filter.TokenAuthenticationFilter - =================12eyJhbGciOiJIUzUxMiIsInppcCI6IkdaSVAifQ.H4sIAAAAAAAAAKtWKi5NUrJSMjQzMzI2NDcwtDBX0lFKrShQsjI0MzExsrQ0NjWqBQA2RWAGJgAAAA.maiN41NK06GZilS2WQY0YqQE-LqERi6sUU_INb6Yc4ycMRitO8KXJg6aZkcknQW0gECItCXYY0iGemjbmZkgvg
2022-02-07 14:29:20.580 [http-nio-8001-exec-10] INFO  c.redskt.security.filter.TokenAuthenticationFilter - =================3
2022-02-07 14:29:20.581 [http-nio-8001-exec-10] INFO  c.redskt.security.filter.TokenAuthenticationFilter - =================6
2022-02-07 14:29:20.581 [http-nio-8001-exec-10] INFO  c.redskt.security.filter.TokenAuthenticationFilter - =================8
2022-02-07 14:33:00.710 [SpringContextShutdownHook] INFO  o.s.scheduling.concurrent.ThreadPoolTaskExecutor - Shutting down ExecutorService 'applicationTaskExecutor'
2022-02-07 14:33:00.845 [SpringContextShutdownHook] INFO  com.zaxxer.hikari.HikariDataSource - HikariPool-1 - Shutdown initiated...
2022-02-07 14:33:00.852 [SpringContextShutdownHook] INFO  com.zaxxer.hikari.HikariDataSource - HikariPool-1 - Shutdown completed.
2022-02-07 15:27:17.062 [main] INFO  com.redskt.classroom.RedClassApplication - Starting RedClassApplication on tanyuehongs-MacBook-Pro.local with PID 5474 (/Users/zyb/Documents/redcloudcollege/service/service_redclass/target/classes started by zyb in /Users/zyb/Documents/redcloudcollege)
2022-02-07 15:27:17.065 [main] INFO  com.redskt.classroom.RedClassApplication - The following profiles are active: dev
2022-02-07 15:27:18.083 [main] INFO  o.s.d.r.config.RepositoryConfigurationDelegate - Multiple Spring Data modules found, entering strict repository configuration mode!
2022-02-07 15:27:18.087 [main] INFO  o.s.d.r.config.RepositoryConfigurationDelegate - Bootstrapping Spring Data repositories in DEFAULT mode.
2022-02-07 15:27:18.125 [main] INFO  o.s.d.r.config.RepositoryConfigurationDelegate - Finished Spring Data repository scanning in 21ms. Found 0 repository interfaces.
2022-02-07 15:27:18.450 [main] INFO  o.s.c.s.PostProcessorRegistrationDelegate$BeanPostProcessorChecker - Bean 'redisConfig' of type [com.redskt.servicebase.RedisConfig$$EnhancerBySpringCGLIB$$91b03900] is not eligible for getting processed by all BeanPostProcessors (for example: not eligible for auto-proxying)
2022-02-07 15:27:18.455 [main] INFO  o.s.c.s.PostProcessorRegistrationDelegate$BeanPostProcessorChecker - Bean 'org.springframework.transaction.annotation.ProxyTransactionManagementConfiguration' of type [org.springframework.transaction.annotation.ProxyTransactionManagementConfiguration] is not eligible for getting processed by all BeanPostProcessors (for example: not eligible for auto-proxying)
2022-02-07 15:27:18.751 [main] INFO  o.s.boot.web.embedded.tomcat.TomcatWebServer - Tomcat initialized with port(s): 8001 (http)
2022-02-07 15:27:18.760 [main] INFO  org.apache.coyote.http11.Http11NioProtocol - Initializing ProtocolHandler ["http-nio-8001"]
2022-02-07 15:27:18.760 [main] INFO  org.apache.catalina.core.StandardService - Starting service [Tomcat]
2022-02-07 15:27:18.761 [main] INFO  org.apache.catalina.core.StandardEngine - Starting Servlet engine: [Apache Tomcat/9.0.27]
2022-02-07 15:27:18.837 [main] INFO  o.a.c.core.ContainerBase.[Tomcat].[localhost].[/] - Initializing Spring embedded WebApplicationContext
2022-02-07 15:27:18.837 [main] INFO  org.springframework.web.context.ContextLoader - Root WebApplicationContext: initialization completed in 1732 ms
2022-02-07 15:27:19.031 [main] INFO  com.zaxxer.hikari.HikariDataSource - HikariPool-1 - Starting...
2022-02-07 15:27:19.868 [main] INFO  com.zaxxer.hikari.HikariDataSource - HikariPool-1 - Start completed.
2022-02-07 15:27:21.193 [main] INFO  s.d.s.w.PropertySourcedRequestMappingHandlerMapping - Mapped URL path [/v2/api-docs] onto method [springfox.documentation.swagger2.web.Swagger2Controller#getDocumentation(String, HttpServletRequest)]
2022-02-07 15:27:21.317 [main] INFO  o.s.scheduling.concurrent.ThreadPoolTaskExecutor - Initializing ExecutorService 'applicationTaskExecutor'
2022-02-07 15:27:21.674 [main] INFO  o.s.security.web.DefaultSecurityFilterChain - Creating filter chain: Ant [pattern='/home/**'], []
2022-02-07 15:27:21.674 [main] INFO  o.s.security.web.DefaultSecurityFilterChain - Creating filter chain: Ant [pattern='/swagger-resources/**'], []
2022-02-07 15:27:21.674 [main] INFO  o.s.security.web.DefaultSecurityFilterChain - Creating filter chain: Ant [pattern='/webjars/**'], []
2022-02-07 15:27:21.675 [main] INFO  o.s.security.web.DefaultSecurityFilterChain - Creating filter chain: Ant [pattern='/v2/**'], []
2022-02-07 15:27:21.675 [main] INFO  o.s.security.web.DefaultSecurityFilterChain - Creating filter chain: Ant [pattern='/swagger-ui.html/**'], []
2022-02-07 15:27:21.675 [main] INFO  o.s.security.web.DefaultSecurityFilterChain - Creating filter chain: Ant [pattern='/home/**'], []
2022-02-07 15:27:21.675 [main] INFO  o.s.security.web.DefaultSecurityFilterChain - Creating filter chain: Ant [pattern='/swagger-resources/**'], []
2022-02-07 15:27:21.675 [main] INFO  o.s.security.web.DefaultSecurityFilterChain - Creating filter chain: Ant [pattern='/webjars/**'], []
2022-02-07 15:27:21.675 [main] INFO  o.s.security.web.DefaultSecurityFilterChain - Creating filter chain: Ant [pattern='/v2/**'], []
2022-02-07 15:27:21.675 [main] INFO  o.s.security.web.DefaultSecurityFilterChain - Creating filter chain: Ant [pattern='/swagger-ui.html/**'], []
2022-02-07 15:27:21.703 [main] INFO  o.s.security.web.DefaultSecurityFilterChain - Creating filter chain: Ant [pattern='/admin/**'], [org.springframework.security.web.context.request.async.WebAsyncManagerIntegrationFilter@706d2bae, org.springframework.security.web.context.SecurityContextPersistenceFilter@217fd3c, org.springframework.security.web.header.HeaderWriterFilter@4203529f, org.springframework.security.web.authentication.logout.LogoutFilter@c2f7c63, com.redskt.security.filter.TokenLoginFilter@3205610d, com.redskt.security.filter.TokenAuthenticationFilter@54e06788, org.springframework.security.web.authentication.www.BasicAuthenticationFilter@37c5b8e8, org.springframework.security.web.savedrequest.RequestCacheAwareFilter@1736273c, org.springframework.security.web.servletapi.SecurityContextHolderAwareRequestFilter@2a20da9f, org.springframework.security.web.authentication.AnonymousAuthenticationFilter@4e789704, org.springframework.security.web.session.SessionManagementFilter@2aaa89c2, org.springframework.security.web.access.ExceptionTranslationFilter@6b278b17, org.springframework.security.web.access.intercept.FilterSecurityInterceptor@7cbede2b]
2022-02-07 15:27:21.705 [main] INFO  o.s.security.web.DefaultSecurityFilterChain - Creating filter chain: any request, [org.springframework.security.web.context.request.async.WebAsyncManagerIntegrationFilter@73852720, org.springframework.security.web.context.SecurityContextPersistenceFilter@456b140f, org.springframework.security.web.header.HeaderWriterFilter@73e93c3a, org.springframework.security.web.authentication.logout.LogoutFilter@3601549f, com.redskt.security.filter.TokenLoginFilter@22854f2b, com.redskt.security.filter.TokenAuthenticationFilter@7ae0a26, org.springframework.security.web.authentication.www.BasicAuthenticationFilter@bea283b, org.springframework.security.web.savedrequest.RequestCacheAwareFilter@2459333a, org.springframework.security.web.servletapi.SecurityContextHolderAwareRequestFilter@1e6bd367, org.springframework.security.web.authentication.AnonymousAuthenticationFilter@5ddf5118, org.springframework.security.web.session.SessionManagementFilter@1835b783, org.springframework.security.web.access.ExceptionTranslationFilter@43b45ce4, org.springframework.security.web.access.intercept.FilterSecurityInterceptor@33f2cf82]
2022-02-07 15:27:21.753 [main] INFO  s.d.s.web.plugins.DocumentationPluginsBootstrapper - Context refreshed
2022-02-07 15:27:21.767 [main] INFO  s.d.s.web.plugins.DocumentationPluginsBootstrapper - Found 1 custom documentation plugin(s)
2022-02-07 15:27:21.796 [main] INFO  s.d.spring.web.scanners.ApiListingReferenceScanner - Scanning for api listing references
2022-02-07 15:27:21.916 [main] INFO  s.d.s.w.r.operation.CachingOperationNameGenerator - Generating unique operation named: registerUserUsingPOST_1
2022-02-07 15:27:21.921 [main] INFO  s.d.s.w.r.operation.CachingOperationNameGenerator - Generating unique operation named: indexUsingGET_1
2022-02-07 15:27:21.923 [main] INFO  s.d.s.w.r.operation.CachingOperationNameGenerator - Generating unique operation named: indexUsingGET_2
2022-02-07 15:27:21.945 [main] INFO  s.d.s.w.r.operation.CachingOperationNameGenerator - Generating unique operation named: registerUserUsingPOST_2
2022-02-07 15:27:21.947 [main] INFO  s.d.s.w.r.operation.CachingOperationNameGenerator - Generating unique operation named: indexUsingGET_3
2022-02-07 15:27:21.948 [main] INFO  s.d.s.w.r.operation.CachingOperationNameGenerator - Generating unique operation named: getBookDetailUsingGET_1
2022-02-07 15:27:21.978 [main] INFO  org.apache.coyote.http11.Http11NioProtocol - Starting ProtocolHandler ["http-nio-8001"]
2022-02-07 15:27:22.003 [main] INFO  o.s.boot.web.embedded.tomcat.TomcatWebServer - Tomcat started on port(s): 8001 (http) with context path ''
2022-02-07 15:27:22.006 [main] INFO  com.redskt.classroom.RedClassApplication - Started RedClassApplication in 5.327 seconds (JVM running for 10.858)
2022-02-07 15:27:27.734 [http-nio-8001-exec-1] INFO  o.a.c.core.ContainerBase.[Tomcat].[localhost].[/] - Initializing Spring DispatcherServlet 'dispatcherServlet'
2022-02-07 15:27:27.734 [http-nio-8001-exec-1] INFO  org.springframework.web.servlet.DispatcherServlet - Initializing Servlet 'dispatcherServlet'
2022-02-07 15:27:27.742 [http-nio-8001-exec-1] INFO  org.springframework.web.servlet.DispatcherServlet - Completed initialization in 7 ms
2022-02-07 15:37:30.274 [SpringContextShutdownHook] INFO  o.s.scheduling.concurrent.ThreadPoolTaskExecutor - Shutting down ExecutorService 'applicationTaskExecutor'
2022-02-07 15:37:30.292 [SpringContextShutdownHook] INFO  com.zaxxer.hikari.HikariDataSource - HikariPool-1 - Shutdown initiated...
2022-02-07 15:37:30.298 [SpringContextShutdownHook] INFO  com.zaxxer.hikari.HikariDataSource - HikariPool-1 - Shutdown completed.
2022-02-07 15:37:39.065 [main] INFO  com.redskt.classroom.RedClassApplication - Starting RedClassApplication on tanyuehongs-MacBook-Pro.local with PID 5667 (/Users/zyb/Documents/redcloudcollege/service/service_redclass/target/classes started by zyb in /Users/zyb/Documents/redcloudcollege)
2022-02-07 15:37:39.067 [main] INFO  com.redskt.classroom.RedClassApplication - The following profiles are active: dev
2022-02-07 15:37:39.775 [main] INFO  o.s.d.r.config.RepositoryConfigurationDelegate - Multiple Spring Data modules found, entering strict repository configuration mode!
2022-02-07 15:37:39.778 [main] INFO  o.s.d.r.config.RepositoryConfigurationDelegate - Bootstrapping Spring Data repositories in DEFAULT mode.
2022-02-07 15:37:39.830 [main] INFO  o.s.d.r.config.RepositoryConfigurationDelegate - Finished Spring Data repository scanning in 30ms. Found 0 repository interfaces.
2022-02-07 15:37:40.126 [main] INFO  o.s.c.s.PostProcessorRegistrationDelegate$BeanPostProcessorChecker - Bean 'redisConfig' of type [com.redskt.servicebase.RedisConfig$$EnhancerBySpringCGLIB$$2bc7d34f] is not eligible for getting processed by all BeanPostProcessors (for example: not eligible for auto-proxying)
2022-02-07 15:37:40.131 [main] INFO  o.s.c.s.PostProcessorRegistrationDelegate$BeanPostProcessorChecker - Bean 'org.springframework.transaction.annotation.ProxyTransactionManagementConfiguration' of type [org.springframework.transaction.annotation.ProxyTransactionManagementConfiguration] is not eligible for getting processed by all BeanPostProcessors (for example: not eligible for auto-proxying)
2022-02-07 15:37:40.363 [main] INFO  o.s.boot.web.embedded.tomcat.TomcatWebServer - Tomcat initialized with port(s): 8001 (http)
2022-02-07 15:37:40.370 [main] INFO  org.apache.coyote.http11.Http11NioProtocol - Initializing ProtocolHandler ["http-nio-8001"]
2022-02-07 15:37:40.371 [main] INFO  org.apache.catalina.core.StandardService - Starting service [Tomcat]
2022-02-07 15:37:40.371 [main] INFO  org.apache.catalina.core.StandardEngine - Starting Servlet engine: [Apache Tomcat/9.0.27]
2022-02-07 15:37:40.438 [main] INFO  o.a.c.core.ContainerBase.[Tomcat].[localhost].[/] - Initializing Spring embedded WebApplicationContext
2022-02-07 15:37:40.438 [main] INFO  org.springframework.web.context.ContextLoader - Root WebApplicationContext: initialization completed in 1342 ms
2022-02-07 15:37:40.592 [main] INFO  com.zaxxer.hikari.HikariDataSource - HikariPool-1 - Starting...
2022-02-07 15:37:41.392 [main] INFO  com.zaxxer.hikari.HikariDataSource - HikariPool-1 - Start completed.
2022-02-07 15:37:42.509 [main] INFO  s.d.s.w.PropertySourcedRequestMappingHandlerMapping - Mapped URL path [/v2/api-docs] onto method [springfox.documentation.swagger2.web.Swagger2Controller#getDocumentation(String, HttpServletRequest)]
2022-02-07 15:37:42.597 [main] INFO  o.s.scheduling.concurrent.ThreadPoolTaskExecutor - Initializing ExecutorService 'applicationTaskExecutor'
2022-02-07 15:37:42.867 [main] INFO  o.s.security.web.DefaultSecurityFilterChain - Creating filter chain: Ant [pattern='/home/**'], []
2022-02-07 15:37:42.868 [main] INFO  o.s.security.web.DefaultSecurityFilterChain - Creating filter chain: Ant [pattern='/swagger-resources/**'], []
2022-02-07 15:37:42.868 [main] INFO  o.s.security.web.DefaultSecurityFilterChain - Creating filter chain: Ant [pattern='/webjars/**'], []
2022-02-07 15:37:42.868 [main] INFO  o.s.security.web.DefaultSecurityFilterChain - Creating filter chain: Ant [pattern='/v2/**'], []
2022-02-07 15:37:42.868 [main] INFO  o.s.security.web.DefaultSecurityFilterChain - Creating filter chain: Ant [pattern='/swagger-ui.html/**'], []
2022-02-07 15:37:42.868 [main] INFO  o.s.security.web.DefaultSecurityFilterChain - Creating filter chain: Ant [pattern='/home/**'], []
2022-02-07 15:37:42.868 [main] INFO  o.s.security.web.DefaultSecurityFilterChain - Creating filter chain: Ant [pattern='/swagger-resources/**'], []
2022-02-07 15:37:42.868 [main] INFO  o.s.security.web.DefaultSecurityFilterChain - Creating filter chain: Ant [pattern='/webjars/**'], []
2022-02-07 15:37:42.868 [main] INFO  o.s.security.web.DefaultSecurityFilterChain - Creating filter chain: Ant [pattern='/v2/**'], []
2022-02-07 15:37:42.869 [main] INFO  o.s.security.web.DefaultSecurityFilterChain - Creating filter chain: Ant [pattern='/swagger-ui.html/**'], []
2022-02-07 15:37:42.892 [main] INFO  o.s.security.web.DefaultSecurityFilterChain - Creating filter chain: Ant [pattern='/admin/**'], [org.springframework.security.web.context.request.async.WebAsyncManagerIntegrationFilter@69fd99c1, org.springframework.security.web.context.SecurityContextPersistenceFilter@533d7c61, org.springframework.security.web.header.HeaderWriterFilter@e2f6e13, org.springframework.security.web.authentication.logout.LogoutFilter@51172948, com.redskt.security.filter.TokenLoginFilter@32d8710a, com.redskt.security.filter.TokenAuthenticationFilter@180cc0df, org.springframework.security.web.authentication.www.BasicAuthenticationFilter@10ad95cd, org.springframework.security.web.savedrequest.RequestCacheAwareFilter@3a6b94b6, org.springframework.security.web.servletapi.SecurityContextHolderAwareRequestFilter@6b278b17, org.springframework.security.web.authentication.AnonymousAuthenticationFilter@64f33dee, org.springframework.security.web.session.SessionManagementFilter@48f4264e, org.springframework.security.web.access.ExceptionTranslationFilter@21ce3b22, org.springframework.security.web.access.intercept.FilterSecurityInterceptor@e4ef4c0]
2022-02-07 15:37:42.894 [main] INFO  o.s.security.web.DefaultSecurityFilterChain - Creating filter chain: any request, [org.springframework.security.web.context.request.async.WebAsyncManagerIntegrationFilter@54e06788, org.springframework.security.web.context.SecurityContextPersistenceFilter@3e71a1f8, org.springframework.security.web.header.HeaderWriterFilter@1eb7ec59, org.springframework.security.web.authentication.logout.LogoutFilter@2d3d4a54, com.redskt.security.filter.TokenLoginFilter@4e789704, com.redskt.security.filter.TokenAuthenticationFilter@5751e53e, org.springframework.security.web.authentication.www.BasicAuthenticationFilter@3205610d, org.springframework.security.web.savedrequest.RequestCacheAwareFilter@5d4a34ff, org.springframework.security.web.servletapi.SecurityContextHolderAwareRequestFilter@7cbede2b, org.springframework.security.web.authentication.AnonymousAuthenticationFilter@4e45fbd0, org.springframework.security.web.session.SessionManagementFilter@46748b04, org.springframework.security.web.access.ExceptionTranslationFilter@14c5283, org.springframework.security.web.access.intercept.FilterSecurityInterceptor@706d2bae]
2022-02-07 15:37:42.938 [main] INFO  s.d.s.web.plugins.DocumentationPluginsBootstrapper - Context refreshed
2022-02-07 15:37:42.947 [main] INFO  s.d.s.web.plugins.DocumentationPluginsBootstrapper - Found 1 custom documentation plugin(s)
2022-02-07 15:37:42.968 [main] INFO  s.d.spring.web.scanners.ApiListingReferenceScanner - Scanning for api listing references
2022-02-07 15:37:43.058 [main] INFO  s.d.s.w.r.operation.CachingOperationNameGenerator - Generating unique operation named: registerUserUsingPOST_1
2022-02-07 15:37:43.065 [main] INFO  s.d.s.w.r.operation.CachingOperationNameGenerator - Generating unique operation named: indexUsingGET_1
2022-02-07 15:37:43.067 [main] INFO  s.d.s.w.r.operation.CachingOperationNameGenerator - Generating unique operation named: indexUsingGET_2
2022-02-07 15:37:43.090 [main] INFO  s.d.s.w.r.operation.CachingOperationNameGenerator - Generating unique operation named: registerUserUsingPOST_2
2022-02-07 15:37:43.094 [main] INFO  s.d.s.w.r.operation.CachingOperationNameGenerator - Generating unique operation named: indexUsingGET_3
2022-02-07 15:37:43.096 [main] INFO  s.d.s.w.r.operation.CachingOperationNameGenerator - Generating unique operation named: getBookDetailUsingGET_1
2022-02-07 15:37:43.125 [main] INFO  org.apache.coyote.http11.Http11NioProtocol - Starting ProtocolHandler ["http-nio-8001"]
2022-02-07 15:37:43.148 [main] INFO  o.s.boot.web.embedded.tomcat.TomcatWebServer - Tomcat started on port(s): 8001 (http) with context path ''
2022-02-07 15:37:43.150 [main] INFO  com.redskt.classroom.RedClassApplication - Started RedClassApplication in 4.392 seconds (JVM running for 9.879)
2022-02-07 15:38:18.725 [http-nio-8001-exec-1] INFO  o.a.c.core.ContainerBase.[Tomcat].[localhost].[/] - Initializing Spring DispatcherServlet 'dispatcherServlet'
2022-02-07 15:38:18.726 [http-nio-8001-exec-1] INFO  org.springframework.web.servlet.DispatcherServlet - Initializing Servlet 'dispatcherServlet'
2022-02-07 15:38:18.732 [http-nio-8001-exec-1] INFO  org.springframework.web.servlet.DispatcherServlet - Completed initialization in 6 ms
2022-02-07 16:38:41.906 [SpringContextShutdownHook] INFO  o.s.scheduling.concurrent.ThreadPoolTaskExecutor - Shutting down ExecutorService 'applicationTaskExecutor'
2022-02-07 16:38:41.929 [SpringContextShutdownHook] INFO  com.zaxxer.hikari.HikariDataSource - HikariPool-1 - Shutdown initiated...
2022-02-07 16:38:42.195 [SpringContextShutdownHook] INFO  com.zaxxer.hikari.HikariDataSource - HikariPool-1 - Shutdown completed.
2022-02-07 16:38:51.572 [main] INFO  com.redskt.classroom.RedClassApplication - Starting RedClassApplication on tanyuehongs-MacBook-Pro.local with PID 6164 (/Users/zyb/Documents/redcloudcollege/service/service_redclass/target/classes started by zyb in /Users/zyb/Documents/redcloudcollege)
2022-02-07 16:38:51.574 [main] INFO  com.redskt.classroom.RedClassApplication - The following profiles are active: dev
2022-02-07 16:38:52.424 [main] INFO  o.s.d.r.config.RepositoryConfigurationDelegate - Multiple Spring Data modules found, entering strict repository configuration mode!
2022-02-07 16:38:52.426 [main] INFO  o.s.d.r.config.RepositoryConfigurationDelegate - Bootstrapping Spring Data repositories in DEFAULT mode.
2022-02-07 16:38:52.470 [main] INFO  o.s.d.r.config.RepositoryConfigurationDelegate - Finished Spring Data repository scanning in 24ms. Found 0 repository interfaces.
2022-02-07 16:38:52.753 [main] INFO  o.s.c.s.PostProcessorRegistrationDelegate$BeanPostProcessorChecker - Bean 'redisConfig' of type [com.redskt.servicebase.RedisConfig$$EnhancerBySpringCGLIB$$13890ddc] is not eligible for getting processed by all BeanPostProcessors (for example: not eligible for auto-proxying)
2022-02-07 16:38:52.758 [main] INFO  o.s.c.s.PostProcessorRegistrationDelegate$BeanPostProcessorChecker - Bean 'org.springframework.transaction.annotation.ProxyTransactionManagementConfiguration' of type [org.springframework.transaction.annotation.ProxyTransactionManagementConfiguration] is not eligible for getting processed by all BeanPostProcessors (for example: not eligible for auto-proxying)
2022-02-07 16:38:53.008 [main] INFO  o.s.boot.web.embedded.tomcat.TomcatWebServer - Tomcat initialized with port(s): 8001 (http)
2022-02-07 16:38:53.017 [main] INFO  org.apache.coyote.http11.Http11NioProtocol - Initializing ProtocolHandler ["http-nio-8001"]
2022-02-07 16:38:53.018 [main] INFO  org.apache.catalina.core.StandardService - Starting service [Tomcat]
2022-02-07 16:38:53.018 [main] INFO  org.apache.catalina.core.StandardEngine - Starting Servlet engine: [Apache Tomcat/9.0.27]
2022-02-07 16:38:53.094 [main] INFO  o.a.c.core.ContainerBase.[Tomcat].[localhost].[/] - Initializing Spring embedded WebApplicationContext
2022-02-07 16:38:53.094 [main] INFO  org.springframework.web.context.ContextLoader - Root WebApplicationContext: initialization completed in 1485 ms
2022-02-07 16:38:53.264 [main] INFO  com.zaxxer.hikari.HikariDataSource - HikariPool-1 - Starting...
2022-02-07 16:38:53.981 [main] INFO  com.zaxxer.hikari.HikariDataSource - HikariPool-1 - Start completed.
2022-02-07 16:38:55.207 [main] INFO  s.d.s.w.PropertySourcedRequestMappingHandlerMapping - Mapped URL path [/v2/api-docs] onto method [springfox.documentation.swagger2.web.Swagger2Controller#getDocumentation(String, HttpServletRequest)]
2022-02-07 16:38:55.338 [main] INFO  o.s.scheduling.concurrent.ThreadPoolTaskExecutor - Initializing ExecutorService 'applicationTaskExecutor'
2022-02-07 16:38:55.647 [main] INFO  o.s.security.web.DefaultSecurityFilterChain - Creating filter chain: Ant [pattern='/home/**'], []
2022-02-07 16:38:55.648 [main] INFO  o.s.security.web.DefaultSecurityFilterChain - Creating filter chain: Ant [pattern='/swagger-resources/**'], []
2022-02-07 16:38:55.648 [main] INFO  o.s.security.web.DefaultSecurityFilterChain - Creating filter chain: Ant [pattern='/webjars/**'], []
2022-02-07 16:38:55.648 [main] INFO  o.s.security.web.DefaultSecurityFilterChain - Creating filter chain: Ant [pattern='/v2/**'], []
2022-02-07 16:38:55.648 [main] INFO  o.s.security.web.DefaultSecurityFilterChain - Creating filter chain: Ant [pattern='/swagger-ui.html/**'], []
2022-02-07 16:38:55.649 [main] INFO  o.s.security.web.DefaultSecurityFilterChain - Creating filter chain: Ant [pattern='/home/**'], []
2022-02-07 16:38:55.649 [main] INFO  o.s.security.web.DefaultSecurityFilterChain - Creating filter chain: Ant [pattern='/swagger-resources/**'], []
2022-02-07 16:38:55.649 [main] INFO  o.s.security.web.DefaultSecurityFilterChain - Creating filter chain: Ant [pattern='/webjars/**'], []
2022-02-07 16:38:55.649 [main] INFO  o.s.security.web.DefaultSecurityFilterChain - Creating filter chain: Ant [pattern='/v2/**'], []
2022-02-07 16:38:55.649 [main] INFO  o.s.security.web.DefaultSecurityFilterChain - Creating filter chain: Ant [pattern='/swagger-ui.html/**'], []
2022-02-07 16:38:55.679 [main] INFO  o.s.security.web.DefaultSecurityFilterChain - Creating filter chain: Ant [pattern='/admin/**'], [org.springframework.security.web.context.request.async.WebAsyncManagerIntegrationFilter@1ef04613, org.springframework.security.web.context.SecurityContextPersistenceFilter@2ae5580, org.springframework.security.web.header.HeaderWriterFilter@3cfab340, org.springframework.security.web.authentication.logout.LogoutFilter@25c8c71e, com.redskt.security.filter.TokenLoginFilter@2d3d4a54, com.redskt.security.filter.TokenAuthenticationFilter@215c6ec0, org.springframework.security.web.authentication.www.BasicAuthenticationFilter@7cbede2b, org.springframework.security.web.savedrequest.RequestCacheAwareFilter@7d82ca56, org.springframework.security.web.servletapi.SecurityContextHolderAwareRequestFilter@51172948, org.springframework.security.web.authentication.AnonymousAuthenticationFilter@2b19b346, org.springframework.security.web.session.SessionManagementFilter@470f0637, org.springframework.security.web.access.ExceptionTranslationFilter@234ce7ff, org.springframework.security.web.access.intercept.FilterSecurityInterceptor@14c5283]
2022-02-07 16:38:55.681 [main] INFO  o.s.security.web.DefaultSecurityFilterChain - Creating filter chain: any request, [org.springframework.security.web.context.request.async.WebAsyncManagerIntegrationFilter@5b2c7186, org.springframework.security.web.context.SecurityContextPersistenceFilter@4b240276, org.springframework.security.web.header.HeaderWriterFilter@19ce19b7, org.springframework.security.web.authentication.logout.LogoutFilter@1835b783, com.redskt.security.filter.TokenLoginFilter@1b9c716f, com.redskt.security.filter.TokenAuthenticationFilter@f6bc75c, org.springframework.security.web.authentication.www.BasicAuthenticationFilter@3601549f, org.springframework.security.web.savedrequest.RequestCacheAwareFilter@2a5efbb9, org.springframework.security.web.servletapi.SecurityContextHolderAwareRequestFilter@43b45ce4, org.springframework.security.web.authentication.AnonymousAuthenticationFilter@33f2cf82, org.springframework.security.web.session.SessionManagementFilter@13047d3d, org.springframework.security.web.access.ExceptionTranslationFilter@4e45fbd0, org.springframework.security.web.access.intercept.FilterSecurityInterceptor@2bd7f686]
2022-02-07 16:38:55.731 [main] INFO  s.d.s.web.plugins.DocumentationPluginsBootstrapper - Context refreshed
2022-02-07 16:38:55.743 [main] INFO  s.d.s.web.plugins.DocumentationPluginsBootstrapper - Found 1 custom documentation plugin(s)
2022-02-07 16:38:55.766 [main] INFO  s.d.spring.web.scanners.ApiListingReferenceScanner - Scanning for api listing references
2022-02-07 16:38:55.878 [main] INFO  s.d.s.w.r.operation.CachingOperationNameGenerator - Generating unique operation named: registerUserUsingPOST_1
2022-02-07 16:38:55.888 [main] INFO  s.d.s.w.r.operation.CachingOperationNameGenerator - Generating unique operation named: indexUsingGET_1
2022-02-07 16:38:55.890 [main] INFO  s.d.s.w.r.operation.CachingOperationNameGenerator - Generating unique operation named: indexUsingGET_2
2022-02-07 16:38:55.913 [main] INFO  s.d.s.w.r.operation.CachingOperationNameGenerator - Generating unique operation named: registerUserUsingPOST_2
2022-02-07 16:38:55.914 [main] INFO  s.d.s.w.r.operation.CachingOperationNameGenerator - Generating unique operation named: indexUsingGET_3
2022-02-07 16:38:55.916 [main] INFO  s.d.s.w.r.operation.CachingOperationNameGenerator - Generating unique operation named: getBookDetailUsingGET_1
2022-02-07 16:38:55.946 [main] INFO  org.apache.coyote.http11.Http11NioProtocol - Starting ProtocolHandler ["http-nio-8001"]
2022-02-07 16:38:55.970 [main] INFO  o.s.boot.web.embedded.tomcat.TomcatWebServer - Tomcat started on port(s): 8001 (http) with context path ''
2022-02-07 16:38:55.973 [main] INFO  com.redskt.classroom.RedClassApplication - Started RedClassApplication in 4.748 seconds (JVM running for 10.294)
2022-02-07 16:39:59.447 [http-nio-8001-exec-1] INFO  o.a.c.core.ContainerBase.[Tomcat].[localhost].[/] - Initializing Spring DispatcherServlet 'dispatcherServlet'
2022-02-07 16:39:59.448 [http-nio-8001-exec-1] INFO  org.springframework.web.servlet.DispatcherServlet - Initializing Servlet 'dispatcherServlet'
2022-02-07 16:39:59.456 [http-nio-8001-exec-1] INFO  org.springframework.web.servlet.DispatcherServlet - Completed initialization in 8 ms
2022-02-07 17:04:12.476 [SpringContextShutdownHook] INFO  o.s.scheduling.concurrent.ThreadPoolTaskExecutor - Shutting down ExecutorService 'applicationTaskExecutor'
2022-02-07 17:04:12.496 [SpringContextShutdownHook] INFO  com.zaxxer.hikari.HikariDataSource - HikariPool-1 - Shutdown initiated...
2022-02-07 17:04:12.504 [SpringContextShutdownHook] INFO  com.zaxxer.hikari.HikariDataSource - HikariPool-1 - Shutdown completed.
2022-02-07 17:04:21.652 [main] INFO  com.redskt.classroom.RedClassApplication - Starting RedClassApplication on tanyuehongs-MacBook-Pro.local with PID 6614 (/Users/zyb/Documents/redcloudcollege/service/service_redclass/target/classes started by zyb in /Users/zyb/Documents/redcloudcollege)
2022-02-07 17:04:21.654 [main] INFO  com.redskt.classroom.RedClassApplication - The following profiles are active: dev
2022-02-07 17:04:22.525 [main] INFO  o.s.d.r.config.RepositoryConfigurationDelegate - Multiple Spring Data modules found, entering strict repository configuration mode!
2022-02-07 17:04:22.527 [main] INFO  o.s.d.r.config.RepositoryConfigurationDelegate - Bootstrapping Spring Data repositories in DEFAULT mode.
2022-02-07 17:04:22.564 [main] INFO  o.s.d.r.config.RepositoryConfigurationDelegate - Finished Spring Data repository scanning in 22ms. Found 0 repository interfaces.
2022-02-07 17:04:22.851 [main] INFO  o.s.c.s.PostProcessorRegistrationDelegate$BeanPostProcessorChecker - Bean 'redisConfig' of type [com.redskt.servicebase.RedisConfig$$EnhancerBySpringCGLIB$$28f168ef] is not eligible for getting processed by all BeanPostProcessors (for example: not eligible for auto-proxying)
2022-02-07 17:04:22.857 [main] INFO  o.s.c.s.PostProcessorRegistrationDelegate$BeanPostProcessorChecker - Bean 'org.springframework.transaction.annotation.ProxyTransactionManagementConfiguration' of type [org.springframework.transaction.annotation.ProxyTransactionManagementConfiguration] is not eligible for getting processed by all BeanPostProcessors (for example: not eligible for auto-proxying)
2022-02-07 17:04:23.110 [main] INFO  o.s.boot.web.embedded.tomcat.TomcatWebServer - Tomcat initialized with port(s): 8001 (http)
2022-02-07 17:04:23.118 [main] INFO  org.apache.coyote.http11.Http11NioProtocol - Initializing ProtocolHandler ["http-nio-8001"]
2022-02-07 17:04:23.118 [main] INFO  org.apache.catalina.core.StandardService - Starting service [Tomcat]
2022-02-07 17:04:23.118 [main] INFO  org.apache.catalina.core.StandardEngine - Starting Servlet engine: [Apache Tomcat/9.0.27]
2022-02-07 17:04:23.193 [main] INFO  o.a.c.core.ContainerBase.[Tomcat].[localhost].[/] - Initializing Spring embedded WebApplicationContext
2022-02-07 17:04:23.194 [main] INFO  org.springframework.web.context.ContextLoader - Root WebApplicationContext: initialization completed in 1504 ms
2022-02-07 17:04:23.376 [main] INFO  com.zaxxer.hikari.HikariDataSource - HikariPool-1 - Starting...
2022-02-07 17:04:24.060 [main] INFO  com.zaxxer.hikari.HikariDataSource - HikariPool-1 - Start completed.
2022-02-07 17:04:25.537 [main] INFO  s.d.s.w.PropertySourcedRequestMappingHandlerMapping - Mapped URL path [/v2/api-docs] onto method [springfox.documentation.swagger2.web.Swagger2Controller#getDocumentation(String, HttpServletRequest)]
2022-02-07 17:04:25.645 [main] INFO  o.s.scheduling.concurrent.ThreadPoolTaskExecutor - Initializing ExecutorService 'applicationTaskExecutor'
2022-02-07 17:04:25.929 [main] INFO  o.s.security.web.DefaultSecurityFilterChain - Creating filter chain: Ant [pattern='/home/**'], []
2022-02-07 17:04:25.930 [main] INFO  o.s.security.web.DefaultSecurityFilterChain - Creating filter chain: Ant [pattern='/swagger-resources/**'], []
2022-02-07 17:04:25.930 [main] INFO  o.s.security.web.DefaultSecurityFilterChain - Creating filter chain: Ant [pattern='/webjars/**'], []
2022-02-07 17:04:25.930 [main] INFO  o.s.security.web.DefaultSecurityFilterChain - Creating filter chain: Ant [pattern='/v2/**'], []
2022-02-07 17:04:25.930 [main] INFO  o.s.security.web.DefaultSecurityFilterChain - Creating filter chain: Ant [pattern='/swagger-ui.html/**'], []
2022-02-07 17:04:25.930 [main] INFO  o.s.security.web.DefaultSecurityFilterChain - Creating filter chain: Ant [pattern='/home/**'], []
2022-02-07 17:04:25.930 [main] INFO  o.s.security.web.DefaultSecurityFilterChain - Creating filter chain: Ant [pattern='/swagger-resources/**'], []
2022-02-07 17:04:25.930 [main] INFO  o.s.security.web.DefaultSecurityFilterChain - Creating filter chain: Ant [pattern='/webjars/**'], []
2022-02-07 17:04:25.930 [main] INFO  o.s.security.web.DefaultSecurityFilterChain - Creating filter chain: Ant [pattern='/v2/**'], []
2022-02-07 17:04:25.930 [main] INFO  o.s.security.web.DefaultSecurityFilterChain - Creating filter chain: Ant [pattern='/swagger-ui.html/**'], []
2022-02-07 17:04:25.958 [main] INFO  o.s.security.web.DefaultSecurityFilterChain - Creating filter chain: Ant [pattern='/admin/**'], [org.springframework.security.web.context.request.async.WebAsyncManagerIntegrationFilter@15c4b1a4, org.springframework.security.web.context.SecurityContextPersistenceFilter@361fa478, org.springframework.security.web.header.HeaderWriterFilter@6fd97fd1, org.springframework.security.web.authentication.logout.LogoutFilter@3387ab0, com.redskt.security.filter.TokenLoginFilter@341964d0, com.redskt.security.filter.TokenAuthenticationFilter@51b59d58, org.springframework.security.web.authentication.www.BasicAuthenticationFilter@42ebece0, org.springframework.security.web.savedrequest.RequestCacheAwareFilter@391e85df, org.springframework.security.web.servletapi.SecurityContextHolderAwareRequestFilter@18b30951, org.springframework.security.web.authentication.AnonymousAuthenticationFilter@4ca4f762, org.springframework.security.web.session.SessionManagementFilter@7bdb4d69, org.springframework.security.web.access.ExceptionTranslationFilter@85c3522, org.springframework.security.web.access.intercept.FilterSecurityInterceptor@60fbc34d]
2022-02-07 17:04:25.960 [main] INFO  o.s.security.web.DefaultSecurityFilterChain - Creating filter chain: any request, [org.springframework.security.web.context.request.async.WebAsyncManagerIntegrationFilter@10e4ee33, org.springframework.security.web.context.SecurityContextPersistenceFilter@5ca8bd01, org.springframework.security.web.header.HeaderWriterFilter@20556566, org.springframework.security.web.authentication.logout.LogoutFilter@10ad95cd, com.redskt.security.filter.TokenLoginFilter@6e90cec8, com.redskt.security.filter.TokenAuthenticationFilter@13f182b9, org.springframework.security.web.authentication.www.BasicAuthenticationFilter@61c58320, org.springframework.security.web.savedrequest.RequestCacheAwareFilter@7b10472e, org.springframework.security.web.servletapi.SecurityContextHolderAwareRequestFilter@70e5737f, org.springframework.security.web.authentication.AnonymousAuthenticationFilter@5ee0cf64, org.springframework.security.web.session.SessionManagementFilter@e4ef4c0, org.springframework.security.web.access.ExceptionTranslationFilter@6d695ec4, org.springframework.security.web.access.intercept.FilterSecurityInterceptor@64f33dee]
2022-02-07 17:04:26.005 [main] INFO  s.d.s.web.plugins.DocumentationPluginsBootstrapper - Context refreshed
2022-02-07 17:04:26.018 [main] INFO  s.d.s.web.plugins.DocumentationPluginsBootstrapper - Found 1 custom documentation plugin(s)
2022-02-07 17:04:26.040 [main] INFO  s.d.spring.web.scanners.ApiListingReferenceScanner - Scanning for api listing references
2022-02-07 17:04:26.154 [main] INFO  s.d.s.w.r.operation.CachingOperationNameGenerator - Generating unique operation named: registerUserUsingPOST_1
2022-02-07 17:04:26.166 [main] INFO  s.d.s.w.r.operation.CachingOperationNameGenerator - Generating unique operation named: indexUsingGET_1
2022-02-07 17:04:26.169 [main] INFO  s.d.s.w.r.operation.CachingOperationNameGenerator - Generating unique operation named: indexUsingGET_2
2022-02-07 17:04:26.197 [main] INFO  s.d.s.w.r.operation.CachingOperationNameGenerator - Generating unique operation named: registerUserUsingPOST_2
2022-02-07 17:04:26.200 [main] INFO  s.d.s.w.r.operation.CachingOperationNameGenerator - Generating unique operation named: indexUsingGET_3
2022-02-07 17:04:26.202 [main] INFO  s.d.s.w.r.operation.CachingOperationNameGenerator - Generating unique operation named: getBookDetailUsingGET_1
2022-02-07 17:04:26.235 [main] INFO  org.apache.coyote.http11.Http11NioProtocol - Starting ProtocolHandler ["http-nio-8001"]
2022-02-07 17:04:26.260 [main] INFO  o.s.boot.web.embedded.tomcat.TomcatWebServer - Tomcat started on port(s): 8001 (http) with context path ''
2022-02-07 17:04:26.263 [main] INFO  com.redskt.classroom.RedClassApplication - Started RedClassApplication in 4.944 seconds (JVM running for 10.591)
2022-02-07 17:04:26.757 [http-nio-8001-exec-1] INFO  o.a.c.core.ContainerBase.[Tomcat].[localhost].[/] - Initializing Spring DispatcherServlet 'dispatcherServlet'
2022-02-07 17:04:26.758 [http-nio-8001-exec-1] INFO  org.springframework.web.servlet.DispatcherServlet - Initializing Servlet 'dispatcherServlet'
2022-02-07 17:04:26.766 [http-nio-8001-exec-1] INFO  org.springframework.web.servlet.DispatcherServlet - Completed initialization in 8 ms
2022-02-07 17:06:32.281 [SpringContextShutdownHook] INFO  o.s.scheduling.concurrent.ThreadPoolTaskExecutor - Shutting down ExecutorService 'applicationTaskExecutor'
2022-02-07 17:06:32.301 [SpringContextShutdownHook] INFO  com.zaxxer.hikari.HikariDataSource - HikariPool-1 - Shutdown initiated...
2022-02-07 17:06:32.306 [SpringContextShutdownHook] INFO  com.zaxxer.hikari.HikariDataSource - HikariPool-1 - Shutdown completed.
2022-02-07 17:06:56.360 [main] INFO  com.redskt.classroom.RedClassApplication - Starting RedClassApplication on tanyuehongs-MacBook-Pro.local with PID 6654 (/Users/zyb/Documents/redcloudcollege/service/service_redclass/target/classes started by zyb in /Users/zyb/Documents/redcloudcollege)
2022-02-07 17:06:56.363 [main] INFO  com.redskt.classroom.RedClassApplication - The following profiles are active: dev
2022-02-07 17:06:57.236 [main] INFO  o.s.d.r.config.RepositoryConfigurationDelegate - Multiple Spring Data modules found, entering strict repository configuration mode!
2022-02-07 17:06:57.238 [main] INFO  o.s.d.r.config.RepositoryConfigurationDelegate - Bootstrapping Spring Data repositories in DEFAULT mode.
2022-02-07 17:06:57.274 [main] INFO  o.s.d.r.config.RepositoryConfigurationDelegate - Finished Spring Data repository scanning in 20ms. Found 0 repository interfaces.
2022-02-07 17:06:57.547 [main] INFO  o.s.c.s.PostProcessorRegistrationDelegate$BeanPostProcessorChecker - Bean 'redisConfig' of type [com.redskt.servicebase.RedisConfig$$EnhancerBySpringCGLIB$$fe03283a] is not eligible for getting processed by all BeanPostProcessors (for example: not eligible for auto-proxying)
2022-02-07 17:06:57.552 [main] INFO  o.s.c.s.PostProcessorRegistrationDelegate$BeanPostProcessorChecker - Bean 'org.springframework.transaction.annotation.ProxyTransactionManagementConfiguration' of type [org.springframework.transaction.annotation.ProxyTransactionManagementConfiguration] is not eligible for getting processed by all BeanPostProcessors (for example: not eligible for auto-proxying)
2022-02-07 17:06:57.805 [main] INFO  o.s.boot.web.embedded.tomcat.TomcatWebServer - Tomcat initialized with port(s): 8001 (http)
2022-02-07 17:06:57.814 [main] INFO  org.apache.coyote.http11.Http11NioProtocol - Initializing ProtocolHandler ["http-nio-8001"]
2022-02-07 17:06:57.815 [main] INFO  org.apache.catalina.core.StandardService - Starting service [Tomcat]
2022-02-07 17:06:57.815 [main] INFO  org.apache.catalina.core.StandardEngine - Starting Servlet engine: [Apache Tomcat/9.0.27]
2022-02-07 17:06:57.892 [main] INFO  o.a.c.core.ContainerBase.[Tomcat].[localhost].[/] - Initializing Spring embedded WebApplicationContext
2022-02-07 17:06:57.893 [main] INFO  org.springframework.web.context.ContextLoader - Root WebApplicationContext: initialization completed in 1496 ms
2022-02-07 17:06:58.068 [main] INFO  com.zaxxer.hikari.HikariDataSource - HikariPool-1 - Starting...
2022-02-07 17:06:58.837 [main] INFO  com.zaxxer.hikari.HikariDataSource - HikariPool-1 - Start completed.
2022-02-07 17:07:00.128 [main] INFO  s.d.s.w.PropertySourcedRequestMappingHandlerMapping - Mapped URL path [/v2/api-docs] onto method [springfox.documentation.swagger2.web.Swagger2Controller#getDocumentation(String, HttpServletRequest)]
2022-02-07 17:07:00.229 [main] INFO  o.s.scheduling.concurrent.ThreadPoolTaskExecutor - Initializing ExecutorService 'applicationTaskExecutor'
2022-02-07 17:07:00.521 [main] INFO  o.s.security.web.DefaultSecurityFilterChain - Creating filter chain: Ant [pattern='/home/**'], []
2022-02-07 17:07:00.522 [main] INFO  o.s.security.web.DefaultSecurityFilterChain - Creating filter chain: Ant [pattern='/swagger-resources/**'], []
2022-02-07 17:07:00.522 [main] INFO  o.s.security.web.DefaultSecurityFilterChain - Creating filter chain: Ant [pattern='/webjars/**'], []
2022-02-07 17:07:00.522 [main] INFO  o.s.security.web.DefaultSecurityFilterChain - Creating filter chain: Ant [pattern='/v2/**'], []
2022-02-07 17:07:00.522 [main] INFO  o.s.security.web.DefaultSecurityFilterChain - Creating filter chain: Ant [pattern='/swagger-ui.html/**'], []
2022-02-07 17:07:00.522 [main] INFO  o.s.security.web.DefaultSecurityFilterChain - Creating filter chain: Ant [pattern='/home/**'], []
2022-02-07 17:07:00.522 [main] INFO  o.s.security.web.DefaultSecurityFilterChain - Creating filter chain: Ant [pattern='/swagger-resources/**'], []
2022-02-07 17:07:00.522 [main] INFO  o.s.security.web.DefaultSecurityFilterChain - Creating filter chain: Ant [pattern='/webjars/**'], []
2022-02-07 17:07:00.522 [main] INFO  o.s.security.web.DefaultSecurityFilterChain - Creating filter chain: Ant [pattern='/v2/**'], []
2022-02-07 17:07:00.523 [main] INFO  o.s.security.web.DefaultSecurityFilterChain - Creating filter chain: Ant [pattern='/swagger-ui.html/**'], []
2022-02-07 17:07:00.550 [main] INFO  o.s.security.web.DefaultSecurityFilterChain - Creating filter chain: Ant [pattern='/admin/**'], [org.springframework.security.web.context.request.async.WebAsyncManagerIntegrationFilter@6d695ec4, org.springframework.security.web.context.SecurityContextPersistenceFilter@79e16dd9, org.springframework.security.web.header.HeaderWriterFilter@2f3a8166, org.springframework.security.web.authentication.logout.LogoutFilter@1736273c, com.redskt.security.filter.TokenLoginFilter@20556566, com.redskt.security.filter.TokenAuthenticationFilter@e4ef4c0, org.springframework.security.web.authentication.www.BasicAuthenticationFilter@6cd7dc74, org.springframework.security.web.savedrequest.RequestCacheAwareFilter@21ce3b22, org.springframework.security.web.servletapi.SecurityContextHolderAwareRequestFilter@5ea0a7a9, org.springframework.security.web.authentication.AnonymousAuthenticationFilter@5ca8bd01, org.springframework.security.web.session.SessionManagementFilter@5e3405a1, org.springframework.security.web.access.ExceptionTranslationFilter@3b4f1eb, org.springframework.security.web.access.intercept.FilterSecurityInterceptor@7c5d36c3]
2022-02-07 17:07:00.552 [main] INFO  o.s.security.web.DefaultSecurityFilterChain - Creating filter chain: any request, [org.springframework.security.web.context.request.async.WebAsyncManagerIntegrationFilter@7cbede2b, org.springframework.security.web.context.SecurityContextPersistenceFilter@10e4ee33, org.springframework.security.web.header.HeaderWriterFilter@64f33dee, org.springframework.security.web.authentication.logout.LogoutFilter@69c227fd, com.redskt.security.filter.TokenLoginFilter@1ef04613, com.redskt.security.filter.TokenAuthenticationFilter@2d3d4a54, org.springframework.security.web.authentication.www.BasicAuthenticationFilter@5d4a34ff, org.springframework.security.web.savedrequest.RequestCacheAwareFilter@6e90cec8, org.springframework.security.web.servletapi.SecurityContextHolderAwareRequestFilter@13f182b9, org.springframework.security.web.authentication.AnonymousAuthenticationFilter@215c6ec0, org.springframework.security.web.session.SessionManagementFilter@61c58320, org.springframework.security.web.access.ExceptionTranslationFilter@180cc0df, org.springframework.security.web.access.intercept.FilterSecurityInterceptor@3e71a1f8]
2022-02-07 17:07:00.596 [main] INFO  s.d.s.web.plugins.DocumentationPluginsBootstrapper - Context refreshed
2022-02-07 17:07:00.609 [main] INFO  s.d.s.web.plugins.DocumentationPluginsBootstrapper - Found 1 custom documentation plugin(s)
2022-02-07 17:07:00.635 [main] INFO  s.d.spring.web.scanners.ApiListingReferenceScanner - Scanning for api listing references
2022-02-07 17:07:00.741 [main] INFO  s.d.s.w.r.operation.CachingOperationNameGenerator - Generating unique operation named: registerUserUsingPOST_1
2022-02-07 17:07:00.753 [main] INFO  s.d.s.w.r.operation.CachingOperationNameGenerator - Generating unique operation named: indexUsingGET_1
2022-02-07 17:07:00.756 [main] INFO  s.d.s.w.r.operation.CachingOperationNameGenerator - Generating unique operation named: indexUsingGET_2
2022-02-07 17:07:00.778 [main] INFO  s.d.s.w.r.operation.CachingOperationNameGenerator - Generating unique operation named: registerUserUsingPOST_2
2022-02-07 17:07:00.780 [main] INFO  s.d.s.w.r.operation.CachingOperationNameGenerator - Generating unique operation named: indexUsingGET_3
2022-02-07 17:07:00.783 [main] INFO  s.d.s.w.r.operation.CachingOperationNameGenerator - Generating unique operation named: getBookDetailUsingGET_1
2022-02-07 17:07:00.811 [main] INFO  org.apache.coyote.http11.Http11NioProtocol - Starting ProtocolHandler ["http-nio-8001"]
2022-02-07 17:07:00.835 [main] INFO  o.s.boot.web.embedded.tomcat.TomcatWebServer - Tomcat started on port(s): 8001 (http) with context path ''
2022-02-07 17:07:00.838 [main] INFO  com.redskt.classroom.RedClassApplication - Started RedClassApplication in 4.811 seconds (JVM running for 10.361)
2022-02-07 17:07:01.357 [http-nio-8001-exec-1] INFO  o.a.c.core.ContainerBase.[Tomcat].[localhost].[/] - Initializing Spring DispatcherServlet 'dispatcherServlet'
2022-02-07 17:07:01.358 [http-nio-8001-exec-1] INFO  org.springframework.web.servlet.DispatcherServlet - Initializing Servlet 'dispatcherServlet'
2022-02-07 17:07:01.365 [http-nio-8001-exec-1] INFO  org.springframework.web.servlet.DispatcherServlet - Completed initialization in 7 ms
2022-02-07 17:30:56.175 [SpringContextShutdownHook] INFO  o.s.scheduling.concurrent.ThreadPoolTaskExecutor - Shutting down ExecutorService 'applicationTaskExecutor'
2022-02-07 17:30:56.199 [SpringContextShutdownHook] INFO  com.zaxxer.hikari.HikariDataSource - HikariPool-1 - Shutdown initiated...
2022-02-07 17:30:56.207 [SpringContextShutdownHook] INFO  com.zaxxer.hikari.HikariDataSource - HikariPool-1 - Shutdown completed.
2022-02-07 17:31:05.818 [main] INFO  com.redskt.classroom.RedClassApplication - Starting RedClassApplication on tanyuehongs-MacBook-Pro.local with PID 7015 (/Users/zyb/Documents/redcloudcollege/service/service_redclass/target/classes started by zyb in /Users/zyb/Documents/redcloudcollege)
2022-02-07 17:31:05.820 [main] INFO  com.redskt.classroom.RedClassApplication - The following profiles are active: dev
2022-02-07 17:31:06.628 [main] INFO  o.s.d.r.config.RepositoryConfigurationDelegate - Multiple Spring Data modules found, entering strict repository configuration mode!
2022-02-07 17:31:06.630 [main] INFO  o.s.d.r.config.RepositoryConfigurationDelegate - Bootstrapping Spring Data repositories in DEFAULT mode.
2022-02-07 17:31:06.662 [main] INFO  o.s.d.r.config.RepositoryConfigurationDelegate - Finished Spring Data repository scanning in 19ms. Found 0 repository interfaces.
2022-02-07 17:31:06.936 [main] INFO  o.s.c.s.PostProcessorRegistrationDelegate$BeanPostProcessorChecker - Bean 'redisConfig' of type [com.redskt.servicebase.RedisConfig$$EnhancerBySpringCGLIB$$e771065e] is not eligible for getting processed by all BeanPostProcessors (for example: not eligible for auto-proxying)
2022-02-07 17:31:06.942 [main] INFO  o.s.c.s.PostProcessorRegistrationDelegate$BeanPostProcessorChecker - Bean 'org.springframework.transaction.annotation.ProxyTransactionManagementConfiguration' of type [org.springframework.transaction.annotation.ProxyTransactionManagementConfiguration] is not eligible for getting processed by all BeanPostProcessors (for example: not eligible for auto-proxying)
2022-02-07 17:31:07.190 [main] INFO  o.s.boot.web.embedded.tomcat.TomcatWebServer - Tomcat initialized with port(s): 8001 (http)
2022-02-07 17:31:07.198 [main] INFO  org.apache.coyote.http11.Http11NioProtocol - Initializing ProtocolHandler ["http-nio-8001"]
2022-02-07 17:31:07.199 [main] INFO  org.apache.catalina.core.StandardService - Starting service [Tomcat]
2022-02-07 17:31:07.199 [main] INFO  org.apache.catalina.core.StandardEngine - Starting Servlet engine: [Apache Tomcat/9.0.27]
2022-02-07 17:31:07.270 [main] INFO  o.a.c.core.ContainerBase.[Tomcat].[localhost].[/] - Initializing Spring embedded WebApplicationContext
2022-02-07 17:31:07.270 [main] INFO  org.springframework.web.context.ContextLoader - Root WebApplicationContext: initialization completed in 1419 ms
2022-02-07 17:31:07.435 [main] INFO  com.zaxxer.hikari.HikariDataSource - HikariPool-1 - Starting...
2022-02-07 17:31:08.134 [main] INFO  com.zaxxer.hikari.HikariDataSource - HikariPool-1 - Start completed.
2022-02-07 17:31:09.363 [main] INFO  s.d.s.w.PropertySourcedRequestMappingHandlerMapping - Mapped URL path [/v2/api-docs] onto method [springfox.documentation.swagger2.web.Swagger2Controller#getDocumentation(String, HttpServletRequest)]
2022-02-07 17:31:09.467 [main] INFO  o.s.scheduling.concurrent.ThreadPoolTaskExecutor - Initializing ExecutorService 'applicationTaskExecutor'
2022-02-07 17:31:09.784 [main] INFO  o.s.security.web.DefaultSecurityFilterChain - Creating filter chain: Ant [pattern='/home/**'], []
2022-02-07 17:31:09.784 [main] INFO  o.s.security.web.DefaultSecurityFilterChain - Creating filter chain: Ant [pattern='/swagger-resources/**'], []
2022-02-07 17:31:09.785 [main] INFO  o.s.security.web.DefaultSecurityFilterChain - Creating filter chain: Ant [pattern='/webjars/**'], []
2022-02-07 17:31:09.785 [main] INFO  o.s.security.web.DefaultSecurityFilterChain - Creating filter chain: Ant [pattern='/v2/**'], []
2022-02-07 17:31:09.785 [main] INFO  o.s.security.web.DefaultSecurityFilterChain - Creating filter chain: Ant [pattern='/swagger-ui.html/**'], []
2022-02-07 17:31:09.786 [main] INFO  o.s.security.web.DefaultSecurityFilterChain - Creating filter chain: Ant [pattern='/home/**'], []
2022-02-07 17:31:09.786 [main] INFO  o.s.security.web.DefaultSecurityFilterChain - Creating filter chain: Ant [pattern='/swagger-resources/**'], []
2022-02-07 17:31:09.786 [main] INFO  o.s.security.web.DefaultSecurityFilterChain - Creating filter chain: Ant [pattern='/webjars/**'], []
2022-02-07 17:31:09.786 [main] INFO  o.s.security.web.DefaultSecurityFilterChain - Creating filter chain: Ant [pattern='/v2/**'], []
2022-02-07 17:31:09.786 [main] INFO  o.s.security.web.DefaultSecurityFilterChain - Creating filter chain: Ant [pattern='/swagger-ui.html/**'], []
2022-02-07 17:31:09.822 [main] INFO  o.s.security.web.DefaultSecurityFilterChain - Creating filter chain: Ant [pattern='/admin/**'], [org.springframework.security.web.context.request.async.WebAsyncManagerIntegrationFilter@215c6ec0, org.springframework.security.web.context.SecurityContextPersistenceFilter@7d82ca56, org.springframework.security.web.header.HeaderWriterFilter@470f0637, org.springframework.security.web.authentication.logout.LogoutFilter@1a7a21d0, com.redskt.security.filter.TokenLoginFilter@2b19b346, com.redskt.security.filter.TokenAuthenticationFilter@37c5b8e8, org.springframework.security.web.authentication.www.BasicAuthenticationFilter@2d3d4a54, org.springframework.security.web.savedrequest.RequestCacheAwareFilter@5a58db42, org.springframework.security.web.servletapi.SecurityContextHolderAwareRequestFilter@323b0632, org.springframework.security.web.authentication.AnonymousAuthenticationFilter@706d2bae, org.springframework.security.web.session.SessionManagementFilter@2ae5580, org.springframework.security.web.access.ExceptionTranslationFilter@3cfab340, org.springframework.security.web.access.intercept.FilterSecurityInterceptor@46748b04]
2022-02-07 17:31:09.824 [main] INFO  o.s.security.web.DefaultSecurityFilterChain - Creating filter chain: any request, [org.springframework.security.web.context.request.async.WebAsyncManagerIntegrationFilter@f6bc75c, org.springframework.security.web.context.SecurityContextPersistenceFilter@43b45ce4, org.springframework.security.web.header.HeaderWriterFilter@4b240276, org.springframework.security.web.authentication.logout.LogoutFilter@2459333a, com.redskt.security.filter.TokenLoginFilter@33f2cf82, com.redskt.security.filter.TokenAuthenticationFilter@bea283b, org.springframework.security.web.authentication.www.BasicAuthenticationFilter@1b9c716f, org.springframework.security.web.savedrequest.RequestCacheAwareFilter@73e93c3a, org.springframework.security.web.servletapi.SecurityContextHolderAwareRequestFilter@1835b783, org.springframework.security.web.authentication.AnonymousAuthenticationFilter@73852720, org.springframework.security.web.session.SessionManagementFilter@2a5efbb9, org.springframework.security.web.access.ExceptionTranslationFilter@13047d3d, org.springframework.security.web.access.intercept.FilterSecurityInterceptor@5b2c7186]
2022-02-07 17:31:09.869 [main] INFO  s.d.s.web.plugins.DocumentationPluginsBootstrapper - Context refreshed
2022-02-07 17:31:09.881 [main] INFO  s.d.s.web.plugins.DocumentationPluginsBootstrapper - Found 1 custom documentation plugin(s)
2022-02-07 17:31:09.904 [main] INFO  s.d.spring.web.scanners.ApiListingReferenceScanner - Scanning for api listing references
2022-02-07 17:31:10.012 [main] INFO  s.d.s.w.r.operation.CachingOperationNameGenerator - Generating unique operation named: registerUserUsingPOST_1
2022-02-07 17:31:10.023 [main] INFO  s.d.s.w.r.operation.CachingOperationNameGenerator - Generating unique operation named: indexUsingGET_1
2022-02-07 17:31:10.025 [main] INFO  s.d.s.w.r.operation.CachingOperationNameGenerator - Generating unique operation named: indexUsingGET_2
2022-02-07 17:31:10.048 [main] INFO  s.d.s.w.r.operation.CachingOperationNameGenerator - Generating unique operation named: registerUserUsingPOST_2
2022-02-07 17:31:10.050 [main] INFO  s.d.s.w.r.operation.CachingOperationNameGenerator - Generating unique operation named: indexUsingGET_3
2022-02-07 17:31:10.052 [main] INFO  s.d.s.w.r.operation.CachingOperationNameGenerator - Generating unique operation named: getBookDetailUsingGET_1
2022-02-07 17:31:10.085 [main] INFO  org.apache.coyote.http11.Http11NioProtocol - Starting ProtocolHandler ["http-nio-8001"]
2022-02-07 17:31:10.109 [main] INFO  o.s.boot.web.embedded.tomcat.TomcatWebServer - Tomcat started on port(s): 8001 (http) with context path ''
2022-02-07 17:31:10.112 [main] INFO  com.redskt.classroom.RedClassApplication - Started RedClassApplication in 4.619 seconds (JVM running for 10.149)
2022-02-07 17:31:59.696 [http-nio-8001-exec-1] INFO  o.a.c.core.ContainerBase.[Tomcat].[localhost].[/] - Initializing Spring DispatcherServlet 'dispatcherServlet'
2022-02-07 17:31:59.697 [http-nio-8001-exec-1] INFO  org.springframework.web.servlet.DispatcherServlet - Initializing Servlet 'dispatcherServlet'
2022-02-07 17:31:59.703 [http-nio-8001-exec-1] INFO  org.springframework.web.servlet.DispatcherServlet - Completed initialization in 6 ms
2022-02-07 17:40:45.403 [SpringContextShutdownHook] INFO  o.s.scheduling.concurrent.ThreadPoolTaskExecutor - Shutting down ExecutorService 'applicationTaskExecutor'
2022-02-07 17:40:45.426 [SpringContextShutdownHook] INFO  com.zaxxer.hikari.HikariDataSource - HikariPool-1 - Shutdown initiated...
2022-02-07 17:40:45.432 [SpringContextShutdownHook] INFO  com.zaxxer.hikari.HikariDataSource - HikariPool-1 - Shutdown completed.
