2022-01-26 09:11:21.944 [SpringContextShutdownHook] INFO  o.s.scheduling.concurrent.ThreadPoolTaskExecutor - Shutting down ExecutorService 'applicationTaskExecutor'
2022-01-26 09:11:22.163 [SpringContextShutdownHook] INFO  com.zaxxer.hikari.HikariDataSource - HikariPool-1 - Shutdown initiated...
2022-01-26 09:11:22.174 [SpringContextShutdownHook] INFO  com.zaxxer.hikari.HikariDataSource - HikariPool-1 - Shutdown completed.
2022-01-26 09:11:25.835 [main] INFO  com.redskt.classroom.RedClassApplication - Starting RedClassApplication on tanyuehongs-mbp with PID 9027 (/Users/zyb/Documents/redcloudcollege/service/service_redclass/target/classes started by zyb in /Users/zyb/Documents/redcloudcollege)
2022-01-26 09:11:25.837 [main] INFO  com.redskt.classroom.RedClassApplication - The following profiles are active: dev
2022-01-26 09:11:26.958 [main] INFO  o.s.d.r.config.RepositoryConfigurationDelegate - Multiple Spring Data modules found, entering strict repository configuration mode!
2022-01-26 09:11:26.962 [main] INFO  o.s.d.r.config.RepositoryConfigurationDelegate - Bootstrapping Spring Data repositories in DEFAULT mode.
2022-01-26 09:11:26.996 [main] INFO  o.s.d.r.config.RepositoryConfigurationDelegate - Finished Spring Data repository scanning in 17ms. Found 0 repository interfaces.
2022-01-26 09:11:27.361 [main] INFO  o.s.c.s.PostProcessorRegistrationDelegate$BeanPostProcessorChecker - Bean 'redisConfig' of type [com.redskt.servicebase.RedisConfig$$EnhancerBySpringCGLIB$$b0a5aa13] is not eligible for getting processed by all BeanPostProcessors (for example: not eligible for auto-proxying)
2022-01-26 09:11:27.367 [main] INFO  o.s.c.s.PostProcessorRegistrationDelegate$BeanPostProcessorChecker - Bean 'org.springframework.transaction.annotation.ProxyTransactionManagementConfiguration' of type [org.springframework.transaction.annotation.ProxyTransactionManagementConfiguration] is not eligible for getting processed by all BeanPostProcessors (for example: not eligible for auto-proxying)
2022-01-26 09:11:27.695 [main] INFO  o.s.boot.web.embedded.tomcat.TomcatWebServer - Tomcat initialized with port(s): 8001 (http)
2022-01-26 09:11:27.706 [main] INFO  org.apache.coyote.http11.Http11NioProtocol - Initializing ProtocolHandler ["http-nio-8001"]
2022-01-26 09:11:27.706 [main] INFO  org.apache.catalina.core.StandardService - Starting service [Tomcat]
2022-01-26 09:11:27.707 [main] INFO  org.apache.catalina.core.StandardEngine - Starting Servlet engine: [Apache Tomcat/9.0.27]
2022-01-26 09:11:27.805 [main] INFO  o.a.c.core.ContainerBase.[Tomcat].[localhost].[/] - Initializing Spring embedded WebApplicationContext
2022-01-26 09:11:27.805 [main] INFO  org.springframework.web.context.ContextLoader - Root WebApplicationContext: initialization completed in 1916 ms
2022-01-26 09:11:28.009 [main] INFO  com.zaxxer.hikari.HikariDataSource - HikariPool-1 - Starting...
2022-01-26 09:11:29.181 [main] INFO  com.zaxxer.hikari.HikariDataSource - HikariPool-1 - Start completed.
2022-01-26 09:11:30.676 [main] INFO  s.d.s.w.PropertySourcedRequestMappingHandlerMapping - Mapped URL path [/v2/api-docs] onto method [springfox.documentation.swagger2.web.Swagger2Controller#getDocumentation(String, HttpServletRequest)]
2022-01-26 09:11:30.799 [main] INFO  o.s.scheduling.concurrent.ThreadPoolTaskExecutor - Initializing ExecutorService 'applicationTaskExecutor'
2022-01-26 09:11:31.103 [main] INFO  o.s.security.web.DefaultSecurityFilterChain - Creating filter chain: Ant [pattern='/home/**'], []
2022-01-26 09:11:31.103 [main] INFO  o.s.security.web.DefaultSecurityFilterChain - Creating filter chain: Ant [pattern='/swagger-resources/**'], []
2022-01-26 09:11:31.103 [main] INFO  o.s.security.web.DefaultSecurityFilterChain - Creating filter chain: Ant [pattern='/webjars/**'], []
2022-01-26 09:11:31.103 [main] INFO  o.s.security.web.DefaultSecurityFilterChain - Creating filter chain: Ant [pattern='/v2/**'], []
2022-01-26 09:11:31.103 [main] INFO  o.s.security.web.DefaultSecurityFilterChain - Creating filter chain: Ant [pattern='/swagger-ui.html/**'], []
2022-01-26 09:11:31.103 [main] INFO  o.s.security.web.DefaultSecurityFilterChain - Creating filter chain: Ant [pattern='/home/**'], []
2022-01-26 09:11:31.104 [main] INFO  o.s.security.web.DefaultSecurityFilterChain - Creating filter chain: Ant [pattern='/swagger-resources/**'], []
2022-01-26 09:11:31.104 [main] INFO  o.s.security.web.DefaultSecurityFilterChain - Creating filter chain: Ant [pattern='/webjars/**'], []
2022-01-26 09:11:31.104 [main] INFO  o.s.security.web.DefaultSecurityFilterChain - Creating filter chain: Ant [pattern='/v2/**'], []
2022-01-26 09:11:31.104 [main] INFO  o.s.security.web.DefaultSecurityFilterChain - Creating filter chain: Ant [pattern='/swagger-ui.html/**'], []
2022-01-26 09:11:31.136 [main] INFO  o.s.security.web.DefaultSecurityFilterChain - Creating filter chain: Ant [pattern='/admin/**'], [org.springframework.security.web.context.request.async.WebAsyncManagerIntegrationFilter@16cb6f51, org.springframework.security.web.context.SecurityContextPersistenceFilter@10a064bd, org.springframework.security.web.header.HeaderWriterFilter@40fcaae7, org.springframework.security.web.authentication.logout.LogoutFilter@2a21cbe7, com.redskt.security.filter.TokenLoginFilter@3fc5d397, com.redskt.security.filter.TokenAuthenticationFilter@25c8c71e, org.springframework.security.web.authentication.www.BasicAuthenticationFilter@3ae91ab3, org.springframework.security.web.savedrequest.RequestCacheAwareFilter@2ff8d39b, org.springframework.security.web.servletapi.SecurityContextHolderAwareRequestFilter@102ecb61, org.springframework.security.web.authentication.AnonymousAuthenticationFilter@57867d96, org.springframework.security.web.session.SessionManagementFilter@cb1c58c, org.springframework.security.web.access.ExceptionTranslationFilter@113c4ad6, org.springframework.security.web.access.intercept.FilterSecurityInterceptor@1e9d721]
2022-01-26 09:11:31.139 [main] INFO  o.s.security.web.DefaultSecurityFilterChain - Creating filter chain: any request, [org.springframework.security.web.context.request.async.WebAsyncManagerIntegrationFilter@3180aee, org.springframework.security.web.context.SecurityContextPersistenceFilter@79b4cff, org.springframework.security.web.header.HeaderWriterFilter@4d770bcd, org.springframework.security.web.authentication.logout.LogoutFilter@7582a16b, com.redskt.security.filter.TokenLoginFilter@5d94ac8a, com.redskt.security.filter.TokenAuthenticationFilter@288b73c1, org.springframework.security.web.authentication.www.BasicAuthenticationFilter@42ef5216, org.springframework.security.web.savedrequest.RequestCacheAwareFilter@58ac0823, org.springframework.security.web.servletapi.SecurityContextHolderAwareRequestFilter@2d705998, org.springframework.security.web.authentication.AnonymousAuthenticationFilter@104cfb24, org.springframework.security.web.session.SessionManagementFilter@fe156f4, org.springframework.security.web.access.ExceptionTranslationFilter@3a4cb483, org.springframework.security.web.access.intercept.FilterSecurityInterceptor@35d81657]
2022-01-26 09:11:31.188 [main] INFO  s.d.s.web.plugins.DocumentationPluginsBootstrapper - Context refreshed
2022-01-26 09:11:31.213 [main] INFO  s.d.s.web.plugins.DocumentationPluginsBootstrapper - Found 1 custom documentation plugin(s)
2022-01-26 09:11:31.240 [main] INFO  s.d.spring.web.scanners.ApiListingReferenceScanner - Scanning for api listing references
2022-01-26 09:11:31.362 [main] INFO  s.d.s.w.r.operation.CachingOperationNameGenerator - Generating unique operation named: registerUserUsingPOST_1
2022-01-26 09:11:31.366 [main] INFO  s.d.s.w.r.operation.CachingOperationNameGenerator - Generating unique operation named: indexUsingGET_1
2022-01-26 09:11:31.368 [main] INFO  s.d.s.w.r.operation.CachingOperationNameGenerator - Generating unique operation named: indexUsingGET_2
2022-01-26 09:11:31.394 [main] INFO  s.d.s.w.r.operation.CachingOperationNameGenerator - Generating unique operation named: registerUserUsingPOST_2
2022-01-26 09:11:31.395 [main] INFO  s.d.s.w.r.operation.CachingOperationNameGenerator - Generating unique operation named: indexUsingGET_3
2022-01-26 09:11:31.397 [main] INFO  s.d.s.w.r.operation.CachingOperationNameGenerator - Generating unique operation named: getBookDetailUsingGET_1
2022-01-26 09:11:31.429 [main] INFO  org.apache.coyote.http11.Http11NioProtocol - Starting ProtocolHandler ["http-nio-8001"]
2022-01-26 09:11:31.455 [main] INFO  o.s.boot.web.embedded.tomcat.TomcatWebServer - Tomcat started on port(s): 8001 (http) with context path ''
2022-01-26 09:11:31.458 [main] INFO  com.redskt.classroom.RedClassApplication - Started RedClassApplication in 6.132 seconds (JVM running for 7.04)
2022-01-26 09:12:46.486 [http-nio-8001-exec-1] INFO  o.a.c.core.ContainerBase.[Tomcat].[localhost].[/] - Initializing Spring DispatcherServlet 'dispatcherServlet'
2022-01-26 09:12:46.488 [http-nio-8001-exec-1] INFO  org.springframework.web.servlet.DispatcherServlet - Initializing Servlet 'dispatcherServlet'
2022-01-26 09:12:46.495 [http-nio-8001-exec-1] INFO  org.springframework.web.servlet.DispatcherServlet - Completed initialization in 7 ms
2022-01-26 09:12:58.069 [http-nio-8001-exec-4] INFO  c.redskt.security.filter.TokenAuthenticationFilter - =================/eduask/uploadqiniutoken
2022-01-26 09:12:58.070 [http-nio-8001-exec-4] INFO  c.redskt.security.filter.TokenAuthenticationFilter - =================11
2022-01-26 09:12:58.070 [http-nio-8001-exec-4] INFO  c.redskt.security.filter.TokenAuthenticationFilter - =================12eyJhbGciOiJIUzUxMiIsInppcCI6IkdaSVAifQ.H4sIAAAAAAAAAKtWKi5NUrJSMjQzMzI2NDcwtDBX0lFKrShQsjI0MzE2MDOxsDCsBQDzbAhmJgAAAA.LCwv0rk5JVvzvSnR2aDw60iffs-q9fC0KsAd-EccYMBtgBErxp4AnWwEuuecc8zbGb1FxebYquGV03PQNVNm3Q
2022-01-26 09:12:58.118 [http-nio-8001-exec-4] INFO  c.redskt.security.filter.TokenAuthenticationFilter - =================7
2022-01-26 09:13:12.002 [http-nio-8001-exec-5] INFO  io.lettuce.core.EpollProvider - Starting without optional epoll library
2022-01-26 09:13:12.004 [http-nio-8001-exec-5] INFO  io.lettuce.core.KqueueProvider - Starting without optional kqueue library
2022-01-26 09:13:12.286 [http-nio-8001-exec-6] INFO  c.redskt.security.filter.TokenAuthenticationFilter - =================/ucenter/getUserInfo
2022-01-26 09:13:12.287 [http-nio-8001-exec-6] INFO  c.redskt.security.filter.TokenAuthenticationFilter - =================11
2022-01-26 09:13:12.287 [http-nio-8001-exec-6] INFO  c.redskt.security.filter.TokenAuthenticationFilter - =================12eyJhbGciOiJIUzUxMiIsInppcCI6IkdaSVAifQ.H4sIAAAAAAAAAKtWKi5NUrJSMjQzMzI2NDcwtDBX0lFKrShQsjI0MzE2MjG1tDSsBQAz-EE4JgAAAA.KbT2OL-2fqlTfTVQu5N7dcYiLFnMPNxzQK4Soe76TF7Ns-TUKCPqYpzKfOAL8Fu6UP7ETCG6n7DD4P3-DSIxnQ
2022-01-26 09:13:12.334 [http-nio-8001-exec-6] INFO  c.redskt.security.filter.TokenAuthenticationFilter - =================3
2022-01-26 09:13:12.335 [http-nio-8001-exec-6] INFO  c.redskt.security.filter.TokenAuthenticationFilter - =================6
2022-01-26 09:13:12.335 [http-nio-8001-exec-6] INFO  c.redskt.security.filter.TokenAuthenticationFilter - =================8
2022-01-26 09:13:12.503 [http-nio-8001-exec-8] INFO  c.redskt.security.filter.TokenAuthenticationFilter - =================/eduask/uploadqiniutoken
2022-01-26 09:13:12.504 [http-nio-8001-exec-8] INFO  c.redskt.security.filter.TokenAuthenticationFilter - =================11
2022-01-26 09:13:12.504 [http-nio-8001-exec-8] INFO  c.redskt.security.filter.TokenAuthenticationFilter - =================12eyJhbGciOiJIUzUxMiIsInppcCI6IkdaSVAifQ.H4sIAAAAAAAAAKtWKi5NUrJSMjQzMzI2NDcwtDBX0lFKrShQsjI0MzE2MjG1tDSsBQAz-EE4JgAAAA.KbT2OL-2fqlTfTVQu5N7dcYiLFnMPNxzQK4Soe76TF7Ns-TUKCPqYpzKfOAL8Fu6UP7ETCG6n7DD4P3-DSIxnQ
2022-01-26 09:13:12.613 [http-nio-8001-exec-8] INFO  c.redskt.security.filter.TokenAuthenticationFilter - =================3
2022-01-26 09:13:12.613 [http-nio-8001-exec-8] INFO  c.redskt.security.filter.TokenAuthenticationFilter - =================6
2022-01-26 09:13:12.613 [http-nio-8001-exec-8] INFO  c.redskt.security.filter.TokenAuthenticationFilter - =================8
2022-01-26 09:32:57.892 [http-nio-8001-exec-10] INFO  c.redskt.security.filter.TokenAuthenticationFilter - =================/eduask/uploadqiniutoken
2022-01-26 09:32:57.893 [http-nio-8001-exec-10] INFO  c.redskt.security.filter.TokenAuthenticationFilter - =================11
2022-01-26 09:32:57.894 [http-nio-8001-exec-10] INFO  c.redskt.security.filter.TokenAuthenticationFilter - =================12eyJhbGciOiJIUzUxMiIsInppcCI6IkdaSVAifQ.H4sIAAAAAAAAAKtWKi5NUrJSMjQzMzI2NDcwtDBX0lFKrShQsjI0MzE2MjG1tDSsBQAz-EE4JgAAAA.KbT2OL-2fqlTfTVQu5N7dcYiLFnMPNxzQK4Soe76TF7Ns-TUKCPqYpzKfOAL8Fu6UP7ETCG6n7DD4P3-DSIxnQ
2022-01-26 09:33:00.910 [http-nio-8001-exec-10] INFO  c.redskt.security.filter.TokenAuthenticationFilter - =================5
2022-01-26 09:33:00.911 [http-nio-8001-exec-10] INFO  c.redskt.security.filter.TokenAuthenticationFilter - =================7
2022-01-26 09:33:50.829 [lettuce-eventExecutorLoop-1-6] INFO  io.lettuce.core.protocol.ConnectionWatchdog - Reconnecting, last destination was /121.43.146.70:6379
2022-01-26 09:33:50.888 [lettuce-nioEventLoop-4-2] INFO  io.lettuce.core.protocol.ReconnectionHandler - Reconnected to 121.43.146.70:6379
2022-01-26 09:36:58.236 [http-nio-8001-exec-2] INFO  c.redskt.security.filter.TokenAuthenticationFilter - =================/eduask/uploadqiniutoken
2022-01-26 09:36:58.237 [http-nio-8001-exec-2] INFO  c.redskt.security.filter.TokenAuthenticationFilter - =================11
2022-01-26 09:36:58.238 [http-nio-8001-exec-2] INFO  c.redskt.security.filter.TokenAuthenticationFilter - =================12eyJhbGciOiJIUzUxMiIsInppcCI6IkdaSVAifQ.H4sIAAAAAAAAAKtWKi5NUrJSMjQzMzI2NDcwtDBX0lFKrShQsjI0MzE2MjG1tDSsBQAz-EE4JgAAAA.KbT2OL-2fqlTfTVQu5N7dcYiLFnMPNxzQK4Soe76TF7Ns-TUKCPqYpzKfOAL8Fu6UP7ETCG6n7DD4P3-DSIxnQ
2022-01-26 09:36:58.307 [http-nio-8001-exec-2] INFO  c.redskt.security.filter.TokenAuthenticationFilter - =================3
2022-01-26 09:36:58.307 [http-nio-8001-exec-2] INFO  c.redskt.security.filter.TokenAuthenticationFilter - =================6
2022-01-26 09:36:58.307 [http-nio-8001-exec-2] INFO  c.redskt.security.filter.TokenAuthenticationFilter - =================8
