2021-12-29 13:27:40.263 [main] INFO  com.redskt.classroom.RedClassApplication - Starting RedClassApplication on tanyuehongs-MacBook-Pro.local with PID 16037 (/Users/zyb/Documents/redcloudcollege/service/service_redclass/target/classes started by zyb in /Users/zyb/Documents/redcloudcollege)
2021-12-29 13:27:40.265 [main] INFO  com.redskt.classroom.RedClassApplication - The following profiles are active: dev
2021-12-29 13:27:41.226 [main] INFO  o.s.d.r.config.RepositoryConfigurationDelegate - Multiple Spring Data modules found, entering strict repository configuration mode!
2021-12-29 13:27:41.229 [main] INFO  o.s.d.r.config.RepositoryConfigurationDelegate - Bootstrapping Spring Data repositories in DEFAULT mode.
2021-12-29 13:27:41.261 [main] INFO  o.s.d.r.config.RepositoryConfigurationDelegate - Finished Spring Data repository scanning in 16ms. Found 0 repository interfaces.
2021-12-29 13:27:41.571 [main] INFO  o.s.c.s.PostProcessorRegistrationDelegate$BeanPostProcessorChecker - Bean 'redisConfig' of type [com.redskt.servicebase.RedisConfig$$EnhancerBySpringCGLIB$$118791f7] is not eligible for getting processed by all BeanPostProcessors (for example: not eligible for auto-proxying)
2021-12-29 13:27:41.576 [main] INFO  o.s.c.s.PostProcessorRegistrationDelegate$BeanPostProcessorChecker - Bean 'org.springframework.transaction.annotation.ProxyTransactionManagementConfiguration' of type [org.springframework.transaction.annotation.ProxyTransactionManagementConfiguration] is not eligible for getting processed by all BeanPostProcessors (for example: not eligible for auto-proxying)
2021-12-29 13:27:41.874 [main] INFO  o.s.boot.web.embedded.tomcat.TomcatWebServer - Tomcat initialized with port(s): 8001 (http)
2021-12-29 13:27:41.883 [main] INFO  org.apache.coyote.http11.Http11NioProtocol - Initializing ProtocolHandler ["http-nio-8001"]
2021-12-29 13:27:41.883 [main] INFO  org.apache.catalina.core.StandardService - Starting service [Tomcat]
2021-12-29 13:27:41.883 [main] INFO  org.apache.catalina.core.StandardEngine - Starting Servlet engine: [Apache Tomcat/9.0.27]
2021-12-29 13:27:41.965 [main] INFO  o.a.c.core.ContainerBase.[Tomcat].[localhost].[/] - Initializing Spring embedded WebApplicationContext
2021-12-29 13:27:41.965 [main] INFO  org.springframework.web.context.ContextLoader - Root WebApplicationContext: initialization completed in 1663 ms
2021-12-29 13:27:42.165 [main] INFO  com.zaxxer.hikari.HikariDataSource - HikariPool-1 - Starting...
2021-12-29 13:27:43.506 [main] INFO  com.zaxxer.hikari.HikariDataSource - HikariPool-1 - Start completed.
2021-12-29 13:27:44.840 [main] INFO  s.d.s.w.PropertySourcedRequestMappingHandlerMapping - Mapped URL path [/v2/api-docs] onto method [springfox.documentation.swagger2.web.Swagger2Controller#getDocumentation(String, HttpServletRequest)]
2021-12-29 13:27:44.947 [main] INFO  o.s.scheduling.concurrent.ThreadPoolTaskExecutor - Initializing ExecutorService 'applicationTaskExecutor'
2021-12-29 13:27:45.287 [main] INFO  o.s.security.web.DefaultSecurityFilterChain - Creating filter chain: Ant [pattern='/home/**'], []
2021-12-29 13:27:45.288 [main] INFO  o.s.security.web.DefaultSecurityFilterChain - Creating filter chain: Ant [pattern='/swagger-resources/**'], []
2021-12-29 13:27:45.288 [main] INFO  o.s.security.web.DefaultSecurityFilterChain - Creating filter chain: Ant [pattern='/webjars/**'], []
2021-12-29 13:27:45.288 [main] INFO  o.s.security.web.DefaultSecurityFilterChain - Creating filter chain: Ant [pattern='/v2/**'], []
2021-12-29 13:27:45.288 [main] INFO  o.s.security.web.DefaultSecurityFilterChain - Creating filter chain: Ant [pattern='/swagger-ui.html/**'], []
2021-12-29 13:27:45.288 [main] INFO  o.s.security.web.DefaultSecurityFilterChain - Creating filter chain: Ant [pattern='/home/**'], []
2021-12-29 13:27:45.288 [main] INFO  o.s.security.web.DefaultSecurityFilterChain - Creating filter chain: Ant [pattern='/swagger-resources/**'], []
2021-12-29 13:27:45.288 [main] INFO  o.s.security.web.DefaultSecurityFilterChain - Creating filter chain: Ant [pattern='/webjars/**'], []
2021-12-29 13:27:45.289 [main] INFO  o.s.security.web.DefaultSecurityFilterChain - Creating filter chain: Ant [pattern='/v2/**'], []
2021-12-29 13:27:45.289 [main] INFO  o.s.security.web.DefaultSecurityFilterChain - Creating filter chain: Ant [pattern='/swagger-ui.html/**'], []
2021-12-29 13:27:45.316 [main] INFO  o.s.security.web.DefaultSecurityFilterChain - Creating filter chain: Ant [pattern='/admin/**'], [org.springframework.security.web.context.request.async.WebAsyncManagerIntegrationFilter@6b278b17, org.springframework.security.web.context.SecurityContextPersistenceFilter@2d3bb944, org.springframework.security.web.header.HeaderWriterFilter@349aeec4, org.springframework.security.web.authentication.logout.LogoutFilter@2de7fe0e, com.redskt.security.filter.TokenLoginFilter@2ae5580, com.redskt.security.filter.TokenAuthenticationFilter@4203529f, org.springframework.security.web.authentication.www.BasicAuthenticationFilter@470f0637, org.springframework.security.web.savedrequest.RequestCacheAwareFilter@6dbeaef8, org.springframework.security.web.servletapi.SecurityContextHolderAwareRequestFilter@37ade216, org.springframework.security.web.authentication.AnonymousAuthenticationFilter@7d82ca56, org.springframework.security.web.session.SessionManagementFilter@78a165db, org.springframework.security.web.access.ExceptionTranslationFilter@7891cf3, org.springframework.security.web.access.intercept.FilterSecurityInterceptor@25e353dc]
2021-12-29 13:27:45.318 [main] INFO  o.s.security.web.DefaultSecurityFilterChain - Creating filter chain: any request, [org.springframework.security.web.context.request.async.WebAsyncManagerIntegrationFilter@78b8f818, org.springframework.security.web.context.SecurityContextPersistenceFilter@53ddabc6, org.springframework.security.web.header.HeaderWriterFilter@3df6494f, org.springframework.security.web.authentication.logout.LogoutFilter@6f2a3b37, com.redskt.security.filter.TokenLoginFilter@1e9d721, com.redskt.security.filter.TokenAuthenticationFilter@2d3111a1, org.springframework.security.web.authentication.www.BasicAuthenticationFilter@40c0437f, org.springframework.security.web.savedrequest.RequestCacheAwareFilter@39ac8c0c, org.springframework.security.web.servletapi.SecurityContextHolderAwareRequestFilter@361f1647, org.springframework.security.web.authentication.AnonymousAuthenticationFilter@6f2864c3, org.springframework.security.web.session.SessionManagementFilter@1b5f960a, org.springframework.security.web.access.ExceptionTranslationFilter@36eb8e07, org.springframework.security.web.access.intercept.FilterSecurityInterceptor@2a20da9f]
2021-12-29 13:27:45.365 [main] INFO  s.d.s.web.plugins.DocumentationPluginsBootstrapper - Context refreshed
2021-12-29 13:27:45.379 [main] INFO  s.d.s.web.plugins.DocumentationPluginsBootstrapper - Found 1 custom documentation plugin(s)
2021-12-29 13:27:45.405 [main] INFO  s.d.spring.web.scanners.ApiListingReferenceScanner - Scanning for api listing references
2021-12-29 13:27:45.517 [main] INFO  s.d.s.w.r.operation.CachingOperationNameGenerator - Generating unique operation named: indexUsingGET_1
2021-12-29 13:27:45.519 [main] INFO  s.d.s.w.r.operation.CachingOperationNameGenerator - Generating unique operation named: indexUsingGET_2
2021-12-29 13:27:45.541 [main] INFO  s.d.s.w.r.operation.CachingOperationNameGenerator - Generating unique operation named: registerUserUsingPOST_1
2021-12-29 13:27:45.543 [main] INFO  s.d.s.w.r.operation.CachingOperationNameGenerator - Generating unique operation named: indexUsingGET_3
2021-12-29 13:27:45.545 [main] INFO  s.d.s.w.r.operation.CachingOperationNameGenerator - Generating unique operation named: getBookDetailUsingGET_1
2021-12-29 13:27:45.569 [main] INFO  org.apache.coyote.http11.Http11NioProtocol - Starting ProtocolHandler ["http-nio-8001"]
2021-12-29 13:27:45.597 [main] INFO  o.s.boot.web.embedded.tomcat.TomcatWebServer - Tomcat started on port(s): 8001 (http) with context path ''
2021-12-29 13:27:45.600 [main] INFO  com.redskt.classroom.RedClassApplication - Started RedClassApplication in 5.72 seconds (JVM running for 11.371)
2021-12-29 13:27:48.072 [http-nio-8001-exec-1] INFO  o.a.c.core.ContainerBase.[Tomcat].[localhost].[/] - Initializing Spring DispatcherServlet 'dispatcherServlet'
2021-12-29 13:27:48.074 [http-nio-8001-exec-1] INFO  org.springframework.web.servlet.DispatcherServlet - Initializing Servlet 'dispatcherServlet'
2021-12-29 13:27:48.084 [http-nio-8001-exec-1] INFO  org.springframework.web.servlet.DispatcherServlet - Completed initialization in 10 ms
2021-12-29 13:27:52.815 [http-nio-8001-exec-2] INFO  c.redskt.security.filter.TokenAuthenticationFilter - =================/ucenter/getUserInfo
2021-12-29 13:27:52.815 [http-nio-8001-exec-2] INFO  c.redskt.security.filter.TokenAuthenticationFilter - =================11
2021-12-29 13:27:52.816 [http-nio-8001-exec-2] INFO  c.redskt.security.filter.TokenAuthenticationFilter - =================12eyJhbGciOiJIUzUxMiIsInppcCI6IkdaSVAifQ.H4sIAAAAAAAAAKtWKi5NUrJSMjQzMzI2NDcwtDBX0lFKrShQsjI0MzEwN7cwNTSsBQBoiDfeJgAAAA.0TIEg3GJsjhxaxv2Hpp2_lKZdtJR6FpJtjIyeT-HtoBXToNanw_R7Iz4k1Of8x_EFhtdFSDvQv0ON46W_-5Fug
2021-12-29 13:27:52.991 [http-nio-8001-exec-2] INFO  io.lettuce.core.EpollProvider - Starting without optional epoll library
2021-12-29 13:27:52.993 [http-nio-8001-exec-2] INFO  io.lettuce.core.KqueueProvider - Starting without optional kqueue library
2021-12-29 13:27:58.398 [http-nio-8001-exec-2] INFO  c.redskt.security.filter.TokenAuthenticationFilter - =================3
2021-12-29 13:27:58.398 [http-nio-8001-exec-2] INFO  c.redskt.security.filter.TokenAuthenticationFilter - =================6
2021-12-29 13:27:58.398 [http-nio-8001-exec-2] INFO  c.redskt.security.filter.TokenAuthenticationFilter - =================8
2021-12-29 13:28:02.423 [http-nio-8001-exec-3] INFO  c.redskt.security.filter.TokenAuthenticationFilter - =================/ucenter/getUserInfo
2021-12-29 13:28:02.423 [http-nio-8001-exec-3] INFO  c.redskt.security.filter.TokenAuthenticationFilter - =================11
2021-12-29 13:28:02.424 [http-nio-8001-exec-3] INFO  c.redskt.security.filter.TokenAuthenticationFilter - =================12eyJhbGciOiJIUzUxMiIsInppcCI6IkdaSVAifQ.H4sIAAAAAAAAAKtWKi5NUrJSMjQzMzI2NDcwtDBX0lFKrShQsjI0MzEwN7cwNTSsBQBoiDfeJgAAAA.0TIEg3GJsjhxaxv2Hpp2_lKZdtJR6FpJtjIyeT-HtoBXToNanw_R7Iz4k1Of8x_EFhtdFSDvQv0ON46W_-5Fug
2021-12-29 13:28:02.488 [http-nio-8001-exec-3] INFO  c.redskt.security.filter.TokenAuthenticationFilter - =================3
2021-12-29 13:28:02.489 [http-nio-8001-exec-3] INFO  c.redskt.security.filter.TokenAuthenticationFilter - =================6
2021-12-29 13:28:02.489 [http-nio-8001-exec-3] INFO  c.redskt.security.filter.TokenAuthenticationFilter - =================8
2021-12-29 13:29:00.178 [http-nio-8001-exec-4] INFO  c.redskt.security.filter.TokenAuthenticationFilter - =================/ucenter/getUserInfo
2021-12-29 13:29:00.179 [http-nio-8001-exec-4] INFO  c.redskt.security.filter.TokenAuthenticationFilter - =================11
2021-12-29 13:29:00.179 [http-nio-8001-exec-4] INFO  c.redskt.security.filter.TokenAuthenticationFilter - =================12eyJhbGciOiJIUzUxMiIsInppcCI6IkdaSVAifQ.H4sIAAAAAAAAAKtWKi5NUrJSMjQzMzI2NDcwtDBX0lFKrShQsjI0MzEwN7cwNTSsBQBoiDfeJgAAAA.0TIEg3GJsjhxaxv2Hpp2_lKZdtJR6FpJtjIyeT-HtoBXToNanw_R7Iz4k1Of8x_EFhtdFSDvQv0ON46W_-5Fug
2021-12-29 13:29:00.243 [http-nio-8001-exec-4] INFO  c.redskt.security.filter.TokenAuthenticationFilter - =================3
2021-12-29 13:29:00.243 [http-nio-8001-exec-4] INFO  c.redskt.security.filter.TokenAuthenticationFilter - =================6
2021-12-29 13:29:00.243 [http-nio-8001-exec-4] INFO  c.redskt.security.filter.TokenAuthenticationFilter - =================8
2021-12-29 13:40:46.356 [SpringContextShutdownHook] INFO  o.s.scheduling.concurrent.ThreadPoolTaskExecutor - Shutting down ExecutorService 'applicationTaskExecutor'
2021-12-29 13:40:46.486 [SpringContextShutdownHook] INFO  com.zaxxer.hikari.HikariDataSource - HikariPool-1 - Shutdown initiated...
2021-12-29 13:40:46.492 [SpringContextShutdownHook] INFO  com.zaxxer.hikari.HikariDataSource - HikariPool-1 - Shutdown completed.
2021-12-29 13:40:56.957 [main] INFO  com.redskt.classroom.RedClassApplication - Starting RedClassApplication on tanyuehongs-MacBook-Pro.local with PID 16325 (/Users/zyb/Documents/redcloudcollege/service/service_redclass/target/classes started by zyb in /Users/zyb/Documents/redcloudcollege)
2021-12-29 13:40:56.960 [main] INFO  com.redskt.classroom.RedClassApplication - The following profiles are active: dev
2021-12-29 13:40:57.923 [main] INFO  o.s.d.r.config.RepositoryConfigurationDelegate - Multiple Spring Data modules found, entering strict repository configuration mode!
2021-12-29 13:40:57.927 [main] INFO  o.s.d.r.config.RepositoryConfigurationDelegate - Bootstrapping Spring Data repositories in DEFAULT mode.
2021-12-29 13:40:57.970 [main] INFO  o.s.d.r.config.RepositoryConfigurationDelegate - Finished Spring Data repository scanning in 21ms. Found 0 repository interfaces.
2021-12-29 13:40:58.281 [main] INFO  o.s.c.s.PostProcessorRegistrationDelegate$BeanPostProcessorChecker - Bean 'redisConfig' of type [com.redskt.servicebase.RedisConfig$$EnhancerBySpringCGLIB$$d86470e] is not eligible for getting processed by all BeanPostProcessors (for example: not eligible for auto-proxying)
2021-12-29 13:40:58.287 [main] INFO  o.s.c.s.PostProcessorRegistrationDelegate$BeanPostProcessorChecker - Bean 'org.springframework.transaction.annotation.ProxyTransactionManagementConfiguration' of type [org.springframework.transaction.annotation.ProxyTransactionManagementConfiguration] is not eligible for getting processed by all BeanPostProcessors (for example: not eligible for auto-proxying)
2021-12-29 13:40:58.611 [main] INFO  o.s.boot.web.embedded.tomcat.TomcatWebServer - Tomcat initialized with port(s): 8001 (http)
2021-12-29 13:40:58.621 [main] INFO  org.apache.coyote.http11.Http11NioProtocol - Initializing ProtocolHandler ["http-nio-8001"]
2021-12-29 13:40:58.622 [main] INFO  org.apache.catalina.core.StandardService - Starting service [Tomcat]
2021-12-29 13:40:58.622 [main] INFO  org.apache.catalina.core.StandardEngine - Starting Servlet engine: [Apache Tomcat/9.0.27]
2021-12-29 13:40:58.713 [main] INFO  o.a.c.core.ContainerBase.[Tomcat].[localhost].[/] - Initializing Spring embedded WebApplicationContext
2021-12-29 13:40:58.714 [main] INFO  org.springframework.web.context.ContextLoader - Root WebApplicationContext: initialization completed in 1715 ms
2021-12-29 13:40:58.901 [main] INFO  com.zaxxer.hikari.HikariDataSource - HikariPool-1 - Starting...
2021-12-29 13:40:59.777 [main] INFO  com.zaxxer.hikari.HikariDataSource - HikariPool-1 - Start completed.
2021-12-29 13:41:01.044 [main] INFO  s.d.s.w.PropertySourcedRequestMappingHandlerMapping - Mapped URL path [/v2/api-docs] onto method [springfox.documentation.swagger2.web.Swagger2Controller#getDocumentation(String, HttpServletRequest)]
2021-12-29 13:41:01.160 [main] INFO  o.s.scheduling.concurrent.ThreadPoolTaskExecutor - Initializing ExecutorService 'applicationTaskExecutor'
2021-12-29 13:41:01.538 [main] INFO  o.s.security.web.DefaultSecurityFilterChain - Creating filter chain: Ant [pattern='/home/**'], []
2021-12-29 13:41:01.538 [main] INFO  o.s.security.web.DefaultSecurityFilterChain - Creating filter chain: Ant [pattern='/swagger-resources/**'], []
2021-12-29 13:41:01.539 [main] INFO  o.s.security.web.DefaultSecurityFilterChain - Creating filter chain: Ant [pattern='/webjars/**'], []
2021-12-29 13:41:01.539 [main] INFO  o.s.security.web.DefaultSecurityFilterChain - Creating filter chain: Ant [pattern='/v2/**'], []
2021-12-29 13:41:01.539 [main] INFO  o.s.security.web.DefaultSecurityFilterChain - Creating filter chain: Ant [pattern='/swagger-ui.html/**'], []
2021-12-29 13:41:01.539 [main] INFO  o.s.security.web.DefaultSecurityFilterChain - Creating filter chain: Ant [pattern='/home/**'], []
2021-12-29 13:41:01.539 [main] INFO  o.s.security.web.DefaultSecurityFilterChain - Creating filter chain: Ant [pattern='/swagger-resources/**'], []
2021-12-29 13:41:01.539 [main] INFO  o.s.security.web.DefaultSecurityFilterChain - Creating filter chain: Ant [pattern='/webjars/**'], []
2021-12-29 13:41:01.539 [main] INFO  o.s.security.web.DefaultSecurityFilterChain - Creating filter chain: Ant [pattern='/v2/**'], []
2021-12-29 13:41:01.539 [main] INFO  o.s.security.web.DefaultSecurityFilterChain - Creating filter chain: Ant [pattern='/swagger-ui.html/**'], []
2021-12-29 13:41:01.568 [main] INFO  o.s.security.web.DefaultSecurityFilterChain - Creating filter chain: Ant [pattern='/admin/**'], [org.springframework.security.web.context.request.async.WebAsyncManagerIntegrationFilter@16cb6f51, org.springframework.security.web.context.SecurityContextPersistenceFilter@10a064bd, org.springframework.security.web.header.HeaderWriterFilter@40fcaae7, org.springframework.security.web.authentication.logout.LogoutFilter@2a21cbe7, com.redskt.security.filter.TokenLoginFilter@3fc5d397, com.redskt.security.filter.TokenAuthenticationFilter@25c8c71e, org.springframework.security.web.authentication.www.BasicAuthenticationFilter@3ae91ab3, org.springframework.security.web.savedrequest.RequestCacheAwareFilter@2ff8d39b, org.springframework.security.web.servletapi.SecurityContextHolderAwareRequestFilter@102ecb61, org.springframework.security.web.authentication.AnonymousAuthenticationFilter@57867d96, org.springframework.security.web.session.SessionManagementFilter@cb1c58c, org.springframework.security.web.access.ExceptionTranslationFilter@113c4ad6, org.springframework.security.web.access.intercept.FilterSecurityInterceptor@1e9d721]
2021-12-29 13:41:01.570 [main] INFO  o.s.security.web.DefaultSecurityFilterChain - Creating filter chain: any request, [org.springframework.security.web.context.request.async.WebAsyncManagerIntegrationFilter@3180aee, org.springframework.security.web.context.SecurityContextPersistenceFilter@79b4cff, org.springframework.security.web.header.HeaderWriterFilter@4d770bcd, org.springframework.security.web.authentication.logout.LogoutFilter@7582a16b, com.redskt.security.filter.TokenLoginFilter@5d94ac8a, com.redskt.security.filter.TokenAuthenticationFilter@288b73c1, org.springframework.security.web.authentication.www.BasicAuthenticationFilter@42ef5216, org.springframework.security.web.savedrequest.RequestCacheAwareFilter@58ac0823, org.springframework.security.web.servletapi.SecurityContextHolderAwareRequestFilter@2d705998, org.springframework.security.web.authentication.AnonymousAuthenticationFilter@104cfb24, org.springframework.security.web.session.SessionManagementFilter@fe156f4, org.springframework.security.web.access.ExceptionTranslationFilter@3a4cb483, org.springframework.security.web.access.intercept.FilterSecurityInterceptor@35d81657]
2021-12-29 13:41:01.618 [main] INFO  s.d.s.web.plugins.DocumentationPluginsBootstrapper - Context refreshed
2021-12-29 13:41:01.631 [main] INFO  s.d.s.web.plugins.DocumentationPluginsBootstrapper - Found 1 custom documentation plugin(s)
2021-12-29 13:41:01.657 [main] INFO  s.d.spring.web.scanners.ApiListingReferenceScanner - Scanning for api listing references
2021-12-29 13:41:01.810 [main] INFO  s.d.s.w.r.operation.CachingOperationNameGenerator - Generating unique operation named: indexUsingGET_1
2021-12-29 13:41:01.813 [main] INFO  s.d.s.w.r.operation.CachingOperationNameGenerator - Generating unique operation named: indexUsingGET_2
2021-12-29 13:41:01.839 [main] INFO  s.d.s.w.r.operation.CachingOperationNameGenerator - Generating unique operation named: registerUserUsingPOST_1
2021-12-29 13:41:01.841 [main] INFO  s.d.s.w.r.operation.CachingOperationNameGenerator - Generating unique operation named: indexUsingGET_3
2021-12-29 13:41:01.843 [main] INFO  s.d.s.w.r.operation.CachingOperationNameGenerator - Generating unique operation named: getBookDetailUsingGET_1
2021-12-29 13:41:01.867 [main] INFO  org.apache.coyote.http11.Http11NioProtocol - Starting ProtocolHandler ["http-nio-8001"]
2021-12-29 13:41:01.895 [main] INFO  o.s.boot.web.embedded.tomcat.TomcatWebServer - Tomcat started on port(s): 8001 (http) with context path ''
2021-12-29 13:41:01.897 [main] INFO  com.redskt.classroom.RedClassApplication - Started RedClassApplication in 5.314 seconds (JVM running for 10.87)
2021-12-29 13:41:07.089 [http-nio-8001-exec-1] INFO  o.a.c.core.ContainerBase.[Tomcat].[localhost].[/] - Initializing Spring DispatcherServlet 'dispatcherServlet'
2021-12-29 13:41:07.090 [http-nio-8001-exec-1] INFO  org.springframework.web.servlet.DispatcherServlet - Initializing Servlet 'dispatcherServlet'
2021-12-29 13:41:07.098 [http-nio-8001-exec-1] INFO  org.springframework.web.servlet.DispatcherServlet - Completed initialization in 8 ms
2021-12-29 13:41:07.109 [http-nio-8001-exec-1] INFO  c.redskt.security.filter.TokenAuthenticationFilter - =================/ucenter/getUserInfo
2021-12-29 13:41:07.109 [http-nio-8001-exec-1] INFO  c.redskt.security.filter.TokenAuthenticationFilter - =================11
2021-12-29 13:41:07.109 [http-nio-8001-exec-1] INFO  c.redskt.security.filter.TokenAuthenticationFilter - =================12eyJhbGciOiJIUzUxMiIsInppcCI6IkdaSVAifQ.H4sIAAAAAAAAAKtWKi5NUrJSMjQzMzI2NDcwtDBX0lFKrShQsjI0MzEwN7cwNTSsBQBoiDfeJgAAAA.0TIEg3GJsjhxaxv2Hpp2_lKZdtJR6FpJtjIyeT-HtoBXToNanw_R7Iz4k1Of8x_EFhtdFSDvQv0ON46W_-5Fug
2021-12-29 13:41:07.274 [http-nio-8001-exec-1] INFO  io.lettuce.core.EpollProvider - Starting without optional epoll library
2021-12-29 13:41:07.276 [http-nio-8001-exec-1] INFO  io.lettuce.core.KqueueProvider - Starting without optional kqueue library
2021-12-29 13:41:12.525 [http-nio-8001-exec-1] INFO  c.redskt.security.filter.TokenAuthenticationFilter - =================3
2021-12-29 13:41:12.526 [http-nio-8001-exec-1] INFO  c.redskt.security.filter.TokenAuthenticationFilter - =================6
2021-12-29 13:41:12.526 [http-nio-8001-exec-1] INFO  c.redskt.security.filter.TokenAuthenticationFilter - =================8
2021-12-29 13:44:33.265 [http-nio-8001-exec-2] INFO  c.redskt.security.filter.TokenAuthenticationFilter - =================/ucenter/getUserInfo
2021-12-29 13:44:33.266 [http-nio-8001-exec-2] INFO  c.redskt.security.filter.TokenAuthenticationFilter - =================11
2021-12-29 13:44:33.266 [http-nio-8001-exec-2] INFO  c.redskt.security.filter.TokenAuthenticationFilter - =================12eyJhbGciOiJIUzUxMiIsInppcCI6IkdaSVAifQ.H4sIAAAAAAAAAKtWKi5NUrJSMjQzMzI2NDcwtDBX0lFKrShQsjI0MzEwN7cwNTSsBQBoiDfeJgAAAA.0TIEg3GJsjhxaxv2Hpp2_lKZdtJR6FpJtjIyeT-HtoBXToNanw_R7Iz4k1Of8x_EFhtdFSDvQv0ON46W_-5Fug
2021-12-29 13:44:33.302 [http-nio-8001-exec-2] INFO  c.redskt.security.filter.TokenAuthenticationFilter - =================3
2021-12-29 13:44:33.302 [http-nio-8001-exec-2] INFO  c.redskt.security.filter.TokenAuthenticationFilter - =================6
2021-12-29 13:44:33.302 [http-nio-8001-exec-2] INFO  c.redskt.security.filter.TokenAuthenticationFilter - =================8
2021-12-29 13:44:42.702 [http-nio-8001-exec-3] INFO  c.redskt.security.filter.TokenAuthenticationFilter - =================/ucenter/getUserInfo
2021-12-29 13:44:42.702 [http-nio-8001-exec-3] INFO  c.redskt.security.filter.TokenAuthenticationFilter - =================11
2021-12-29 13:44:42.703 [http-nio-8001-exec-3] INFO  c.redskt.security.filter.TokenAuthenticationFilter - =================12eyJhbGciOiJIUzUxMiIsInppcCI6IkdaSVAifQ.H4sIAAAAAAAAAKtWKi5NUrJSMjQzMzI2NDcwtDBX0lFKrShQsjI0MzEwN7cwNTSsBQBoiDfeJgAAAA.0TIEg3GJsjhxaxv2Hpp2_lKZdtJR6FpJtjIyeT-HtoBXToNanw_R7Iz4k1Of8x_EFhtdFSDvQv0ON46W_-5Fug
2021-12-29 13:44:42.738 [http-nio-8001-exec-3] INFO  c.redskt.security.filter.TokenAuthenticationFilter - =================3
2021-12-29 13:44:42.739 [http-nio-8001-exec-3] INFO  c.redskt.security.filter.TokenAuthenticationFilter - =================6
2021-12-29 13:44:42.739 [http-nio-8001-exec-3] INFO  c.redskt.security.filter.TokenAuthenticationFilter - =================8
2021-12-29 13:45:39.076 [http-nio-8001-exec-5] INFO  c.redskt.security.filter.TokenAuthenticationFilter - =================/ucenter/getUserInfo
2021-12-29 13:45:39.077 [http-nio-8001-exec-5] INFO  c.redskt.security.filter.TokenAuthenticationFilter - =================11
2021-12-29 13:45:39.077 [http-nio-8001-exec-5] INFO  c.redskt.security.filter.TokenAuthenticationFilter - =================12eyJhbGciOiJIUzUxMiIsInppcCI6IkdaSVAifQ.H4sIAAAAAAAAAKtWKi5NUrJSMjQzMzI2NDcwtDBX0lFKrShQsjI0MzEwN7cwNTSsBQBoiDfeJgAAAA.0TIEg3GJsjhxaxv2Hpp2_lKZdtJR6FpJtjIyeT-HtoBXToNanw_R7Iz4k1Of8x_EFhtdFSDvQv0ON46W_-5Fug
2021-12-29 13:45:39.112 [http-nio-8001-exec-5] INFO  c.redskt.security.filter.TokenAuthenticationFilter - =================3
2021-12-29 13:45:39.113 [http-nio-8001-exec-5] INFO  c.redskt.security.filter.TokenAuthenticationFilter - =================6
2021-12-29 13:45:39.113 [http-nio-8001-exec-5] INFO  c.redskt.security.filter.TokenAuthenticationFilter - =================8
2021-12-29 13:54:39.905 [SpringContextShutdownHook] INFO  o.s.scheduling.concurrent.ThreadPoolTaskExecutor - Shutting down ExecutorService 'applicationTaskExecutor'
2021-12-29 13:54:40.069 [SpringContextShutdownHook] INFO  com.zaxxer.hikari.HikariDataSource - HikariPool-1 - Shutdown initiated...
2021-12-29 13:54:40.078 [SpringContextShutdownHook] INFO  com.zaxxer.hikari.HikariDataSource - HikariPool-1 - Shutdown completed.
2021-12-29 13:54:50.254 [main] INFO  com.redskt.classroom.RedClassApplication - Starting RedClassApplication on tanyuehongs-MacBook-Pro.local with PID 16583 (/Users/zyb/Documents/redcloudcollege/service/service_redclass/target/classes started by zyb in /Users/zyb/Documents/redcloudcollege)
2021-12-29 13:54:50.257 [main] INFO  com.redskt.classroom.RedClassApplication - The following profiles are active: dev
2021-12-29 13:54:51.184 [main] INFO  o.s.d.r.config.RepositoryConfigurationDelegate - Multiple Spring Data modules found, entering strict repository configuration mode!
2021-12-29 13:54:51.188 [main] INFO  o.s.d.r.config.RepositoryConfigurationDelegate - Bootstrapping Spring Data repositories in DEFAULT mode.
2021-12-29 13:54:51.224 [main] INFO  o.s.d.r.config.RepositoryConfigurationDelegate - Finished Spring Data repository scanning in 18ms. Found 0 repository interfaces.
2021-12-29 13:54:51.523 [main] INFO  o.s.c.s.PostProcessorRegistrationDelegate$BeanPostProcessorChecker - Bean 'redisConfig' of type [com.redskt.servicebase.RedisConfig$$EnhancerBySpringCGLIB$$a230f545] is not eligible for getting processed by all BeanPostProcessors (for example: not eligible for auto-proxying)
2021-12-29 13:54:51.527 [main] INFO  o.s.c.s.PostProcessorRegistrationDelegate$BeanPostProcessorChecker - Bean 'org.springframework.transaction.annotation.ProxyTransactionManagementConfiguration' of type [org.springframework.transaction.annotation.ProxyTransactionManagementConfiguration] is not eligible for getting processed by all BeanPostProcessors (for example: not eligible for auto-proxying)
2021-12-29 13:54:51.815 [main] INFO  o.s.boot.web.embedded.tomcat.TomcatWebServer - Tomcat initialized with port(s): 8001 (http)
2021-12-29 13:54:51.825 [main] INFO  org.apache.coyote.http11.Http11NioProtocol - Initializing ProtocolHandler ["http-nio-8001"]
2021-12-29 13:54:51.826 [main] INFO  org.apache.catalina.core.StandardService - Starting service [Tomcat]
2021-12-29 13:54:51.826 [main] INFO  org.apache.catalina.core.StandardEngine - Starting Servlet engine: [Apache Tomcat/9.0.27]
2021-12-29 13:54:51.919 [main] INFO  o.a.c.core.ContainerBase.[Tomcat].[localhost].[/] - Initializing Spring embedded WebApplicationContext
2021-12-29 13:54:51.920 [main] INFO  org.springframework.web.context.ContextLoader - Root WebApplicationContext: initialization completed in 1629 ms
2021-12-29 13:54:52.124 [main] INFO  com.zaxxer.hikari.HikariDataSource - HikariPool-1 - Starting...
2021-12-29 13:54:53.017 [main] INFO  com.zaxxer.hikari.HikariDataSource - HikariPool-1 - Start completed.
2021-12-29 13:54:54.215 [main] INFO  s.d.s.w.PropertySourcedRequestMappingHandlerMapping - Mapped URL path [/v2/api-docs] onto method [springfox.documentation.swagger2.web.Swagger2Controller#getDocumentation(String, HttpServletRequest)]
2021-12-29 13:54:54.345 [main] INFO  o.s.scheduling.concurrent.ThreadPoolTaskExecutor - Initializing ExecutorService 'applicationTaskExecutor'
2021-12-29 13:54:54.706 [main] INFO  o.s.security.web.DefaultSecurityFilterChain - Creating filter chain: Ant [pattern='/home/**'], []
2021-12-29 13:54:54.707 [main] INFO  o.s.security.web.DefaultSecurityFilterChain - Creating filter chain: Ant [pattern='/swagger-resources/**'], []
2021-12-29 13:54:54.707 [main] INFO  o.s.security.web.DefaultSecurityFilterChain - Creating filter chain: Ant [pattern='/webjars/**'], []
2021-12-29 13:54:54.707 [main] INFO  o.s.security.web.DefaultSecurityFilterChain - Creating filter chain: Ant [pattern='/v2/**'], []
2021-12-29 13:54:54.707 [main] INFO  o.s.security.web.DefaultSecurityFilterChain - Creating filter chain: Ant [pattern='/swagger-ui.html/**'], []
2021-12-29 13:54:54.707 [main] INFO  o.s.security.web.DefaultSecurityFilterChain - Creating filter chain: Ant [pattern='/home/**'], []
2021-12-29 13:54:54.707 [main] INFO  o.s.security.web.DefaultSecurityFilterChain - Creating filter chain: Ant [pattern='/swagger-resources/**'], []
2021-12-29 13:54:54.707 [main] INFO  o.s.security.web.DefaultSecurityFilterChain - Creating filter chain: Ant [pattern='/webjars/**'], []
2021-12-29 13:54:54.708 [main] INFO  o.s.security.web.DefaultSecurityFilterChain - Creating filter chain: Ant [pattern='/v2/**'], []
2021-12-29 13:54:54.708 [main] INFO  o.s.security.web.DefaultSecurityFilterChain - Creating filter chain: Ant [pattern='/swagger-ui.html/**'], []
2021-12-29 13:54:54.734 [main] INFO  o.s.security.web.DefaultSecurityFilterChain - Creating filter chain: Ant [pattern='/admin/**'], [org.springframework.security.web.context.request.async.WebAsyncManagerIntegrationFilter@470f0637, org.springframework.security.web.context.SecurityContextPersistenceFilter@4eb48298, org.springframework.security.web.header.HeaderWriterFilter@6bfbab1c, org.springframework.security.web.authentication.logout.LogoutFilter@10a064bd, com.redskt.security.filter.TokenLoginFilter@6b278b17, com.redskt.security.filter.TokenAuthenticationFilter@2ae5580, org.springframework.security.web.authentication.www.BasicAuthenticationFilter@3387ab0, org.springframework.security.web.savedrequest.RequestCacheAwareFilter@1e429f56, org.springframework.security.web.servletapi.SecurityContextHolderAwareRequestFilter@2ccecae2, org.springframework.security.web.authentication.AnonymousAuthenticationFilter@4203529f, org.springframework.security.web.session.SessionManagementFilter@3700994c, org.springframework.security.web.access.ExceptionTranslationFilter@749ee0e3, org.springframework.security.web.access.intercept.FilterSecurityInterceptor@278c998]
2021-12-29 13:54:54.736 [main] INFO  o.s.security.web.DefaultSecurityFilterChain - Creating filter chain: any request, [org.springframework.security.web.context.request.async.WebAsyncManagerIntegrationFilter@40c0437f, org.springframework.security.web.context.SecurityContextPersistenceFilter@1b5f960a, org.springframework.security.web.header.HeaderWriterFilter@36eb8e07, org.springframework.security.web.authentication.logout.LogoutFilter@51172948, com.redskt.security.filter.TokenLoginFilter@78b8f818, com.redskt.security.filter.TokenAuthenticationFilter@1e9d721, org.springframework.security.web.authentication.www.BasicAuthenticationFilter@2a20da9f, org.springframework.security.web.savedrequest.RequestCacheAwareFilter@53ddabc6, org.springframework.security.web.servletapi.SecurityContextHolderAwareRequestFilter@39ac8c0c, org.springframework.security.web.authentication.AnonymousAuthenticationFilter@2d3111a1, org.springframework.security.web.session.SessionManagementFilter@3df6494f, org.springframework.security.web.access.ExceptionTranslationFilter@ba86c53, org.springframework.security.web.access.intercept.FilterSecurityInterceptor@146db8a6]
2021-12-29 13:54:54.782 [main] INFO  s.d.s.web.plugins.DocumentationPluginsBootstrapper - Context refreshed
2021-12-29 13:54:54.805 [main] INFO  s.d.s.web.plugins.DocumentationPluginsBootstrapper - Found 1 custom documentation plugin(s)
2021-12-29 13:54:54.841 [main] INFO  s.d.spring.web.scanners.ApiListingReferenceScanner - Scanning for api listing references
2021-12-29 13:54:54.984 [main] INFO  s.d.s.w.r.operation.CachingOperationNameGenerator - Generating unique operation named: indexUsingGET_1
2021-12-29 13:54:54.988 [main] INFO  s.d.s.w.r.operation.CachingOperationNameGenerator - Generating unique operation named: indexUsingGET_2
2021-12-29 13:54:55.012 [main] INFO  s.d.s.w.r.operation.CachingOperationNameGenerator - Generating unique operation named: registerUserUsingPOST_1
2021-12-29 13:54:55.014 [main] INFO  s.d.s.w.r.operation.CachingOperationNameGenerator - Generating unique operation named: indexUsingGET_3
2021-12-29 13:54:55.016 [main] INFO  s.d.s.w.r.operation.CachingOperationNameGenerator - Generating unique operation named: getBookDetailUsingGET_1
2021-12-29 13:54:55.037 [main] INFO  org.apache.coyote.http11.Http11NioProtocol - Starting ProtocolHandler ["http-nio-8001"]
2021-12-29 13:54:55.058 [main] INFO  o.s.boot.web.embedded.tomcat.TomcatWebServer - Tomcat started on port(s): 8001 (http) with context path ''
2021-12-29 13:54:55.061 [main] INFO  com.redskt.classroom.RedClassApplication - Started RedClassApplication in 5.155 seconds (JVM running for 10.733)
2021-12-29 13:55:08.095 [http-nio-8001-exec-1] INFO  o.a.c.core.ContainerBase.[Tomcat].[localhost].[/] - Initializing Spring DispatcherServlet 'dispatcherServlet'
2021-12-29 13:55:08.096 [http-nio-8001-exec-1] INFO  org.springframework.web.servlet.DispatcherServlet - Initializing Servlet 'dispatcherServlet'
2021-12-29 13:55:08.106 [http-nio-8001-exec-1] INFO  org.springframework.web.servlet.DispatcherServlet - Completed initialization in 9 ms
2021-12-29 13:55:08.120 [http-nio-8001-exec-1] INFO  c.redskt.security.filter.TokenAuthenticationFilter - =================/ucenter/getUserInfo
2021-12-29 13:55:08.120 [http-nio-8001-exec-1] INFO  c.redskt.security.filter.TokenAuthenticationFilter - =================11
2021-12-29 13:55:08.120 [http-nio-8001-exec-1] INFO  c.redskt.security.filter.TokenAuthenticationFilter - =================12eyJhbGciOiJIUzUxMiIsInppcCI6IkdaSVAifQ.H4sIAAAAAAAAAKtWKi5NUrJSMjQzMzI2NDcwtDBX0lFKrShQsjI0MzEwN7cwNTSsBQBoiDfeJgAAAA.0TIEg3GJsjhxaxv2Hpp2_lKZdtJR6FpJtjIyeT-HtoBXToNanw_R7Iz4k1Of8x_EFhtdFSDvQv0ON46W_-5Fug
2021-12-29 13:55:08.279 [http-nio-8001-exec-1] INFO  io.lettuce.core.EpollProvider - Starting without optional epoll library
2021-12-29 13:55:08.281 [http-nio-8001-exec-1] INFO  io.lettuce.core.KqueueProvider - Starting without optional kqueue library
2021-12-29 13:55:13.556 [http-nio-8001-exec-1] INFO  c.redskt.security.filter.TokenAuthenticationFilter - =================3
2021-12-29 13:55:13.557 [http-nio-8001-exec-1] INFO  c.redskt.security.filter.TokenAuthenticationFilter - =================6
2021-12-29 13:55:13.557 [http-nio-8001-exec-1] INFO  c.redskt.security.filter.TokenAuthenticationFilter - =================8
2021-12-29 14:15:33.291 [http-nio-8001-exec-2] INFO  c.redskt.security.filter.TokenAuthenticationFilter - =================/ucenter/getUserInfo
2021-12-29 14:15:33.292 [http-nio-8001-exec-2] INFO  c.redskt.security.filter.TokenAuthenticationFilter - =================11
2021-12-29 14:15:33.292 [http-nio-8001-exec-2] INFO  c.redskt.security.filter.TokenAuthenticationFilter - =================12eyJhbGciOiJIUzUxMiIsInppcCI6IkdaSVAifQ.H4sIAAAAAAAAAKtWKi5NUrJSMjQzMzI2NDcwtDBX0lFKrShQsjI0MzEwN7cwNTSsBQBoiDfeJgAAAA.0TIEg3GJsjhxaxv2Hpp2_lKZdtJR6FpJtjIyeT-HtoBXToNanw_R7Iz4k1Of8x_EFhtdFSDvQv0ON46W_-5Fug
2021-12-29 14:15:33.340 [http-nio-8001-exec-2] INFO  c.redskt.security.filter.TokenAuthenticationFilter - =================3
2021-12-29 14:15:33.340 [http-nio-8001-exec-2] INFO  c.redskt.security.filter.TokenAuthenticationFilter - =================6
2021-12-29 14:15:33.340 [http-nio-8001-exec-2] INFO  c.redskt.security.filter.TokenAuthenticationFilter - =================8
2021-12-29 14:18:24.755 [http-nio-8001-exec-3] INFO  c.redskt.security.filter.TokenAuthenticationFilter - =================/ucenter/getUserInfo
2021-12-29 14:18:24.755 [http-nio-8001-exec-3] INFO  c.redskt.security.filter.TokenAuthenticationFilter - =================11
2021-12-29 14:18:24.756 [http-nio-8001-exec-3] INFO  c.redskt.security.filter.TokenAuthenticationFilter - =================12eyJhbGciOiJIUzUxMiIsInppcCI6IkdaSVAifQ.H4sIAAAAAAAAAKtWKi5NUrJSMjQzMzI2NDcwtDBX0lFKrShQsjI0MzEwN7cwNTSsBQBoiDfeJgAAAA.0TIEg3GJsjhxaxv2Hpp2_lKZdtJR6FpJtjIyeT-HtoBXToNanw_R7Iz4k1Of8x_EFhtdFSDvQv0ON46W_-5Fug
2021-12-29 14:18:24.801 [http-nio-8001-exec-3] INFO  c.redskt.security.filter.TokenAuthenticationFilter - =================3
2021-12-29 14:18:24.801 [http-nio-8001-exec-3] INFO  c.redskt.security.filter.TokenAuthenticationFilter - =================6
2021-12-29 14:18:24.801 [http-nio-8001-exec-3] INFO  c.redskt.security.filter.TokenAuthenticationFilter - =================8
2021-12-29 14:19:42.676 [SpringContextShutdownHook] INFO  o.s.scheduling.concurrent.ThreadPoolTaskExecutor - Shutting down ExecutorService 'applicationTaskExecutor'
2021-12-29 14:19:42.819 [SpringContextShutdownHook] INFO  com.zaxxer.hikari.HikariDataSource - HikariPool-1 - Shutdown initiated...
2021-12-29 14:19:42.828 [SpringContextShutdownHook] INFO  com.zaxxer.hikari.HikariDataSource - HikariPool-1 - Shutdown completed.
