2021-11-15 18:35:38.335 [main] INFO  com.redskt.classroom.RedClassApplication - Starting RedClassApplication on tanyuehongs-MacBook-Pro.local with PID 64363 (/Users/zyb/Documents/redcloudcollege/service/service_redclass/target/classes started by zyb in /Users/zyb/Documents/redcloudcollege)
2021-11-15 18:35:38.339 [main] INFO  com.redskt.classroom.RedClassApplication - The following profiles are active: dev
2021-11-15 18:35:39.016 [main] INFO  o.s.d.r.config.RepositoryConfigurationDelegate - Multiple Spring Data modules found, entering strict repository configuration mode!
2021-11-15 18:35:39.018 [main] INFO  o.s.d.r.config.RepositoryConfigurationDelegate - Bootstrapping Spring Data repositories in DEFAULT mode.
2021-11-15 18:35:39.040 [main] INFO  o.s.d.r.config.RepositoryConfigurationDelegate - Finished Spring Data repository scanning in 12ms. Found 0 repository interfaces.
2021-11-15 18:35:39.296 [main] INFO  o.s.c.s.PostProcessorRegistrationDelegate$BeanPostProcessorChecker - Bean 'redisConfig' of type [com.redskt.servicebase.RedisConfig$$EnhancerBySpringCGLIB$$f4e70af4] is not eligible for getting processed by all BeanPostProcessors (for example: not eligible for auto-proxying)
2021-11-15 18:35:39.301 [main] INFO  o.s.c.s.PostProcessorRegistrationDelegate$BeanPostProcessorChecker - Bean 'org.springframework.transaction.annotation.ProxyTransactionManagementConfiguration' of type [org.springframework.transaction.annotation.ProxyTransactionManagementConfiguration] is not eligible for getting processed by all BeanPostProcessors (for example: not eligible for auto-proxying)
2021-11-15 18:35:39.561 [main] INFO  o.s.boot.web.embedded.tomcat.TomcatWebServer - Tomcat initialized with port(s): 8001 (http)
2021-11-15 18:35:39.569 [main] INFO  org.apache.coyote.http11.Http11NioProtocol - Initializing ProtocolHandler ["http-nio-8001"]
2021-11-15 18:35:39.569 [main] INFO  org.apache.catalina.core.StandardService - Starting service [Tomcat]
2021-11-15 18:35:39.569 [main] INFO  org.apache.catalina.core.StandardEngine - Starting Servlet engine: [Apache Tomcat/9.0.27]
2021-11-15 18:35:39.640 [main] INFO  o.a.c.core.ContainerBase.[Tomcat].[localhost].[/] - Initializing Spring embedded WebApplicationContext
2021-11-15 18:35:39.640 [main] INFO  org.springframework.web.context.ContextLoader - Root WebApplicationContext: initialization completed in 1272 ms
2021-11-15 18:35:39.792 [main] INFO  com.zaxxer.hikari.HikariDataSource - HikariPool-1 - Starting...
2021-11-15 18:35:40.632 [main] INFO  com.zaxxer.hikari.HikariDataSource - HikariPool-1 - Start completed.
2021-11-15 18:35:41.660 [main] INFO  s.d.s.w.PropertySourcedRequestMappingHandlerMapping - Mapped URL path [/v2/api-docs] onto method [springfox.documentation.swagger2.web.Swagger2Controller#getDocumentation(String, HttpServletRequest)]
2021-11-15 18:35:41.752 [main] INFO  o.s.scheduling.concurrent.ThreadPoolTaskExecutor - Initializing ExecutorService 'applicationTaskExecutor'
2021-11-15 18:35:42.007 [main] INFO  o.s.security.web.DefaultSecurityFilterChain - Creating filter chain: Ant [pattern='/home/**'], []
2021-11-15 18:35:42.008 [main] INFO  o.s.security.web.DefaultSecurityFilterChain - Creating filter chain: Ant [pattern='/swagger-resources/**'], []
2021-11-15 18:35:42.008 [main] INFO  o.s.security.web.DefaultSecurityFilterChain - Creating filter chain: Ant [pattern='/webjars/**'], []
2021-11-15 18:35:42.008 [main] INFO  o.s.security.web.DefaultSecurityFilterChain - Creating filter chain: Ant [pattern='/v2/**'], []
2021-11-15 18:35:42.008 [main] INFO  o.s.security.web.DefaultSecurityFilterChain - Creating filter chain: Ant [pattern='/swagger-ui.html/**'], []
2021-11-15 18:35:42.008 [main] INFO  o.s.security.web.DefaultSecurityFilterChain - Creating filter chain: Ant [pattern='/home/**'], []
2021-11-15 18:35:42.008 [main] INFO  o.s.security.web.DefaultSecurityFilterChain - Creating filter chain: Ant [pattern='/swagger-resources/**'], []
2021-11-15 18:35:42.008 [main] INFO  o.s.security.web.DefaultSecurityFilterChain - Creating filter chain: Ant [pattern='/webjars/**'], []
2021-11-15 18:35:42.008 [main] INFO  o.s.security.web.DefaultSecurityFilterChain - Creating filter chain: Ant [pattern='/v2/**'], []
2021-11-15 18:35:42.008 [main] INFO  o.s.security.web.DefaultSecurityFilterChain - Creating filter chain: Ant [pattern='/swagger-ui.html/**'], []
2021-11-15 18:35:42.035 [main] INFO  o.s.security.web.DefaultSecurityFilterChain - Creating filter chain: Ant [pattern='/admin/**'], [org.springframework.security.web.context.request.async.WebAsyncManagerIntegrationFilter@7be859de, org.springframework.security.web.context.SecurityContextPersistenceFilter@119f072c, org.springframework.security.web.header.HeaderWriterFilter@7d90764a, org.springframework.security.web.authentication.logout.LogoutFilter@6c9e74f3, com.redskt.security.filter.TokenLoginFilter@40fcaae7, com.redskt.security.filter.TokenAuthenticationFilter@7fa85a55, org.springframework.security.web.authentication.www.BasicAuthenticationFilter@113c4ad6, org.springframework.security.web.savedrequest.RequestCacheAwareFilter@69944a90, org.springframework.security.web.servletapi.SecurityContextHolderAwareRequestFilter@54e18a46, org.springframework.security.web.authentication.AnonymousAuthenticationFilter@cb1c58c, org.springframework.security.web.session.SessionManagementFilter@147375b3, org.springframework.security.web.access.ExceptionTranslationFilter@5305f936, org.springframework.security.web.access.intercept.FilterSecurityInterceptor@4258106]
2021-11-15 18:35:42.037 [main] INFO  o.s.security.web.DefaultSecurityFilterChain - Creating filter chain: any request, [org.springframework.security.web.context.request.async.WebAsyncManagerIntegrationFilter@1f57666b, org.springframework.security.web.context.SecurityContextPersistenceFilter@23c00420, org.springframework.security.web.header.HeaderWriterFilter@547052, org.springframework.security.web.authentication.logout.LogoutFilter@21c5c68a, com.redskt.security.filter.TokenLoginFilter@7944c323, com.redskt.security.filter.TokenAuthenticationFilter@637d111d, org.springframework.security.web.authentication.www.BasicAuthenticationFilter@583030bd, org.springframework.security.web.savedrequest.RequestCacheAwareFilter@22f046b, org.springframework.security.web.servletapi.SecurityContextHolderAwareRequestFilter@215a329c, org.springframework.security.web.authentication.AnonymousAuthenticationFilter@3a917017, org.springframework.security.web.session.SessionManagementFilter@3ca3eba2, org.springframework.security.web.access.ExceptionTranslationFilter@69d902f9, org.springframework.security.web.access.intercept.FilterSecurityInterceptor@1fd0ae78]
2021-11-15 18:35:42.079 [main] INFO  s.d.s.web.plugins.DocumentationPluginsBootstrapper - Context refreshed
2021-11-15 18:35:42.089 [main] INFO  s.d.s.web.plugins.DocumentationPluginsBootstrapper - Found 1 custom documentation plugin(s)
2021-11-15 18:35:42.112 [main] INFO  s.d.spring.web.scanners.ApiListingReferenceScanner - Scanning for api listing references
2021-11-15 18:35:42.223 [main] INFO  s.d.s.w.r.operation.CachingOperationNameGenerator - Generating unique operation named: registerUserUsingPOST_1
2021-11-15 18:35:42.225 [main] INFO  s.d.s.w.r.operation.CachingOperationNameGenerator - Generating unique operation named: indexUsingGET_1
2021-11-15 18:35:42.228 [main] INFO  s.d.s.w.r.operation.CachingOperationNameGenerator - Generating unique operation named: getBookDetailUsingGET_1
2021-11-15 18:35:42.246 [main] INFO  org.apache.coyote.http11.Http11NioProtocol - Starting ProtocolHandler ["http-nio-8001"]
2021-11-15 18:35:42.271 [main] INFO  o.s.boot.web.embedded.tomcat.TomcatWebServer - Tomcat started on port(s): 8001 (http) with context path ''
2021-11-15 18:35:42.274 [main] INFO  com.redskt.classroom.RedClassApplication - Started RedClassApplication in 4.26 seconds (JVM running for 9.774)
