2022-02-07 17:04:37.270 [http-nio-8001-exec-9] ERROR c.r.s.excepionhandler.GlobalExceptionHandler - 
### Error updating database.  Cause: java.sql.SQLIntegrityConstraintViolationException: Duplicate entry '1490612448999546881' for key 'red_blog_good.PRIMARY'
### The error may involve com.redskt.classroom.mapper.RedBlogGoodMapper.insert-Inline
### The error occurred while setting parameters
### SQL: INSERT INTO red_blog_good  ( id, uid, bid,  gmt_create, gmt_modified )  VALUES  ( ?, ?, ?,  ?, ? )
### Cause: java.sql.SQLIntegrityConstraintViolationException: Duplicate entry '1490612448999546881' for key 'red_blog_good.PRIMARY'
; Duplicate entry '1490612448999546881' for key 'red_blog_good.PRIMARY'; nested exception is java.sql.SQLIntegrityConstraintViolationException: Duplicate entry '1490612448999546881' for key 'red_blog_good.PRIMARY'
2022-02-07 17:05:01.067 [http-nio-8001-exec-7] ERROR c.r.s.excepionhandler.GlobalExceptionHandler - 
### Error updating database.  Cause: java.sql.SQLIntegrityConstraintViolationException: Duplicate entry '1490612548723318786' for key 'red_blog_good.PRIMARY'
### The error may involve com.redskt.classroom.mapper.RedBlogGoodMapper.insert-Inline
### The error occurred while setting parameters
### SQL: INSERT INTO red_blog_good  ( id, uid, bid,  gmt_create, gmt_modified )  VALUES  ( ?, ?, ?,  ?, ? )
### Cause: java.sql.SQLIntegrityConstraintViolationException: Duplicate entry '1490612548723318786' for key 'red_blog_good.PRIMARY'
; Duplicate entry '1490612548723318786' for key 'red_blog_good.PRIMARY'; nested exception is java.sql.SQLIntegrityConstraintViolationException: Duplicate entry '1490612548723318786' for key 'red_blog_good.PRIMARY'
2022-02-07 17:07:10.502 [http-nio-8001-exec-1] ERROR c.r.s.excepionhandler.GlobalExceptionHandler - 
### Error updating database.  Cause: java.sql.SQLIntegrityConstraintViolationException: Duplicate entry '1490613091583680513' for key 'red_blog_good.PRIMARY'
### The error may involve com.redskt.classroom.mapper.RedBlogGoodMapper.insert-Inline
### The error occurred while setting parameters
### SQL: INSERT INTO red_blog_good  ( id, uid, bid, is_deleted, gmt_create, gmt_modified )  VALUES  ( ?, ?, ?, ?, ?, ? )
### Cause: java.sql.SQLIntegrityConstraintViolationException: Duplicate entry '1490613091583680513' for key 'red_blog_good.PRIMARY'
; Duplicate entry '1490613091583680513' for key 'red_blog_good.PRIMARY'; nested exception is java.sql.SQLIntegrityConstraintViolationException: Duplicate entry '1490613091583680513' for key 'red_blog_good.PRIMARY'
2022-02-07 17:09:29.586 [http-nio-8001-exec-4] ERROR c.r.s.excepionhandler.GlobalExceptionHandler - nested exception is org.apache.ibatis.exceptions.PersistenceException: 
### Error updating database.  Cause: com.baomidou.mybatisplus.core.exceptions.MybatisPlusException:  The SQL execution time is too large, please optimize ! 
### The error may involve com.redskt.classroom.mapper.RedBlogGoodMapper.delete-Inline
### The error occurred while setting parameters
### SQL: UPDATE red_blog_good SET is_deleted=1  WHERE  is_deleted=0   AND bid = ? AND uid = ?
### Cause: com.baomidou.mybatisplus.core.exceptions.MybatisPlusException:  The SQL execution time is too large, please optimize ! 
2022-02-07 17:09:29.627 [http-nio-8001-exec-8] ERROR c.r.s.excepionhandler.GlobalExceptionHandler - nested exception is org.apache.ibatis.exceptions.PersistenceException: 
### Error updating database.  Cause: com.baomidou.mybatisplus.core.exceptions.MybatisPlusException:  The SQL execution time is too large, please optimize ! 
### The error may involve com.redskt.classroom.mapper.RedBlogGoodMapper.updateById-Inline
### The error occurred while setting parameters
### SQL: UPDATE red_blog_good  SET uid=?, bid=?,  gmt_modified=?  WHERE id=?   AND is_deleted=0
### Cause: com.baomidou.mybatisplus.core.exceptions.MybatisPlusException:  The SQL execution time is too large, please optimize ! 
2022-02-07 17:09:31.809 [http-nio-8001-exec-1] ERROR c.r.s.excepionhandler.GlobalExceptionHandler - nested exception is org.apache.ibatis.exceptions.PersistenceException: 
### Error updating database.  Cause: com.baomidou.mybatisplus.core.exceptions.MybatisPlusException:  The SQL execution time is too large, please optimize ! 
### The error may involve com.redskt.classroom.mapper.RedBlogGoodMapper.insert-Inline
### The error occurred while setting parameters
### SQL: INSERT INTO red_blog_good  ( id, uid, bid, is_deleted, gmt_create, gmt_modified )  VALUES  ( ?, ?, ?, ?, ?, ? )
### Cause: com.baomidou.mybatisplus.core.exceptions.MybatisPlusException:  The SQL execution time is too large, please optimize ! 
2022-02-07 17:10:47.129 [http-nio-8001-exec-10] ERROR c.r.s.excepionhandler.GlobalExceptionHandler - 
### Error updating database.  Cause: java.sql.SQLIntegrityConstraintViolationException: Duplicate entry '1490613688764489729' for key 'red_blog_good.PRIMARY'
### The error may involve com.redskt.classroom.mapper.RedBlogGoodMapper.insert-Inline
### The error occurred while setting parameters
### SQL: INSERT INTO red_blog_good  ( id, uid, bid, is_deleted, gmt_create, gmt_modified )  VALUES  ( ?, ?, ?, ?, ?, ? )
### Cause: java.sql.SQLIntegrityConstraintViolationException: Duplicate entry '1490613688764489729' for key 'red_blog_good.PRIMARY'
; Duplicate entry '1490613688764489729' for key 'red_blog_good.PRIMARY'; nested exception is java.sql.SQLIntegrityConstraintViolationException: Duplicate entry '1490613688764489729' for key 'red_blog_good.PRIMARY'
